Log file open, 09/22/14 10:06:25
LogInit:Display: Running engine for game: BluePRintTwo
LogInit: Version: 4.4.3-2296771+++depot+UE4-Releases+4.4
LogInit: API Version: 2255576
LogInit: Compiled (64-bit): Sep 13 2014 22:30:58
LogInit: Build Configuration: Development
LogInit: Branch Name: ++depot+UE4-Releases+4.4
LogInit: Command line: 
LogInit: Base directory: C:/Program Files/Unreal Engine/4.4/Engine/Binaries/Win64/
LogInit: Rocket: 1
[2014.09.22-16.06.25:177][  0]LogTaskGraph: Started task graph with 3 named threads and 4 total threads.
[2014.09.22-16.06.25:205][  0]LogOnline:Warning: No default platform service specified for OnlineSubsystem
[2014.09.22-16.06.25:211][  0]LogInit: Presizing for 0 objects not considered by GC, pre-allocating 0 bytes.
[2014.09.22-16.06.25:217][  0]LogInit: Object subsystem initialized
[2014.09.22-16.06.25:219][  0]LogInit: Selected Device Profile: [Windows]
[2014.09.22-16.06.25:219][  0]LogInit: Applying CVar settings loaded from the selected device profile: [Windows]
[2014.09.22-16.06.25:268][  0]LogInit: Computer: JACK-PC
[2014.09.22-16.06.25:268][  0]LogInit: User: jack
[2014.09.22-16.06.25:269][  0]LogInit: CPU Page size=4096, Cores=4
[2014.09.22-16.06.25:269][  0]LogInit: High frequency timer resolution =3.020517 MHz
[2014.09.22-16.06.25:269][  0]LogMemory: Memory total: Physical=7.9GB (8GB approx) Virtual=8192.0GB
[2014.09.22-16.06.25:269][  0]LogMemory: Platform Memory Stats for Windows
[2014.09.22-16.06.25:269][  0]LogMemory: Process Physical Memory: 59.95 MB used, 59.95 MB peak
[2014.09.22-16.06.25:269][  0]LogMemory: Process Virtual Memory: 37.29 MB used, 37.29 MB peak
[2014.09.22-16.06.25:269][  0]LogMemory: Physical Memory: 4589.71 MB used, 8124.80 MB total
[2014.09.22-16.06.25:269][  0]LogMemory: Virtual Memory: 259.38 MB used, 8388608.00 MB total
[2014.09.22-16.06.25:287][  0]LogD3D11RHI: Found D3D11 adapter 0: AMD Radeon HD 7800 Series (Feature Level 11_0)
[2014.09.22-16.06.25:288][  0]LogD3D11RHI: Adapter has 2030MB of dedicated video memory, 0MB of dedicated system memory, and 3806MB of shared system memory, 2 output[s]
[2014.09.22-16.06.25:288][  0]LogD3D11RHI: Chosen D3D11 Adapter Id = 0
[2014.09.22-16.06.25:293][  0]LogRHI: Texture pool is 1361 MB (70% of 1945 MB)
[2014.09.22-16.06.25:297][  0]LogD3D11RHI: Async texture creation disabled: no driver support
[2014.09.22-16.06.25:403][  0]LogContentStreaming: Texture pool size is 0.000000MB
[2014.09.22-16.06.26:736][  0]LogTargetPlatformManager:Display: Building Assets For Windows
[2014.09.22-16.06.27:044][  0]LogTargetPlatformManager:Display: Building Assets For Windows
[2014.09.22-16.06.27:074][  0]LogDerivedDataCache:Display: Max Cache Size: 512 MB
[2014.09.22-16.06.27:126][  0]LogDerivedDataCache: Loaded boot cache 0.05s 39MB C:/Users/jack/AppData/Local/UnrealEngine/4.4/DerivedDataCache/Boot.ddc.
[2014.09.22-16.06.27:126][  0]LogDerivedDataCache:Display: Loaded Boot cache: C:/Users/jack/AppData/Local/UnrealEngine/4.4/DerivedDataCache/Boot.ddc
[2014.09.22-16.06.27:126][  0]LogDerivedDataCache: FDerivedDataBackendGraph:  Pak pak cache file ../../../../../../Users/jack/Documents/Unreal Projects/BluePRintTwo/DerivedDataCache/DDC.ddp not found, will not use a pak cache.
[2014.09.22-16.06.27:126][  0]LogDerivedDataCache: Unable to find inner node Pak for hierarchical cache Hierarchy.
[2014.09.22-16.06.27:144][  0]LogDerivedDataCache:Display: Pak cache opened for reading ../../../Engine/DerivedDataCache/DDC.ddp.
[2014.09.22-16.06.27:155][  0]LogDerivedDataCache: Using Local data cache path C:/Users/jack/AppData/Local/UnrealEngine/4.4/DerivedDataCache: Writable
[2014.09.22-16.06.27:297][  0]LogMeshUtilities: No automatic mesh reduction module available
[2014.09.22-16.06.27:297][  0]LogMeshUtilities: No automatic mesh merging module available
[2014.09.22-16.06.27:586][  0]LogInit: WinSock: version 1.1 (2.2), MaxSocks=32767, MaxUdp=65467
[2014.09.22-16.06.28:218][  0]LogStats:Warning: MetaData mismatch. Did you assign a stat to two groups? New //STATGROUP_Threads//FMonitoredProcess///Thread_1880_0///////STATCAT_Advanced//// old //STATGROUP_Threads//FMonitoredProcess///Thread_210c_0///////STATCAT_Advanced////
[2014.09.22-16.06.28:218][  0]UdpMessaging: Initializing bridge on interface 0.0.0.0:0 to multicast group 230.0.0.1:6666.
[2014.09.22-16.06.28:301][  0]SourceControl: Info Source control is disabled
[2014.09.22-16.06.28:301][  0]SourceControl: Info Source control is disabled
[2014.09.22-16.06.28:305][  0]SourceControl: Info Source control is disabled
[2014.09.22-16.06.28:425][  0]BlueprintLog: New page: Editor Load
[2014.09.22-16.06.28:505][  0]LogObj: 21438 objects as part of root set at end of initial load.
[2014.09.22-16.06.28:505][  0]LogUObjectAllocator: 4218648 out of 0 bytes used by permanent object pool.
[2014.09.22-16.06.28:650][  0]LogEngine: Initializing Engine...
[2014.09.22-16.06.28:741][  0]LogInit: XAudio2 using 'Speakers (Realtek High Definition Audio)' : 2 channels at 48 kHz using 32 bits per sample (channel mask 0x3)
[2014.09.22-16.06.28:772][  0]LogInit: FAudioDevice initialized.
[2014.09.22-16.06.28:783][  0]LogAIModule: Creating AISystem for world NewWorld
[2014.09.22-16.06.28:810][  0]LogDerivedDataCache: Saved boot cache 0.03s 39MB C:/Users/jack/AppData/Local/UnrealEngine/4.4/DerivedDataCache/Boot.ddc.
[2014.09.22-16.06.28:820][  0]LogInit: Texture streaming: Enabled
[2014.09.22-16.06.28:839][  0]LogInit: Transaction tracking system initialized
[2014.09.22-16.06.28:910][  0]LogAssetRegistry: FAssetRegistry took 0.0093 seconds to start up
[2014.09.22-16.06.29:247][  0]LogTargetPlatformManager:Display: Building Assets For Windows
[2014.09.22-16.06.29:508][  0]LogTargetPlatformManager:Display: Building Assets For Windows
[2014.09.22-16.06.29:593][  0]LogConsoleResponse:Display: 
[2014.09.22-16.06.29:710][  0]LogStats:Warning: MetaData mismatch. Did you assign a stat to two groups? New //STATGROUP_Threads//FMonitoredProcess///Thread_1d78_0///////STATCAT_Advanced//// old //STATGROUP_Threads//FMonitoredProcess///Thread_210c_0///////STATCAT_Advanced////
[2014.09.22-16.06.29:711][  0]LogStats:Warning: MetaData mismatch. Did you assign a stat to two groups? New //STATGROUP_Threads//FMonitoredProcess///Thread_14e0_0///////STATCAT_Advanced//// old //STATGROUP_Threads//FMonitoredProcess///Thread_210c_0///////STATCAT_Advanced////
[2014.09.22-16.06.29:711][  0]SourceControl: Info Source control is disabled
[2014.09.22-16.06.29:711][  0]Cmd: MAP LOAD FILE="../../../../../../Users/jack/Documents/Unreal Projects/BluePRintTwo/Content/Maps/Minimal_Default.umap" TEMPLATE=0 SHOWPROGRESS=1
[2014.09.22-16.06.29:711][  0]LightingResults: New page: Lighting Build
[2014.09.22-16.06.29:716][  0]MapCheck: New page: Map Check
[2014.09.22-16.06.29:716][  0]LightingResults: New page: Lighting Build
[2014.09.22-16.06.29:729][  0]LogParticles: Destroying 0 GPU particle simulations for FXSystem 0x00000000126F9300
[2014.09.22-16.06.29:943][  0]LogEditorServer: Finished looking for orphan Actors (0.000 secs)
[2014.09.22-16.06.29:943][  0]LogAIModule: Creating AISystem for world Minimal_Default
[2014.09.22-16.06.29:943][  0]Cmd: MAP CHECKDEP
[2014.09.22-16.06.29:943][  0]MapCheck: New page: Minimal_Default - Sep 22, 2014, 4:06:29 AM
[2014.09.22-16.06.29:986][  0]MapCheck: Info ========== Map Check: 0 Error(s), 0 Warning(s), [42.796ms] ==========
[2014.09.22-16.06.29:986][  0]LogFileHelpers: Loading map 'Minimal_Default' took 0.275
[2014.09.22-16.06.30:119][  0]LogCollectionManager: Loaded 0 collections in 0.000760 seconds
[2014.09.22-16.06.30:185][  0]LogCrashTracker: Crashtracker disabled due to settings.
[2014.09.22-16.06.30:232][  0]LogLoad: Full Startup: 7.25 seconds (BP compile: 0.06 seconds)
[2014.09.22-16.06.30:357][  0]LogRenderer:Warning: Reallocating scene render targets to support 1136x936.
[2014.09.22-16.06.32:740][186]LogAssetRegistry: Asset discovery search completed in 3.8389 seconds
[2014.09.22-16.06.37:861][634]LogContentBrowser:Verbose: The content browser source was changed by the sources view to '/Game/Architecture'
[2014.09.22-16.06.40:076][822]LogContentBrowser:Verbose: The content browser source was changed by the sources view to '/Game/Shapes'
[2014.09.22-16.06.40:877][898]LogContentBrowser:Verbose: The content browser source was changed by the sources view to '/Game/Props'
[2014.09.22-16.07.29:887][336]LogEditorViewport: Clicking on Actor (LMB): BP_Sky_Sphere_C (BP_Sky_Sphere)
[2014.09.22-16.08.04:599][397]LogSlate:Warning: Prevented a slow task dialog from being summoned while a context menu was open
[2014.09.22-16.08.13:845][890]LogRenderer:Warning: Reallocating scene render targets to support 1352x936.
[2014.09.22-16.10.14:475][ 17]LogEditorViewport: Clicking on Actor (LMB): TargetPoint (TargetPoint1)
[2014.09.22-16.10.14:581][ 22]LogEditorViewport: Clicking on Actor (double click): TargetPoint (TargetPoint1)
[2014.09.22-16.10.20:067][288]LogSlate:Warning: GetFontFace failed to load or process 'Roboto-Regular'
[2014.09.22-16.10.20:067][288]LogSlate:Warning: GetFontFace failed to load or process 'Roboto-Regular'
[2014.09.22-16.10.20:067][288]LogSlate:Warning: GetFontFace failed to load or process 'Roboto-Regular'
[2014.09.22-16.10.20:067][288]LogSlate:Warning: GetFontFace failed to load or process 'Roboto-Regular'
[2014.09.22-16.10.20:067][288]LogSlate:Warning: GetFontFace failed to load or process 'Roboto-Regular'
[2014.09.22-16.10.20:067][288]LogSlate:Warning: GetFontFace failed to load or process 'Roboto-Regular'
[2014.09.22-16.10.20:067][288]LogSlate:Warning: GetFontFace failed to load or process 'Roboto-Regular'
[2014.09.22-16.10.20:067][288]LogSlate:Warning: GetFontFace failed to load or process 'Roboto-Regular'
[2014.09.22-16.10.20:067][288]LogSlate:Warning: GetFontFace failed to load or process 'Roboto-Regular'
[2014.09.22-16.10.20:067][288]LogSlate:Warning: GetFontFace failed to load or process 'Roboto-Regular'
[2014.09.22-16.10.20:067][288]LogSlate:Warning: GetFontFace failed to load or process 'Roboto-Regular'
[2014.09.22-16.10.20:067][288]LogSlate:Warning: GetFontFace failed to load or process 'Roboto-Regular'
[2014.09.22-16.10.20:067][288]LogSlate:Warning: GetFontFace failed to load or process 'Roboto-Regular'
[2014.09.22-16.10.20:067][288]LogSlate:Warning: GetFontFace failed to load or process 'Roboto-Regular'
[2014.09.22-16.10.20:067][288]LogSlate:Warning: GetFontFace failed to load or process 'Roboto-Regular'
[2014.09.22-16.10.20:067][288]LogSlate:Warning: GetFontFace failed to load or process 'Roboto-Regular'
[2014.09.22-16.10.20:068][288]LogSlate:Warning: GetFontFace failed to load or process 'Roboto-Regular'
[2014.09.22-16.10.20:068][288]LogSlate:Warning: GetFontFace failed to load or process 'Roboto-Regular'
[2014.09.22-16.11.15:450][300]LogSlate:Warning: GetFontFace failed to load or process 'Roboto-Regular'
[2014.09.22-16.11.15:450][300]LogSlate:Warning: GetFontFace failed to load or process 'Roboto-Regular'
[2014.09.22-16.11.15:450][300]LogSlate:Warning: GetFontFace failed to load or process 'Roboto-Regular'
[2014.09.22-16.11.15:450][300]LogSlate:Warning: GetFontFace failed to load or process 'Roboto-Regular'
[2014.09.22-16.12.19:120][665]LogSlate:Warning: GetFontFace failed to load or process 'Roboto-Regular'
[2014.09.22-16.12.19:120][665]LogSlate:Warning: GetFontFace failed to load or process 'Roboto-Regular'
[2014.09.22-16.12.19:120][665]LogSlate:Warning: GetFontFace failed to load or process 'Roboto-Regular'
[2014.09.22-16.12.19:120][665]LogSlate:Warning: GetFontFace failed to load or process 'Roboto-Regular'
[2014.09.22-16.12.19:120][665]LogSlate:Warning: GetFontFace failed to load or process 'Roboto-Regular'
[2014.09.22-16.12.19:121][665]LogSlate:Warning: GetFontFace failed to load or process 'Roboto-Regular'
[2014.09.22-16.12.19:121][665]LogSlate:Warning: GetFontFace failed to load or process 'Roboto-Regular'
[2014.09.22-16.12.36:538][614]BlueprintLog: New page: Compile Minimal_Default
[2014.09.22-16.12.36:686][614]LogParticles: Destroying 0 GPU particle simulations for FXSystem 0x000000000E243F60
[2014.09.22-16.12.36:687][614]LogParticles: Destroying 0 GPU particle simulations for FXSystem 0x000000001E64B600
[2014.09.22-16.12.36:705][614]BlueprintEditorCompileResults: Info [0373.59] Compile of Minimal_Default successful! [in 32 ms]
[2014.09.22-16.12.42:341][937]BlueprintLog: New page: Pre-PIE auto-recompile
[2014.09.22-16.12.42:341][937]LogPlayLevel: [PIE] Compiling DropRocks before PIE...
[2014.09.22-16.12.42:378][937]LogPlayLevel: [PIE] Compiling Minimal_Default before PIE...
[2014.09.22-16.12.42:443][937]LogPlayLevel: PIE:  Blueprint regeneration took 102 ms (2 blueprints)
[2014.09.22-16.12.42:443][937]PIE: New page: SIE session: Minimal_Default (Sep 22, 2014, 4:12:42 AM)
[2014.09.22-16.12.42:447][937]LogPlayLevel: PIE: StaticDuplicateObject took: (0.003572s)
[2014.09.22-16.12.42:448][937]LogPlayLevel: PIE: World Init took: (0.000921s)
[2014.09.22-16.12.42:448][937]LogPlayLevel: PIE: Created PIE world by copying editor world from /Game/Maps/Minimal_Default.Minimal_Default to /Game/Maps/UEDPIE_0_Minimal_Default.Minimal_Default (0.004696s)
[2014.09.22-16.12.42:487][937]LogWorld: Game class is 'GameMode'
[2014.09.22-16.12.42:488][937]LogAIModule: Creating AISystem for world Minimal_Default
[2014.09.22-16.12.42:490][937]LogWorld: Bringing World /Game/Maps/UEDPIE_0_Minimal_Default.Minimal_Default up for play (max tick rate 0) at 2014.09.22-10.12.42
[2014.09.22-16.12.42:490][937]LogWorld: Bringing up level for play took: 0.001317
[2014.09.22-16.12.42:491][937]PIE: Info Play in editor start time for /Game/Maps/UEDPIE_0_Minimal_Default 0.8
[2014.09.22-16.12.42:551][938]LogRenderer:Warning: Reallocating scene render targets to support 1352x944.
[2014.09.22-16.12.49:184][330]LogParticles: Destroying 0 GPU particle simulations for FXSystem 0x000000001D1E4680
[2014.09.22-16.12.49:644][362]BlueprintLog: New page: Pre-PIE auto-recompile
[2014.09.22-16.12.49:644][362]LogPlayLevel: [PIE] Compiling Minimal_Default before PIE...
[2014.09.22-16.12.49:693][362]LogPlayLevel: PIE:  Blueprint regeneration took 49 ms (1 blueprints)
[2014.09.22-16.12.49:693][362]PIE: New page: PIE session: Minimal_Default (Sep 22, 2014, 4:12:49 AM)
[2014.09.22-16.12.49:697][362]LogPlayLevel: PIE: StaticDuplicateObject took: (0.003166s)
[2014.09.22-16.12.49:698][362]LogPlayLevel: PIE: World Init took: (0.001473s)
[2014.09.22-16.12.49:698][362]LogPlayLevel: PIE: Created PIE world by copying editor world from /Game/Maps/Minimal_Default.Minimal_Default to /Game/Maps/UEDPIE_0_Minimal_Default.Minimal_Default (0.004937s)
[2014.09.22-16.12.49:728][362]LogWorld: Game class is 'GameMode'
[2014.09.22-16.12.49:729][362]LogAIModule: Creating AISystem for world Minimal_Default
[2014.09.22-16.12.49:730][362]LogWorld: Bringing World /Game/Maps/UEDPIE_0_Minimal_Default.Minimal_Default up for play (max tick rate 0) at 2014.09.22-10.12.49
[2014.09.22-16.12.49:730][362]LogWorld: Bringing up level for play took: 0.001177
[2014.09.22-16.12.49:731][362]PIE: Info Play in editor start time for /Game/Maps/UEDPIE_0_Minimal_Default 0.04
[2014.09.22-16.13.01:369][476]LogParticles: Destroying 0 GPU particle simulations for FXSystem 0x000000001D1E4220
[2014.09.22-16.13.09:205][876]LogEditorViewport: Clicking on Actor (context menu): StaticMeshActor (Chair)
[2014.09.22-16.13.09:950][915]LogEditorViewport: Clicking on Actor (LMB): BP_Sky_Sphere_C (BP_Sky_Sphere)
[2014.09.22-16.13.31:662][434]BlueprintLog: New page: Pre-PIE auto-recompile
[2014.09.22-16.13.31:662][434]LogPlayLevel: [PIE] Compiling Minimal_Default before PIE...
[2014.09.22-16.13.31:711][434]LogPlayLevel: PIE:  Blueprint regeneration took 49 ms (1 blueprints)
[2014.09.22-16.13.31:711][434]PIE: New page: PIE session: Minimal_Default (Sep 22, 2014, 4:13:31 AM)
[2014.09.22-16.13.31:714][434]LogPlayLevel: PIE: StaticDuplicateObject took: (0.003098s)
[2014.09.22-16.13.31:715][434]LogPlayLevel: PIE: World Init took: (0.000873s)
[2014.09.22-16.13.31:715][434]LogPlayLevel: PIE: Created PIE world by copying editor world from /Game/Maps/Minimal_Default.Minimal_Default to /Game/Maps/UEDPIE_0_Minimal_Default.Minimal_Default (0.004132s)
[2014.09.22-16.13.31:746][434]LogWorld: Game class is 'GameMode'
[2014.09.22-16.13.31:749][434]LogAIModule: Creating AISystem for world Minimal_Default
[2014.09.22-16.13.31:750][434]LogWorld: Bringing World /Game/Maps/UEDPIE_0_Minimal_Default.Minimal_Default up for play (max tick rate 0) at 2014.09.22-10.13.31
[2014.09.22-16.13.31:751][434]LogWorld: Bringing up level for play took: 0.002092
[2014.09.22-16.13.31:752][434]PIE: Info Play in editor start time for /Game/Maps/UEDPIE_0_Minimal_Default 0.061
[2014.09.22-16.13.39:132][135]LogParticles: Destroying 0 GPU particle simulations for FXSystem 0x0000000012ED2F20
[2014.09.22-16.13.59:963][402]BlueprintLog: New page: Compile Minimal_Default
[2014.09.22-16.14.00:032][402]BlueprintEditorCompileResults: Info [0456.98] Compile of Minimal_Default successful! [in 1 ms]
[2014.09.22-16.14.03:553][627]BlueprintLog: New page: Pre-PIE auto-recompile
[2014.09.22-16.14.03:553][627]LogPlayLevel: [PIE] Compiling Minimal_Default before PIE...
[2014.09.22-16.14.03:612][627]LogPlayLevel: PIE:  Blueprint regeneration took 58 ms (1 blueprints)
[2014.09.22-16.14.03:612][627]PIE: New page: SIE session: Minimal_Default (Sep 22, 2014, 4:14:03 AM)
[2014.09.22-16.14.03:615][627]LogPlayLevel: PIE: StaticDuplicateObject took: (0.003278s)
[2014.09.22-16.14.03:616][627]LogPlayLevel: PIE: World Init took: (0.000828s)
[2014.09.22-16.14.03:616][627]LogPlayLevel: PIE: Created PIE world by copying editor world from /Game/Maps/Minimal_Default.Minimal_Default to /Game/Maps/UEDPIE_0_Minimal_Default.Minimal_Default (0.004320s)
[2014.09.22-16.14.03:646][627]LogWorld: Game class is 'GameMode'
[2014.09.22-16.14.03:647][627]LogAIModule: Creating AISystem for world Minimal_Default
[2014.09.22-16.14.03:648][627]LogWorld: Bringing World /Game/Maps/UEDPIE_0_Minimal_Default.Minimal_Default up for play (max tick rate 0) at 2014.09.22-10.14.03
[2014.09.22-16.14.03:648][627]LogWorld: Bringing up level for play took: 0.001317
[2014.09.22-16.14.03:649][627]PIE: Info Play in editor start time for /Game/Maps/UEDPIE_0_Minimal_Default -0.043
[2014.09.22-16.14.05:872][792]LogParticles: Destroying 0 GPU particle simulations for FXSystem 0x000000000CD08B80
[2014.09.22-16.14.06:481][837]BlueprintLog: New page: Pre-PIE auto-recompile
[2014.09.22-16.14.06:481][837]LogPlayLevel: [PIE] Compiling Minimal_Default before PIE...
[2014.09.22-16.14.06:530][837]LogPlayLevel: PIE:  Blueprint regeneration took 49 ms (1 blueprints)
[2014.09.22-16.14.06:530][837]PIE: New page: PIE session: Minimal_Default (Sep 22, 2014, 4:14:06 AM)
[2014.09.22-16.14.06:534][837]LogPlayLevel: PIE: StaticDuplicateObject took: (0.003159s)
[2014.09.22-16.14.06:535][837]LogPlayLevel: PIE: World Init took: (0.000850s)
[2014.09.22-16.14.06:535][837]LogPlayLevel: PIE: Created PIE world by copying editor world from /Game/Maps/Minimal_Default.Minimal_Default to /Game/Maps/UEDPIE_0_Minimal_Default.Minimal_Default (0.004178s)
[2014.09.22-16.14.06:565][837]LogWorld: Game class is 'GameMode'
[2014.09.22-16.14.06:567][837]LogAIModule: Creating AISystem for world Minimal_Default
[2014.09.22-16.14.06:569][837]LogWorld: Bringing World /Game/Maps/UEDPIE_0_Minimal_Default.Minimal_Default up for play (max tick rate 0) at 2014.09.22-10.14.06
[2014.09.22-16.14.06:569][837]LogWorld: Bringing up level for play took: 0.002235
[2014.09.22-16.14.06:571][837]PIE: Info Play in editor start time for /Game/Maps/UEDPIE_0_Minimal_Default 0.879
[2014.09.22-16.14.15:823][700]LogParticles: Destroying 0 GPU particle simulations for FXSystem 0x000000000DCE02C0
[2014.09.22-16.14.17:262][804]BlueprintLog: New page: Pre-PIE auto-recompile
[2014.09.22-16.14.17:262][804]LogPlayLevel: [PIE] Compiling Minimal_Default before PIE...
[2014.09.22-16.14.17:311][804]LogPlayLevel: PIE:  Blueprint regeneration took 49 ms (1 blueprints)
[2014.09.22-16.14.17:311][804]PIE: New page: PIE session: Minimal_Default (Sep 22, 2014, 4:14:17 AM)
[2014.09.22-16.14.17:314][804]LogPlayLevel: PIE: StaticDuplicateObject took: (0.003000s)
[2014.09.22-16.14.17:315][804]LogPlayLevel: PIE: World Init took: (0.000873s)
[2014.09.22-16.14.17:315][804]LogPlayLevel: PIE: Created PIE world by copying editor world from /Game/Maps/Minimal_Default.Minimal_Default to /Game/Maps/UEDPIE_0_Minimal_Default.Minimal_Default (0.004038s)
[2014.09.22-16.14.17:343][804]LogWorld: Game class is 'GameMode'
[2014.09.22-16.14.17:344][804]LogAIModule: Creating AISystem for world Minimal_Default
[2014.09.22-16.14.17:345][804]LogWorld: Bringing World /Game/Maps/UEDPIE_0_Minimal_Default.Minimal_Default up for play (max tick rate 0) at 2014.09.22-10.14.17
[2014.09.22-16.14.17:346][804]LogWorld: Bringing up level for play took: 0.001320
[2014.09.22-16.14.17:346][804]PIE: Info Play in editor start time for /Game/Maps/UEDPIE_0_Minimal_Default -0.346
[2014.09.22-16.14.23:927][423]LogParticles: Destroying 0 GPU particle simulations for FXSystem 0x000000000CD0A0C0
[2014.09.22-16.14.27:938][716]LogEditorViewport: Clicking on Actor (LMB): BP_Sky_Sphere_C (BP_Sky_Sphere)
[2014.09.22-16.14.34:866][227]LogSlate:Warning: Prevented a slow task dialog from being summoned while a context menu was open
[2014.09.22-16.16.53:206][371]BlueprintLog: New page: Compile dropchair
[2014.09.22-16.16.53:319][371]LogParticles: Destroying 0 GPU particle simulations for FXSystem 0x00000000238D3600
[2014.09.22-16.16.53:320][371]LogParticles: Destroying 0 GPU particle simulations for FXSystem 0x0000000026067600
[2014.09.22-16.16.53:320][371]LogParticles: Destroying 0 GPU particle simulations for FXSystem 0x0000000019A0B600
[2014.09.22-16.16.53:339][371]BlueprintEditorCompileResults: Info [0630.22] Compile of dropchair successful! [in 0 ms]
[2014.09.22-16.17.02:610][944]LogSlate:Warning: Prevented a slow task dialog from being summoned while a context menu was open
[2014.09.22-16.17.11:108][439]BlueprintLog: New page: Compile Minimal_Default
[2014.09.22-16.17.11:181][439]LogParticles: Destroying 0 GPU particle simulations for FXSystem 0x000000002A82F600
[2014.09.22-16.17.11:187][439]BlueprintEditorCompileResults: Info [0648.13] Compile of Minimal_Default successful! [in 3 ms]
[2014.09.22-16.17.17:523][780]LogSavePackage: Save=67.475204ms
[2014.09.22-16.17.17:523][780]LogSavePackage: Moving '../../../../../../Users/jack/Documents/Unreal Projects/BluePRintTwo/Saved/Minimal_Default_Auto10688AC6748B7457BC3F1C4B5C4FBBAFE.tmp' to '../../../../../../Users/jack/Documents/Unreal Projects/BluePRintTwo/Saved/Autosaves/Game/Maps/Minimal_Default_Auto1.umap'
[2014.09.22-16.17.17:531][780]LogFileHelpers: Editor autosave (incl. sublevels) for '/Game/Maps/Minimal_Default' took 0.129
[2014.09.22-16.17.17:531][780]LogFileHelpers: Editor autosave (incl. sublevels) for all levels took 0.129
[2014.09.22-16.17.17:547][780]OBJ SavePackage: Generating thumbnails for [1] asset(s) in package [/Game/Blueprints/DropRocks] ([1] browsable assets)...
[2014.09.22-16.17.17:566][780]OBJ SavePackage:     Rendered thumbnail for [Blueprint /Game/Blueprints/DropRocks.DropRocks]
[2014.09.22-16.17.17:566][780]OBJ SavePackage: Finished generating thumbnails for package [/Game/Blueprints/DropRocks]
[2014.09.22-16.17.17:826][780]LogSavePackage: Save=225.531586ms
[2014.09.22-16.17.17:826][780]LogSavePackage: Moving '../../../../../../Users/jack/Documents/Unreal Projects/BluePRintTwo/Saved/DropRocks_Auto1F55B792148C340F292302F9B2D6FDEF6.tmp' to '../../../../../../Users/jack/Documents/Unreal Projects/BluePRintTwo/Saved/Autosaves/Game/Blueprints/DropRocks_Auto1.uasset'
[2014.09.22-16.17.17:851][780]OBJ SavePackage: Generating thumbnails for [1] asset(s) in package [/Game/Blueprints/SM_CornerFrame] ([1] browsable assets)...
[2014.09.22-16.17.17:882][780]OBJ SavePackage:     Rendered thumbnail for [Blueprint /Game/Blueprints/SM_CornerFrame.SM_CornerFrame]
[2014.09.22-16.17.17:882][780]OBJ SavePackage: Finished generating thumbnails for package [/Game/Blueprints/SM_CornerFrame]
[2014.09.22-16.17.18:331][780]LogSavePackage: Save=413.393463ms
[2014.09.22-16.17.18:331][780]LogSavePackage: Moving '../../../../../../Users/jack/Documents/Unreal Projects/BluePRintTwo/Saved/SM_CornerFrame_Auto184E503684EFBF6BD4A9C80A900C0653F.tmp' to '../../../../../../Users/jack/Documents/Unreal Projects/BluePRintTwo/Saved/Autosaves/Game/Blueprints/SM_CornerFrame_Auto1.uasset'
[2014.09.22-16.17.18:355][780]OBJ SavePackage: Generating thumbnails for [1] asset(s) in package [/Game/Blueprints/SM_Bush] ([1] browsable assets)...
[2014.09.22-16.17.18:383][780]OBJ SavePackage:     Rendered thumbnail for [Blueprint /Game/Blueprints/SM_Bush.SM_Bush]
[2014.09.22-16.17.18:383][780]OBJ SavePackage: Finished generating thumbnails for package [/Game/Blueprints/SM_Bush]
[2014.09.22-16.17.18:687][780]LogSavePackage: Save=268.860596ms
[2014.09.22-16.17.18:687][780]LogSavePackage: Moving '../../../../../../Users/jack/Documents/Unreal Projects/BluePRintTwo/Saved/SM_Bush_Auto179DDF56A44982F931E798ABB1DABF81E.tmp' to '../../../../../../Users/jack/Documents/Unreal Projects/BluePRintTwo/Saved/Autosaves/Game/Blueprints/SM_Bush_Auto1.uasset'
[2014.09.22-16.17.18:710][780]OBJ SavePackage: Generating thumbnails for [1] asset(s) in package [/Game/Blueprints/dropchair] ([1] browsable assets)...
[2014.09.22-16.17.18:737][780]OBJ SavePackage:     Rendered thumbnail for [Blueprint /Game/Blueprints/dropchair.dropchair]
[2014.09.22-16.17.18:737][780]OBJ SavePackage: Finished generating thumbnails for package [/Game/Blueprints/dropchair]
[2014.09.22-16.17.19:146][780]LogSavePackage: Save=377.304291ms
[2014.09.22-16.17.19:146][780]LogSavePackage: Moving '../../../../../../Users/jack/Documents/Unreal Projects/BluePRintTwo/Saved/dropchair_Auto1D2FE97A743AA2A532FA479B6DACF710E.tmp' to '../../../../../../Users/jack/Documents/Unreal Projects/BluePRintTwo/Saved/Autosaves/Game/Blueprints/dropchair_Auto1.uasset'
[2014.09.22-16.17.19:152][780]LogFileHelpers: Auto-saving content packages took 1.621
[2014.09.22-16.17.41:611][174]LogEditorViewport: Clicking on Actor (LMB): BP_Sky_Sphere_C (BP_Sky_Sphere)
[2014.09.22-16.17.42:160][202]LogSavePackage: Save=58.932625ms
[2014.09.22-16.17.42:160][202]LogSavePackage: Moving '../../../../../../Users/jack/Documents/Unreal Projects/BluePRintTwo/Saved/Minimal_Default002B0FF34B55BCAB06E7CB9E8E5206E3.tmp' to '../../../../../../Users/jack/Documents/Unreal Projects/BluePRintTwo/Content/Maps/Minimal_Default.umap'
[2014.09.22-16.17.42:184][202]LogFileHelpers: Saving map 'Minimal_Default' took 0.150
[2014.09.22-16.17.42:201][202]Cmd: OBJ SAVEPACKAGE PACKAGE="/Game/Blueprints/DropRocks" FILE="../../../../../../Users/jack/Documents/Unreal Projects/BluePRintTwo/Content/Blueprints/DropRocks.uasset" SILENT=true
[2014.09.22-16.17.42:421][202]LogSavePackage: Save=217.473038ms
[2014.09.22-16.17.42:421][202]LogSavePackage: Moving '../../../../../../Users/jack/Documents/Unreal Projects/BluePRintTwo/Saved/DropRocks4F47AE0840AEA6476C236E88AFD8FB39.tmp' to '../../../../../../Users/jack/Documents/Unreal Projects/BluePRintTwo/Content/Blueprints/DropRocks.uasset'
[2014.09.22-16.17.42:441][202]Cmd: OBJ SAVEPACKAGE PACKAGE="/Game/Blueprints/SM_CornerFrame" FILE="../../../../../../Users/jack/Documents/Unreal Projects/BluePRintTwo/Content/Blueprints/SM_CornerFrame.uasset" SILENT=true
[2014.09.22-16.17.42:852][202]LogSavePackage: Save=408.219513ms
[2014.09.22-16.17.42:852][202]LogSavePackage: Moving '../../../../../../Users/jack/Documents/Unreal Projects/BluePRintTwo/Saved/SM_CornerFrameC8257D074C0F2A117BA42DB2877ADFDD.tmp' to '../../../../../../Users/jack/Documents/Unreal Projects/BluePRintTwo/Content/Blueprints/SM_CornerFrame.uasset'
[2014.09.22-16.17.42:872][202]Cmd: OBJ SAVEPACKAGE PACKAGE="/Game/Blueprints/SM_Bush" FILE="../../../../../../Users/jack/Documents/Unreal Projects/BluePRintTwo/Content/Blueprints/SM_Bush.uasset" SILENT=true
[2014.09.22-16.17.43:141][202]LogSavePackage: Save=266.966888ms
[2014.09.22-16.17.43:141][202]LogSavePackage: Moving '../../../../../../Users/jack/Documents/Unreal Projects/BluePRintTwo/Saved/SM_Bush834831B448F25E7B2AC180863E296539.tmp' to '../../../../../../Users/jack/Documents/Unreal Projects/BluePRintTwo/Content/Blueprints/SM_Bush.uasset'
[2014.09.22-16.17.43:163][202]Cmd: OBJ SAVEPACKAGE PACKAGE="/Game/Blueprints/dropchair" FILE="../../../../../../Users/jack/Documents/Unreal Projects/BluePRintTwo/Content/Blueprints/dropchair.uasset" SILENT=true
[2014.09.22-16.17.43:540][202]LogSavePackage: Save=374.862640ms
[2014.09.22-16.17.43:540][202]LogSavePackage: Moving '../../../../../../Users/jack/Documents/Unreal Projects/BluePRintTwo/Saved/dropchairB6536D3C4D31F88F4D093DA838882B10.tmp' to '../../../../../../Users/jack/Documents/Unreal Projects/BluePRintTwo/Content/Blueprints/dropchair.uasset'
[2014.09.22-16.17.45:483][342]BlueprintLog: New page: Pre-PIE auto-recompile
[2014.09.22-16.17.45:483][342]LogPlayLevel: [PIE] Compiling SM_CornerFrame before PIE...
[2014.09.22-16.17.45:515][342]LogPlayLevel: [PIE] Compiling Minimal_Default before PIE...
[2014.09.22-16.17.45:567][342]LogPlayLevel: PIE:  Blueprint regeneration took 84 ms (2 blueprints)
[2014.09.22-16.17.45:567][342]PIE: New page: PIE session: Minimal_Default (Sep 22, 2014, 4:17:45 AM)
[2014.09.22-16.17.45:571][342]LogPlayLevel: PIE: StaticDuplicateObject took: (0.003550s)
[2014.09.22-16.17.45:572][342]LogPlayLevel: PIE: World Init took: (0.000978s)
[2014.09.22-16.17.45:572][342]LogPlayLevel: PIE: Created PIE world by copying editor world from /Game/Maps/Minimal_Default.Minimal_Default to /Game/Maps/UEDPIE_0_Minimal_Default.Minimal_Default (0.004743s)
[2014.09.22-16.17.45:604][342]LogWorld: Game class is 'GameMode'
[2014.09.22-16.17.45:605][342]LogAIModule: Creating AISystem for world Minimal_Default
[2014.09.22-16.17.45:606][342]LogWorld: Bringing World /Game/Maps/UEDPIE_0_Minimal_Default.Minimal_Default up for play (max tick rate 0) at 2014.09.22-10.17.45
[2014.09.22-16.17.45:607][342]LogWorld: Bringing up level for play took: 0.001345
[2014.09.22-16.17.45:608][342]PIE: Info Play in editor start time for /Game/Maps/UEDPIE_0_Minimal_Default -0.087
[2014.09.22-16.18.09:666][359]Cmd: ToggleSpeaking true 
[2014.09.22-16.18.09:666][359]Cmd: OnRelease ToggleSpeaking false
[2014.09.22-16.18.09:735][364]Cmd: ToggleSpeaking false
[2014.09.22-16.18.10:505][419]Cmd: ToggleSpeaking true 
[2014.09.22-16.18.10:505][419]Cmd: OnRelease ToggleSpeaking false
[2014.09.22-16.18.10:547][422]Cmd: ToggleSpeaking false
[2014.09.22-16.18.12:678][574]LogActor:Warning: dropchair_C_6 is outside the world bounds!
[2014.09.22-16.18.16:779][860]LogActor:Warning: dropchair_C_17 is outside the world bounds!
[2014.09.22-16.18.18:832][996]LogParticles: Destroying 0 GPU particle simulations for FXSystem 0x000000000DCE1080
[2014.09.22-16.18.24:566][279]Cmd: QUIT_EDITOR
[2014.09.22-16.18.24:690][279]LogWindowsTextInputMethodSystem:Error: Terminating failed while unadvising the language notification sink from the TSF source.
[2014.09.22-16.18.24:691][279]LogExit: Preparing to exit.
[2014.09.22-16.18.25:351][279]LogExit: Editor shut down
[2014.09.22-16.18.25:352][279]LogExit: Transaction tracking system shut down
[2014.09.22-16.18.25:353][279]LogParticles: Destroying 0 GPU particle simulations for FXSystem 0x000000000B60D580
[2014.09.22-16.18.25:353][279]LogParticles: Destroying 0 GPU particle simulations for FXSystem 0x000000000D4B0860
[2014.09.22-16.18.25:353][279]LogParticles: Destroying 0 GPU particle simulations for FXSystem 0x000000000C9F0900
[2014.09.22-16.18.25:378][279]LogParticles: Destroying 0 GPU particle simulations for FXSystem 0x000000000E219F80
[2014.09.22-16.18.25:378][279]LogExit: Object subsystem successfully closed.
[2014.09.22-16.18.25:401][279]LogModuleManager: Shutting down and abandoning module NewLevelDialog (162)
[2014.09.22-16.18.25:401][279]LogModuleManager: Shutting down and abandoning module AndroidDeviceDetection (161)
[2014.09.22-16.18.25:401][279]LogModuleManager: Shutting down and abandoning module HTTP (160)
[2014.09.22-16.18.25:401][279]LogModuleManager: Shutting down and abandoning module CrashTracker (159)
[2014.09.22-16.18.25:401][279]LogModuleManager: Shutting down and abandoning module SuperSearch (158)
[2014.09.22-16.18.25:401][279]LogModuleManager: Shutting down and abandoning module SceneOutliner (157)
[2014.09.22-16.18.25:401][279]LogModuleManager: Shutting down and abandoning module EditorWidgets (156)
[2014.09.22-16.18.25:401][279]LogModuleManager: Shutting down and abandoning module CollectionManager (155)
[2014.09.22-16.18.25:401][279]LogModuleManager: Shutting down and abandoning module StatsViewer (154)
[2014.09.22-16.18.25:401][279]LogModuleManager: Shutting down and abandoning module FoliageEdit (153)
[2014.09.22-16.18.25:401][279]LogModuleManager: Shutting down and abandoning module LandscapeEditor (152)
[2014.09.22-16.18.25:401][279]LogModuleManager: Shutting down and abandoning module MeshPaint (151)
[2014.09.22-16.18.25:401][279]LogModuleManager: Shutting down and abandoning module ActorPickerMode (150)
[2014.09.22-16.18.25:401][279]LogModuleManager: Shutting down and abandoning module GeometryMode (149)
[2014.09.22-16.18.25:401][279]LogModuleManager: Shutting down and abandoning module TextureAlignMode (148)
[2014.09.22-16.18.25:401][279]LogModuleManager: Shutting down and abandoning module BspMode (147)
[2014.09.22-16.18.25:401][279]LogModuleManager: Shutting down and abandoning module PlacementMode (146)
[2014.09.22-16.18.25:401][279]LogModuleManager: Shutting down and abandoning module DesktopPlatform (145)
[2014.09.22-16.18.25:401][279]LogModuleManager: Shutting down and abandoning module AutomationWorker (144)
[2014.09.22-16.18.25:401][279]LogModuleManager: Shutting down and abandoning module EditorLiveStreaming (143)
[2014.09.22-16.18.25:401][279]LogModuleManager: Shutting down and abandoning module BehaviorTreeEditor (142)
[2014.09.22-16.18.25:401][279]LogModuleManager: Shutting down and abandoning module DeviceProfileEditor (141)
[2014.09.22-16.18.25:401][279]LogModuleManager: Shutting down and abandoning module UndoHistory (140)
[2014.09.22-16.18.25:401][279]LogModuleManager: Shutting down and abandoning module GameplayTagsEditor (139)
[2014.09.22-16.18.25:401][279]LogModuleManager: Shutting down and abandoning module UserFeedback (138)
[2014.09.22-16.18.25:401][279]LogModuleManager: Shutting down and abandoning module XmlParser (137)
[2014.09.22-16.18.25:401][279]LogModuleManager: Shutting down and abandoning module Blutility (136)
[2014.09.22-16.18.25:401][279]LogModuleManager: Shutting down and abandoning module IOSPlatformEditor (135)
[2014.09.22-16.18.25:401][279]LogModuleManager: Shutting down and abandoning module IOSRuntimeSettings (134)
[2014.09.22-16.18.25:401][279]LogModuleManager: Shutting down and abandoning module AndroidPlatformEditor (133)
[2014.09.22-16.18.25:401][279]LogModuleManager: Shutting down and abandoning module AndroidRuntimeSettings (132)
[2014.09.22-16.18.25:401][279]LogModuleManager: Shutting down and abandoning module ProjectTargetPlatformEditor (131)
[2014.09.22-16.18.25:401][279]LogModuleManager: Shutting down and abandoning module ProjectSettingsViewer (130)
[2014.09.22-16.18.25:401][279]LogModuleManager: Shutting down and abandoning module InputBindingEditor (129)
[2014.09.22-16.18.25:401][279]LogModuleManager: Shutting down and abandoning module EditorSettingsViewer (128)
[2014.09.22-16.18.25:401][279]LogModuleManager: Shutting down and abandoning module SettingsEditor (127)
[2014.09.22-16.18.25:401][279]LogModuleManager: Shutting down and abandoning module SessionLauncher (126)
[2014.09.22-16.18.25:401][279]LogModuleManager: Shutting down and abandoning module SessionFrontend (125)
[2014.09.22-16.18.25:401][279]LogModuleManager: Shutting down and abandoning module ProfilerClient (124)
[2014.09.22-16.18.25:402][279]LogModuleManager: Shutting down and abandoning module TargetDeviceServices (123)
[2014.09.22-16.18.25:402][279]LogModuleManager: Shutting down and abandoning module DeviceManager (122)
[2014.09.22-16.18.25:402][279]LogModuleManager: Shutting down and abandoning module AutomationController (121)
[2014.09.22-16.18.25:402][279]LogModuleManager: Shutting down and abandoning module AutomationWindow (120)
[2014.09.22-16.18.25:402][279]LogModuleManager: Shutting down and abandoning module Layers (119)
[2014.09.22-16.18.25:402][279]LogModuleManager: Shutting down and abandoning module ComponentVisualizers (118)
[2014.09.22-16.18.25:402][279]LogModuleManager: Shutting down and abandoning module DetailCustomizations (117)
[2014.09.22-16.18.25:402][279]LogModuleManager: Shutting down and abandoning module PackagesDialog (116)
[2014.09.22-16.18.25:402][279]LogModuleManager: Shutting down and abandoning module DirectoryWatcher (115)
[2014.09.22-16.18.25:402][279]LogModuleManager: Shutting down and abandoning module AssetRegistry (114)
[2014.09.22-16.18.25:480][279]LogModuleManager: Shutting down and abandoning module Persona (113)
[2014.09.22-16.18.25:480][279]LogModuleManager: Shutting down and abandoning module GraphEditor (112)
[2014.09.22-16.18.25:480][279]LogModuleManager: Shutting down and abandoning module ClassViewer (111)
[2014.09.22-16.18.25:480][279]LogModuleManager: Shutting down and abandoning module Toolbox (110)
[2014.09.22-16.18.25:480][279]LogModuleManager: Shutting down and abandoning module ModuleUI (109)
[2014.09.22-16.18.25:480][279]LogModuleManager: Shutting down and abandoning module Sequencer (108)
[2014.09.22-16.18.25:480][279]LogModuleManager: Shutting down and abandoning module MovieSceneTools (107)
[2014.09.22-16.18.25:480][279]LogModuleManager: Shutting down and abandoning module OutputLog (106)
[2014.09.22-16.18.25:480][279]LogModuleManager: Shutting down and abandoning module GammaUI (105)
[2014.09.22-16.18.25:480][279]LogModuleManager: Shutting down and abandoning module Documentation (104)
[2014.09.22-16.18.25:480][279]LogModuleManager: Shutting down and abandoning module GameLiveStreaming (103)
[2014.09.22-16.18.25:480][279]LogModuleManager: Shutting down and abandoning module StreamingPauseRendering (102)
[2014.09.22-16.18.25:480][279]LogModuleManager: Shutting down and abandoning module AnalyticsET (101)
[2014.09.22-16.18.25:480][279]LogModuleManager: Shutting down and abandoning module Analytics (100)
[2014.09.22-16.18.25:480][279]LogModuleManager: Shutting down and abandoning module GameplayDebugger (99)
[2014.09.22-16.18.25:480][279]LogModuleManager: Shutting down and abandoning module AIModule (98)
[2014.09.22-16.18.25:480][279]LogModuleManager: Shutting down and abandoning module ProfilerService (97)
[2014.09.22-16.18.25:524][279]LogModuleManager: Shutting down and abandoning module TaskGraph (96)
[2014.09.22-16.18.25:524][279]LogModuleManager: Shutting down and abandoning module SlateRemote (95)
[2014.09.22-16.18.25:524][279]LogModuleManager: Shutting down and abandoning module ScriptEditorPlugin (94)
[2014.09.22-16.18.25:524][279]LogModuleManager: Shutting down and abandoning module CustomMeshComponent (93)
[2014.09.22-16.18.25:524][279]LogModuleManager: Shutting down and abandoning module CableComponent (92)
[2014.09.22-16.18.25:524][279]LogModuleManager: Shutting down and abandoning module MessagingDebugger (91)
[2014.09.22-16.18.25:524][279]LogModuleManager: Shutting down and abandoning module ViewportSnapping (90)
[2014.09.22-16.18.25:524][279]LogModuleManager: Shutting down and abandoning module SmartSnapping (89)
[2014.09.22-16.18.25:524][279]LogModuleManager: Shutting down and abandoning module PaperTiledImporter (88)
[2014.09.22-16.18.25:524][279]LogModuleManager: Shutting down and abandoning module PaperJsonImporter (87)
[2014.09.22-16.18.25:524][279]LogModuleManager: Shutting down and abandoning module GameProjectGeneration (86)
[2014.09.22-16.18.25:524][279]LogModuleManager: Shutting down and abandoning module Matinee (85)
[2014.09.22-16.18.25:524][279]LogModuleManager: Shutting down and abandoning module Kismet (84)
[2014.09.22-16.18.25:524][279]LogModuleManager: Shutting down and abandoning module SlateReflector (83)
[2014.09.22-16.18.25:524][279]LogModuleManager: Shutting down and abandoning module LevelEditor (82)
[2014.09.22-16.18.25:525][279]LogModuleManager: Shutting down and abandoning module IntroTutorials (81)
[2014.09.22-16.18.25:525][279]LogModuleManager: Shutting down and abandoning module ContentBrowser (80)
[2014.09.22-16.18.25:525][279]LogModuleManager: Shutting down and abandoning module PropertyEditor (79)
[2014.09.22-16.18.25:525][279]LogModuleManager: Shutting down and abandoning module AssetTools (78)
[2014.09.22-16.18.25:525][279]LogModuleManager: Shutting down and abandoning module Paper2DEditor (77)
[2014.09.22-16.18.25:526][279]LogModuleManager: Shutting down and abandoning module SpeedTreeImporter (76)
[2014.09.22-16.18.25:526][279]LogModuleManager: Shutting down and abandoning module PluginsEditor (75)
[2014.09.22-16.18.25:526][279]LogModuleManager: Shutting down and abandoning module MainFrame (74)
[2014.09.22-16.18.25:526][279]LogModuleManager: Shutting down and abandoning module EpicSurvey (73)
[2014.09.22-16.18.25:526][279]LogModuleManager: Shutting down and abandoning module VisualStudioSourceCodeAccess (72)
[2014.09.22-16.18.25:526][279]LogModuleManager: Shutting down and abandoning module UObjectPlugin (71)
[2014.09.22-16.18.25:526][279]LogModuleManager: Shutting down and abandoning module SubversionSourceControl (70)
[2014.09.22-16.18.25:526][279]LogModuleManager: Shutting down and abandoning module SourceControl (69)
[2014.09.22-16.18.25:526][279]LogModuleManager: Shutting down and abandoning module PerforceSourceControl (68)
[2014.09.22-16.18.25:526][279]LogModuleManager: Shutting down and abandoning module BlankPlugin (67)
[2014.09.22-16.18.25:526][279]LogModuleManager: Shutting down and abandoning module ScriptPlugin (66)
[2014.09.22-16.18.25:526][279]LogModuleManager: Shutting down and abandoning module UdpMessaging (65)
[2014.09.22-16.18.25:626][279]LogModuleManager: Shutting down and abandoning module Paper2D (64)
[2014.09.22-16.18.25:626][279]LogModuleManager: Shutting down and abandoning module WindowsMoviePlayer (63)
[2014.09.22-16.18.25:630][279]LogModuleManager: Shutting down and abandoning module ImageWrapper (62)
[2014.09.22-16.18.25:630][279]LogModuleManager: Shutting down and abandoning module OnlineBlueprintSupport (61)
[2014.09.22-16.18.25:630][279]LogModuleManager: Shutting down and abandoning module FunctionalTesting (60)
[2014.09.22-16.18.25:630][279]LogModuleManager: Shutting down and abandoning module CollisionAnalyzer (59)
[2014.09.22-16.18.25:630][279]LogModuleManager: Shutting down and abandoning module WorkspaceMenuStructure (58)
[2014.09.22-16.18.25:631][279]LogModuleManager: Shutting down and abandoning module MessageLog (57)
[2014.09.22-16.18.25:631][279]LogModuleManager: Shutting down and abandoning module UMGEditor (56)
[2014.09.22-16.18.25:631][279]LogModuleManager: Shutting down and abandoning module UMG (55)
[2014.09.22-16.18.25:631][279]LogModuleManager: Shutting down and abandoning module Slate (54)
[2014.09.22-16.18.25:631][279]LogModuleManager: Shutting down and abandoning module EditorStyle (53)
[2014.09.22-16.18.25:633][279]LogModuleManager: Shutting down and abandoning module SessionServices (52)
[2014.09.22-16.18.25:633][279]LogModuleManager: Shutting down and abandoning module SourceCodeAccess (51)
[2014.09.22-16.18.25:633][279]LogModuleManager: Shutting down and abandoning module HeadMountedDisplay (50)
[2014.09.22-16.18.25:633][279]LogModuleManager: Shutting down and abandoning module XAudio2 (49)
[2014.09.22-16.18.25:633][279]LogModuleManager: Shutting down and abandoning module Networking (47)
[2014.09.22-16.18.25:633][279]LogModuleManager: Shutting down and abandoning module Core (46)
[2014.09.22-16.18.25:633][279]LogModuleManager: Shutting down and abandoning module KismetCompiler (45)
[2014.09.22-16.18.25:633][279]LogModuleManager: Shutting down and abandoning module PhysXFormats (44)
[2014.09.22-16.18.25:633][279]LogModuleManager: Shutting down and abandoning module MeshUtilities (43)
[2014.09.22-16.18.25:633][279]LogModuleManager: Shutting down and abandoning module DerivedDataCache (42)
[2014.09.22-16.18.25:723][279]LogDerivedDataCache: Shutdown
[2014.09.22-16.18.25:723][279]LogModuleManager: Shutting down and abandoning module ShaderFormatOpenGL (41)
[2014.09.22-16.18.25:723][279]LogModuleManager: Shutting down and abandoning module ShaderFormatD3D (40)
[2014.09.22-16.18.25:723][279]LogModuleManager: Shutting down and abandoning module MetalShaderFormat (39)
[2014.09.22-16.18.25:723][279]LogModuleManager: Shutting down and abandoning module TextureFormatUncompressed (38)
[2014.09.22-16.18.25:723][279]LogModuleManager: Shutting down and abandoning module TextureFormatPVR (37)
[2014.09.22-16.18.25:723][279]LogModuleManager: Shutting down and abandoning module TextureFormatDXT (36)
[2014.09.22-16.18.25:723][279]LogModuleManager: Shutting down and abandoning module TextureFormatAndroid (35)
[2014.09.22-16.18.25:723][279]LogModuleManager: Shutting down and abandoning module AudioFormatOpus (34)
[2014.09.22-16.18.25:723][279]LogModuleManager: Shutting down and abandoning module AudioFormatOgg (33)
[2014.09.22-16.18.25:723][279]LogModuleManager: Shutting down and abandoning module AudioFormatADPCM (32)
[2014.09.22-16.18.25:723][279]LogModuleManager: Shutting down and abandoning module Messaging (31)
[2014.09.22-16.18.25:723][279]LogModuleManager: Shutting down and abandoning module IOSTargetPlatform (30)
[2014.09.22-16.18.25:723][279]LogModuleManager: Shutting down and abandoning module Android_PVRTCTargetPlatform (29)
[2014.09.22-16.18.25:723][279]LogModuleManager: Shutting down and abandoning module Android_ETC2TargetPlatform (28)
[2014.09.22-16.18.25:723][279]LogModuleManager: Shutting down and abandoning module Android_ETC1TargetPlatform (27)
[2014.09.22-16.18.25:723][279]LogModuleManager: Shutting down and abandoning module Android_DXTTargetPlatform (26)
[2014.09.22-16.18.25:723][279]LogModuleManager: Shutting down and abandoning module Android_ATCTargetPlatform (25)
[2014.09.22-16.18.25:723][279]LogModuleManager: Shutting down and abandoning module AndroidTargetPlatform (24)
[2014.09.22-16.18.25:723][279]LogModuleManager: Shutting down and abandoning module WindowsTargetPlatform (23)
[2014.09.22-16.18.25:723][279]LogModuleManager: Shutting down and abandoning module WindowsServerTargetPlatform (22)
[2014.09.22-16.18.25:723][279]LogModuleManager: Shutting down and abandoning module WindowsNoEditorTargetPlatform (21)
[2014.09.22-16.18.25:723][279]LogModuleManager: Shutting down and abandoning module WindowsClientTargetPlatform (20)
[2014.09.22-16.18.25:723][279]LogModuleManager: Shutting down and abandoning module TargetPlatform (19)
[2014.09.22-16.18.25:723][279]LogModuleManager: Shutting down and abandoning module InputCore (18)
[2014.09.22-16.18.25:723][279]LogModuleManager: Shutting down and abandoning module Settings (17)
[2014.09.22-16.18.25:723][279]LogModuleManager: Shutting down and abandoning module ExampleDeviceProfileSelector (14)
[2014.09.22-16.18.25:723][279]LogModuleManager: Shutting down and abandoning module OculusRift (13)
[2014.09.22-16.18.25:723][279]LogModuleManager: Shutting down and abandoning module TextureCompressor (12)
[2014.09.22-16.18.25:724][279]LogModuleManager: Shutting down and abandoning module ShaderCore (11)
[2014.09.22-16.18.25:724][279]LogModuleManager: Shutting down and abandoning module OpenGLDrv (10)
[2014.09.22-16.18.25:724][279]LogModuleManager: Shutting down and abandoning module D3D11RHI (9)
[2014.09.22-16.18.25:724][279]LogModuleManager: Shutting down and abandoning module SlateRHIRenderer (8)
[2014.09.22-16.18.25:724][279]LogModuleManager: Shutting down and abandoning module Renderer (7)
[2014.09.22-16.18.25:724][279]LogModuleManager: Shutting down and abandoning module Engine (6)
[2014.09.22-16.18.25:724][279]LogModuleManager: Shutting down and abandoning module CoreUObject (5)
[2014.09.22-16.18.25:724][279]LogModuleManager: Shutting down and abandoning module NetworkFile (4)
[2014.09.22-16.18.25:724][279]LogModuleManager: Shutting down and abandoning module StreamingFile (3)
[2014.09.22-16.18.25:724][279]LogModuleManager: Shutting down and abandoning module SandboxFile (2)
[2014.09.22-16.18.25:724][279]LogModuleManager: Shutting down and abandoning module PakFile (1)
[2014.09.22-16.18.25:724][279]LogExit: Exiting.
[2014.09.22-16.18.25:736][279]Log file closed, 09/22/14 10:18:25
