Log file open, 09/22/14 09:15:56
LogInit:Display: Running engine for game: BluePrintOne
LogInit: Version: 4.4.3-2296771+++depot+UE4-Releases+4.4
LogInit: API Version: 2255576
LogInit: Compiled (64-bit): Sep 13 2014 22:30:58
LogInit: Build Configuration: Development
LogInit: Branch Name: ++depot+UE4-Releases+4.4
LogInit: Command line: 
LogInit: Base directory: C:/Program Files/Unreal Engine/4.4/Engine/Binaries/Win64/
LogInit: Rocket: 1
[2014.09.22-15.15.56:018][  0]LogTaskGraph: Started task graph with 3 named threads and 4 total threads.
[2014.09.22-15.15.56:047][  0]LogOnline:Warning: No default platform service specified for OnlineSubsystem
[2014.09.22-15.15.56:058][  0]LogInit: Presizing for 0 objects not considered by GC, pre-allocating 0 bytes.
[2014.09.22-15.15.56:070][  0]LogInit: Object subsystem initialized
[2014.09.22-15.15.56:073][  0]LogInit: Selected Device Profile: [Windows]
[2014.09.22-15.15.56:073][  0]LogInit: Applying CVar settings loaded from the selected device profile: [Windows]
[2014.09.22-15.15.56:077][  0]LogInit: Computer: JACK-PC
[2014.09.22-15.15.56:078][  0]LogInit: User: jack
[2014.09.22-15.15.56:079][  0]LogInit: CPU Page size=4096, Cores=4
[2014.09.22-15.15.56:079][  0]LogInit: High frequency timer resolution =3.020517 MHz
[2014.09.22-15.15.56:079][  0]LogMemory: Memory total: Physical=7.9GB (8GB approx) Virtual=8192.0GB
[2014.09.22-15.15.56:079][  0]LogMemory: Platform Memory Stats for Windows
[2014.09.22-15.15.56:079][  0]LogMemory: Process Physical Memory: 61.24 MB used, 61.24 MB peak
[2014.09.22-15.15.56:079][  0]LogMemory: Process Virtual Memory: 37.28 MB used, 37.28 MB peak
[2014.09.22-15.15.56:079][  0]LogMemory: Physical Memory: 3706.53 MB used, 8124.80 MB total
[2014.09.22-15.15.56:079][  0]LogMemory: Virtual Memory: 259.38 MB used, 8388608.00 MB total
[2014.09.22-15.15.56:101][  0]LogD3D11RHI: Found D3D11 adapter 0: AMD Radeon HD 7800 Series (Feature Level 11_0)
[2014.09.22-15.15.56:101][  0]LogD3D11RHI: Adapter has 2030MB of dedicated video memory, 0MB of dedicated system memory, and 3806MB of shared system memory, 2 output[s]
[2014.09.22-15.15.56:101][  0]LogD3D11RHI: Chosen D3D11 Adapter Id = 0
[2014.09.22-15.15.56:105][  0]LogRHI: Texture pool is 1361 MB (70% of 1945 MB)
[2014.09.22-15.15.56:109][  0]LogD3D11RHI: Async texture creation disabled: no driver support
[2014.09.22-15.15.56:214][  0]LogContentStreaming: Texture pool size is 0.000000MB
[2014.09.22-15.15.57:636][  0]LogTargetPlatformManager:Display: Building Assets For Windows
[2014.09.22-15.15.57:980][  0]LogTargetPlatformManager:Display: Building Assets For Windows
[2014.09.22-15.15.58:012][  0]LogDerivedDataCache:Display: Max Cache Size: 512 MB
[2014.09.22-15.15.58:081][  0]LogDerivedDataCache: Loaded boot cache 0.07s 39MB C:/Users/jack/AppData/Local/UnrealEngine/4.4/DerivedDataCache/Boot.ddc.
[2014.09.22-15.15.58:081][  0]LogDerivedDataCache:Display: Loaded Boot cache: C:/Users/jack/AppData/Local/UnrealEngine/4.4/DerivedDataCache/Boot.ddc
[2014.09.22-15.15.58:081][  0]LogDerivedDataCache: FDerivedDataBackendGraph:  Pak pak cache file ../../../../../../Users/jack/Documents/Unreal Projects/BluePrintOne/DerivedDataCache/DDC.ddp not found, will not use a pak cache.
[2014.09.22-15.15.58:081][  0]LogDerivedDataCache: Unable to find inner node Pak for hierarchical cache Hierarchy.
[2014.09.22-15.15.58:104][  0]LogDerivedDataCache:Display: Pak cache opened for reading ../../../Engine/DerivedDataCache/DDC.ddp.
[2014.09.22-15.15.58:115][  0]LogDerivedDataCache: Using Local data cache path C:/Users/jack/AppData/Local/UnrealEngine/4.4/DerivedDataCache: Writable
[2014.09.22-15.15.58:260][  0]LogMeshUtilities: No automatic mesh reduction module available
[2014.09.22-15.15.58:260][  0]LogMeshUtilities: No automatic mesh merging module available
[2014.09.22-15.15.58:583][  0]LogInit: WinSock: version 1.1 (2.2), MaxSocks=32767, MaxUdp=65467
[2014.09.22-15.15.59:216][  0]LogStats:Warning: MetaData mismatch. Did you assign a stat to two groups? New //STATGROUP_Threads//FMonitoredProcess///Thread_374_0///////STATCAT_Advanced//// old //STATGROUP_Threads//FMonitoredProcess///Thread_166c_0///////STATCAT_Advanced////
[2014.09.22-15.15.59:216][  0]UdpMessaging: Initializing bridge on interface 0.0.0.0:0 to multicast group 230.0.0.1:6666.
[2014.09.22-15.15.59:311][  0]SourceControl: Info Source control is disabled
[2014.09.22-15.15.59:311][  0]SourceControl: Info Source control is disabled
[2014.09.22-15.15.59:315][  0]SourceControl: Info Source control is disabled
[2014.09.22-15.15.59:445][  0]BlueprintLog: New page: Editor Load
[2014.09.22-15.15.59:514][  0]LogObj: 21438 objects as part of root set at end of initial load.
[2014.09.22-15.15.59:514][  0]LogUObjectAllocator: 4218656 out of 0 bytes used by permanent object pool.
[2014.09.22-15.15.59:675][  0]LogEngine: Initializing Engine...
[2014.09.22-15.15.59:777][  0]LogInit: XAudio2 using 'Speakers (Realtek High Definition Audio)' : 2 channels at 48 kHz using 32 bits per sample (channel mask 0x3)
[2014.09.22-15.15.59:785][  0]LogInit: FAudioDevice initialized.
[2014.09.22-15.15.59:799][  0]LogAIModule: Creating AISystem for world NewWorld
[2014.09.22-15.15.59:828][  0]LogDerivedDataCache: Saved boot cache 0.03s 39MB C:/Users/jack/AppData/Local/UnrealEngine/4.4/DerivedDataCache/Boot.ddc.
[2014.09.22-15.15.59:837][  0]LogInit: Texture streaming: Enabled
[2014.09.22-15.15.59:862][  0]LogInit: Transaction tracking system initialized
[2014.09.22-15.15.59:939][  0]LogAssetRegistry: FAssetRegistry took 0.0101 seconds to start up
[2014.09.22-15.16.00:323][  0]LogTargetPlatformManager:Display: Building Assets For Windows
[2014.09.22-15.16.00:611][  0]LogTargetPlatformManager:Display: Building Assets For Windows
[2014.09.22-15.16.00:704][  0]LogConsoleResponse:Display: 
[2014.09.22-15.16.00:835][  0]LogStats:Warning: MetaData mismatch. Did you assign a stat to two groups? New //STATGROUP_Threads//FMonitoredProcess///Thread_ccc_0///////STATCAT_Advanced//// old //STATGROUP_Threads//FMonitoredProcess///Thread_166c_0///////STATCAT_Advanced////
[2014.09.22-15.16.00:835][  0]LogStats:Warning: MetaData mismatch. Did you assign a stat to two groups? New //STATGROUP_Threads//FMonitoredProcess///Thread_cc_0///////STATCAT_Advanced//// old //STATGROUP_Threads//FMonitoredProcess///Thread_166c_0///////STATCAT_Advanced////
[2014.09.22-15.16.00:835][  0]SourceControl: Info Source control is disabled
[2014.09.22-15.16.00:835][  0]Cmd: MAP LOAD FILE="../../../../../../Users/jack/Documents/Unreal Projects/BluePrintOne/Content/Maps/Minimal_Default.umap" TEMPLATE=0 SHOWPROGRESS=1
[2014.09.22-15.16.00:835][  0]LightingResults: New page: Lighting Build
[2014.09.22-15.16.00:841][  0]MapCheck: New page: Map Check
[2014.09.22-15.16.00:841][  0]LightingResults: New page: Lighting Build
[2014.09.22-15.16.00:859][  0]LogParticles: Destroying 0 GPU particle simulations for FXSystem 0x000000001580D300
[2014.09.22-15.16.01:111][  0]LogEditorServer: Finished looking for orphan Actors (0.000 secs)
[2014.09.22-15.16.01:111][  0]LogAIModule: Creating AISystem for world Minimal_Default
[2014.09.22-15.16.01:112][  0]Cmd: MAP CHECKDEP
[2014.09.22-15.16.01:112][  0]MapCheck: New page: Minimal_Default - Sep 22, 2014, 3:16:01 AM
[2014.09.22-15.16.01:169][  0]MapCheck: Info ========== Map Check: 0 Error(s), 0 Warning(s), [56.828ms] ==========
[2014.09.22-15.16.01:169][  0]LogFileHelpers: Loading map 'Minimal_Default' took 0.334
[2014.09.22-15.16.01:288][  0]LogCollectionManager: Loaded 0 collections in 0.001180 seconds
[2014.09.22-15.16.01:306][  0]LogContentBrowser:Verbose: The content browser source was changed by the sources view to '/Game'
[2014.09.22-15.16.01:365][  0]LogCrashTracker: Crashtracker disabled due to settings.
[2014.09.22-15.16.01:415][  0]LogLoad: Full Startup: 7.00 seconds (BP compile: 0.07 seconds)
[2014.09.22-15.16.01:552][  0]LogRenderer:Warning: Reallocating scene render targets to support 1344x936.
[2014.09.22-15.16.01:870][  1]LogAssetRegistry: Asset discovery search completed in 1.9407 seconds
[2014.09.22-15.16.04:249][162]LogEditorViewport: Clicking on Actor (context menu): StaticMeshActor (Chair)
[2014.09.22-15.16.04:989][227]LogEditorViewport: Clicking on Actor (LMB): StaticMeshActor (Chair)
[2014.09.22-15.16.07:690][403]LogEditorViewport: Clicking on Actor (LMB): StaticMeshActor (Statue)
[2014.09.22-15.16.08:850][487]Cmd: DELETE
[2014.09.22-15.16.08:850][487]Cmd: ACTOR DELETE
[2014.09.22-15.16.08:890][487]LogEditorActor: Deleted Actor: StaticMeshActor
[2014.09.22-15.16.08:916][487]LogEditorActor: Deleted 1 Actors (0.027 secs)
[2014.09.22-15.16.13:591][884]LogContentBrowser:Verbose: The content browser source was changed by the sources view to '/Game/Architecture'
[2014.09.22-15.16.14:445][936]LogContentBrowser:Verbose: The content browser source was changed by the sources view to '/Game/Audio'
[2014.09.22-15.16.15:213][  0]LogContentBrowser:Verbose: The content browser source was changed by the sources view to '/Game/Blueprints'
[2014.09.22-15.16.15:759][ 45]LogContentBrowser:Verbose: The content browser source was changed by the sources view to '/Game/Maps'
[2014.09.22-15.16.16:587][117]LogContentBrowser:Verbose: The content browser source was changed by the sources view to '/Game/Blueprints'
[2014.09.22-15.16.20:474][426]LogContentBrowser:Verbose: The content browser source was changed by the sources view to '/Game/Maps'
[2014.09.22-15.16.22:006][556]LogContentBrowser:Verbose: The content browser source was changed by the sources view to '/Game/Materials'
[2014.09.22-15.16.23:412][641]LogContentBrowser:Verbose: The content browser source was changed by the sources view to '/Game/Particles'
[2014.09.22-15.16.27:694][986]LogContentBrowser:Verbose: The content browser source was changed by the sources view to '/Game/Props'
[2014.09.22-15.16.34:679][592]LogContentBrowser:Verbose: The content browser source was changed by the sources view to '/Game/Architecture'
[2014.09.22-15.16.38:430][851]LogActorFactory: Actor Factory created Wall_400x300
[2014.09.22-15.16.39:163][905]LogActorFactory: Actor Factory created Wall_400x300
[2014.09.22-15.16.43:247][200]LogEditorViewport: Clicking on Actor (LMB): StaticMeshActor (Wall_400x300)
[2014.09.22-15.16.47:329][502]LogEditorViewport: Clicking on Actor (LMB): StaticMeshActor (Wall_400x300)
[2014.09.22-15.17.12:582][390]LogContentBrowser:Verbose: The content browser source was changed by the sources view to '/Game/Blueprints'
[2014.09.22-15.17.14:053][502]LogLinker:Warning: Asset '../../../../../../Users/jack/Documents/Unreal Projects/BluePrintOne/Content/Props/SM_Lamp_Ceiling.uasset' has been saved with empty engine version. The asset will be loaded but may be incompatible.
[2014.09.22-15.17.32:088][759]LogContentBrowser:Verbose: The content browser source was changed by the sources view to '/Game/Architecture'
[2014.09.22-15.17.35:614][923]LogActorFactory: Actor Factory created Wall_400x300
[2014.09.22-15.17.39:027][169]LogActorFactory: Actor Factory created Wall_400x300
[2014.09.22-15.17.47:175][706]LogEditorViewport: Clicking on Actor (LMB): StaticMeshActor (Wall_400x300)
[2014.09.22-15.17.53:345][139]LogEditorViewport: Clicking on Actor (LMB): Blueprint_CeilingLight_C (Blueprint_CeilingLight)
[2014.09.22-15.18.00:459][640]LogEditorViewport: Clicking on Actor (LMB): BP_Sky_Sphere_C (BP_Sky_Sphere)
[2014.09.22-15.18.05:871][982]LogEditorViewport: Clicking on Actor (LMB): StaticMeshActor (Wall_400x301)
[2014.09.22-15.18.06:515][ 25]Cmd: EDIT COPY
[2014.09.22-15.18.08:525][163]Cmd: EDIT PASTE
[2014.09.22-15.18.09:107][199]LogEditorViewport: Clicking on Actor (LMB): StaticMeshActor (Wall_400x302)
[2014.09.22-15.18.15:193][606]LogEditorViewport: Clicking on Actor (LMB): StaticMeshActor (Wall_400x300)
[2014.09.22-15.18.23:170][153]Cmd: TRANSACTION UNDO
[2014.09.22-15.18.23:170][153]LogEditorTransaction: Undo Set actor rotation
[2014.09.22-15.18.45:443][431]LogEditorViewport: Clicking on Actor (LMB): StaticMeshActor (Wall_400x302)
[2014.09.22-15.18.59:744][391]LogEditorViewport: Clicking on Actor (LMB): Blueprint_CeilingLight_C (Blueprint_CeilingLight)
[2014.09.22-15.19.45:147][724]LogSlate:Warning: GetFontFace failed to load or process 'Roboto-Regular'
[2014.09.22-15.19.45:147][724]LogSlate:Warning: GetFontFace failed to load or process 'Roboto-Regular'
[2014.09.22-15.19.45:147][724]LogSlate:Warning: GetFontFace failed to load or process 'Roboto-Regular'
[2014.09.22-15.19.45:147][724]LogSlate:Warning: GetFontFace failed to load or process 'Roboto-Regular'
[2014.09.22-15.19.45:147][724]LogSlate:Warning: GetFontFace failed to load or process 'Roboto-Regular'
[2014.09.22-15.19.45:147][724]LogSlate:Warning: GetFontFace failed to load or process 'Roboto-Regular'
[2014.09.22-15.19.45:147][724]LogSlate:Warning: GetFontFace failed to load or process 'Roboto-Regular'
[2014.09.22-15.19.45:148][724]LogSlate:Warning: GetFontFace failed to load or process 'Roboto-Regular'
[2014.09.22-15.19.45:148][724]LogSlate:Warning: GetFontFace failed to load or process 'Roboto-Regular'
[2014.09.22-15.19.45:148][724]LogSlate:Warning: GetFontFace failed to load or process 'Roboto-Regular'
[2014.09.22-15.19.45:148][724]LogSlate:Warning: GetFontFace failed to load or process 'Roboto-Regular'
[2014.09.22-15.19.45:148][724]LogSlate:Warning: GetFontFace failed to load or process 'Roboto-Regular'
[2014.09.22-15.19.45:148][724]LogSlate:Warning: GetFontFace failed to load or process 'Roboto-Regular'
[2014.09.22-15.19.45:148][724]LogSlate:Warning: GetFontFace failed to load or process 'Roboto-Regular'
[2014.09.22-15.19.45:148][724]LogSlate:Warning: GetFontFace failed to load or process 'Roboto-Regular'
[2014.09.22-15.19.45:148][724]LogSlate:Warning: GetFontFace failed to load or process 'Roboto-Regular'
[2014.09.22-15.19.45:148][724]LogSlate:Warning: GetFontFace failed to load or process 'Roboto-Regular'
[2014.09.22-15.19.45:148][724]LogSlate:Warning: GetFontFace failed to load or process 'Roboto-Regular'
[2014.09.22-15.19.49:844][ 67]LogSlate:Warning: GetFontFace failed to load or process 'Roboto-Regular'
[2014.09.22-15.19.49:844][ 67]LogSlate:Warning: GetFontFace failed to load or process 'Roboto-Regular'
[2014.09.22-15.19.49:844][ 67]LogSlate:Warning: GetFontFace failed to load or process 'Roboto-Regular'
[2014.09.22-15.19.49:844][ 67]LogSlate:Warning: GetFontFace failed to load or process 'Roboto-Regular'
[2014.09.22-15.19.49:844][ 67]LogSlate:Warning: GetFontFace failed to load or process 'Roboto-Regular'
[2014.09.22-15.19.49:844][ 67]LogSlate:Warning: GetFontFace failed to load or process 'Roboto-Regular'
[2014.09.22-15.19.49:844][ 67]LogSlate:Warning: GetFontFace failed to load or process 'Roboto-Regular'
[2014.09.22-15.19.49:844][ 67]LogSlate:Warning: GetFontFace failed to load or process 'Roboto-Regular'
[2014.09.22-15.19.49:844][ 67]LogSlate:Warning: GetFontFace failed to load or process 'Roboto-Regular'
[2014.09.22-15.19.49:844][ 67]LogSlate:Warning: GetFontFace failed to load or process 'Roboto-Regular'
[2014.09.22-15.20.08:286][434]BlueprintLog: New page: Compile Minimal_Default
[2014.09.22-15.20.08:368][434]BlueprintEditorCompileResults: Info [0253.87] Compile of Minimal_Default successful! [in 1 ms]
[2014.09.22-15.20.12:133][673]BlueprintLog: New page: Pre-PIE auto-recompile
[2014.09.22-15.20.12:133][673]LogPlayLevel: [PIE] Compiling Minimal_Default before PIE...
[2014.09.22-15.20.12:195][673]LogPlayLevel: PIE:  Blueprint regeneration took 61 ms (1 blueprints)
[2014.09.22-15.20.12:195][673]PIE: New page: SIE session: Minimal_Default (Sep 22, 2014, 3:20:12 AM)
[2014.09.22-15.20.12:199][673]LogPlayLevel: PIE: StaticDuplicateObject took: (0.003372s)
[2014.09.22-15.20.12:200][673]LogPlayLevel: PIE: World Init took: (0.000863s)
[2014.09.22-15.20.12:200][673]LogPlayLevel: PIE: Created PIE world by copying editor world from /Game/Maps/Minimal_Default.Minimal_Default to /Game/Maps/UEDPIE_0_Minimal_Default.Minimal_Default (0.004479s)
[2014.09.22-15.20.12:200][673]LogSelection:Warning: PIE object was selected: "Blueprint_CeilingLight_C /Game/Maps/UEDPIE_0_Minimal_Default.Minimal_Default:PersistentLevel.Blueprint_CeilingLight_10"
[2014.09.22-15.20.12:236][673]LogWorld: Game class is 'GameMode'
[2014.09.22-15.20.12:237][673]LogAIModule: Creating AISystem for world Minimal_Default
[2014.09.22-15.20.12:239][673]LogWorld: Bringing World /Game/Maps/UEDPIE_0_Minimal_Default.Minimal_Default up for play (max tick rate 0) at 2014.09.22-09.20.12
[2014.09.22-15.20.12:239][673]LogWorld: Bringing up level for play took: 0.001713
[2014.09.22-15.20.12:240][673]PIE: Info Play in editor start time for /Game/Maps/UEDPIE_0_Minimal_Default 0.585
[2014.09.22-15.20.12:248][673]LogSelection:Warning: PIE object was selected: "Blueprint_CeilingLight_C /Game/Maps/UEDPIE_0_Minimal_Default.Minimal_Default:PersistentLevel.Blueprint_CeilingLight_10"
[2014.09.22-15.20.12:301][674]LogRenderer:Warning: Reallocating scene render targets to support 1344x944.
[2014.09.22-15.20.17:707][ 55]LogParticles: Destroying 0 GPU particle simulations for FXSystem 0x000000001563A0C0
[2014.09.22-15.20.21:592][319]BlueprintLog: New page: Pre-PIE auto-recompile
[2014.09.22-15.20.21:592][319]LogPlayLevel: [PIE] Compiling Minimal_Default before PIE...
[2014.09.22-15.20.21:643][319]LogPlayLevel: PIE:  Blueprint regeneration took 50 ms (1 blueprints)
[2014.09.22-15.20.21:643][319]PIE: New page: PIE session: Minimal_Default (Sep 22, 2014, 3:20:21 AM)
[2014.09.22-15.20.21:646][319]LogPlayLevel: PIE: StaticDuplicateObject took: (0.002964s)
[2014.09.22-15.20.21:647][319]LogPlayLevel: PIE: World Init took: (0.001183s)
[2014.09.22-15.20.21:647][319]LogPlayLevel: PIE: Created PIE world by copying editor world from /Game/Maps/Minimal_Default.Minimal_Default to /Game/Maps/UEDPIE_0_Minimal_Default.Minimal_Default (0.004316s)
[2014.09.22-15.20.21:678][319]LogWorld: Game class is 'GameMode'
[2014.09.22-15.20.21:679][319]LogAIModule: Creating AISystem for world Minimal_Default
[2014.09.22-15.20.21:680][319]LogWorld: Bringing World /Game/Maps/UEDPIE_0_Minimal_Default.Minimal_Default up for play (max tick rate 0) at 2014.09.22-09.20.21
[2014.09.22-15.20.21:680][319]LogWorld: Bringing up level for play took: 0.001597
[2014.09.22-15.20.21:681][319]PIE: Info Play in editor start time for /Game/Maps/UEDPIE_0_Minimal_Default 0.026
[2014.09.22-15.20.23:111][432]LogParticles: Destroying 0 GPU particle simulations for FXSystem 0x00000000046FB920
[2014.09.22-15.20.33:116][100]LogEditorViewport: Clicking on Actor (LMB): Blueprint_CeilingLight_C (Blueprint_CeilingLight)
[2014.09.22-15.21.13:182][731]LogMaterial: Missing cached shader map for material CircleBrushMaterial, compiling.
[2014.09.22-15.21.13:196][731]LogMaterial: Missing cached shader map for material CircleBrushMaterial, compiling.
[2014.09.22-15.21.13:201][731]LogMaterial: Missing cached shader map for material CircleBrushMaterial, compiling.
[2014.09.22-15.21.13:274][731]LogMaterial: Missing cached shader map for material CircleBrushMaterial, compiling.
[2014.09.22-15.21.13:302][731]LogTexture:Display: Building textures: Texture2D_2 (G8)
[2014.09.22-15.21.14:548][785]LogActorComponent: UnregisterComponent: (/Engine/Transient.StaticMeshComponent_10) Not registered. Aborting.
[2014.09.22-15.21.16:211][875]LogContentBrowser:Verbose: The content browser source was changed by the sources view to '/Game/Audio'
[2014.09.22-15.21.17:977][978]LogContentBrowser:Verbose: The content browser source was changed by the sources view to '/Game/Props'
[2014.09.22-15.21.19:437][ 50]LogContentBrowser:Verbose: The content browser source was changed by the sources view to '/Game/Shapes'
[2014.09.22-15.21.20:242][ 78]LogContentBrowser:Verbose: The content browser source was changed by the sources view to '/Game/Textures'
[2014.09.22-15.21.22:320][172]LogContentBrowser:Verbose: The content browser source was changed by the sources view to '/Game/Materials'
[2014.09.22-15.21.24:329][244]LogContentBrowser:Verbose: The content browser source was changed by the sources view to '/Game/Blueprints'
[2014.09.22-15.21.26:911][388]LogContentBrowser:Verbose: The content browser source was changed by the sources view to '/Game/Architecture'
[2014.09.22-15.21.28:281][464]LogEditorViewport: Clicking on Actor (LMB): Blueprint_CeilingLight_C (Blueprint_CeilingLight)
[2014.09.22-15.21.29:366][537]Cmd: DELETE
[2014.09.22-15.21.29:381][537]Cmd: ACTOR DELETE
[2014.09.22-15.21.30:897][537]LogEditorActor: Deleted Actor: Blueprint_CeilingLight_C
[2014.09.22-15.21.30:920][537]LogParticles: Destroying 0 GPU particle simulations for FXSystem 0x00000000152DF2E0
[2014.09.22-15.21.30:923][537]LogEditorActor: Deleted 1 Actors (1.541 secs)
[2014.09.22-15.21.33:436][704]LogContentBrowser:Verbose: The content browser source was changed by the sources view to '/Game/Audio'
[2014.09.22-15.21.33:881][741]LogContentBrowser:Verbose: The content browser source was changed by the sources view to '/Game/Blueprints'
[2014.09.22-15.22.15:377][643]LogEditorViewport: Clicking on Actor (LMB): BP_Sky_Sphere_C (BP_Sky_Sphere)
[2014.09.22-15.22.15:591][656]LogEditorViewport: Clicking on Actor (double click): BP_Sky_Sphere_C (BP_Sky_Sphere)
[2014.09.22-15.22.16:370][711]LogEditorViewport: Clicking on Actor (LMB): Blueprint_WallSconce_C (Blueprint_WallSconce)
[2014.09.22-15.22.21:008][ 34]LogEditorViewport: Clicking on Actor (LMB): BP_Sky_Sphere_C (BP_Sky_Sphere)
[2014.09.22-15.22.33:864][958]LogEditorViewport: Clicking on Actor (LMB): Blueprint_WallSconce_C (Blueprint_WallSconce)
[2014.09.22-15.23.05:919][776]LogEditorViewport: Clicking on Actor (LMB): BP_Sky_Sphere_C (BP_Sky_Sphere)
[2014.09.22-15.23.06:960][850]LogEditorViewport: Clicking on Actor (LMB): Blueprint_WallSconce_C (Blueprint_WallSconce)
[2014.09.22-15.23.07:488][888]LogEditorViewport: Clicking on Actor (LMB): Blueprint_WallSconce_C (Blueprint_WallSconce)
[2014.09.22-15.23.07:628][896]LogEditorViewport: Clicking on Actor (double click): Blueprint_WallSconce_C (Blueprint_WallSconce)
[2014.09.22-15.23.11:671][163]LogEditorViewport: Clicking on Actor (LMB): Blueprint_WallSconce_C (Blueprint_WallSconce)
[2014.09.22-15.23.11:953][182]LogEditorViewport: Clicking on Actor (LMB): Blueprint_WallSconce_C (Blueprint_WallSconce)
[2014.09.22-15.23.12:098][189]LogEditorViewport: Clicking on Actor (double click): Blueprint_WallSconce_C (Blueprint_WallSconce)
[2014.09.22-15.23.12:355][207]LogEditorViewport: Clicking on Actor (LMB): Blueprint_WallSconce_C (Blueprint_WallSconce)
[2014.09.22-15.23.14:239][321]LogEditorViewport: Clicking on Actor (LMB): Blueprint_WallSconce_C (Blueprint_WallSconce)
[2014.09.22-15.23.14:355][327]LogEditorViewport: Clicking on Actor (double click): Blueprint_WallSconce_C (Blueprint_WallSconce)
[2014.09.22-15.23.15:271][395]Cmd: DELETE
[2014.09.22-15.23.15:285][395]Cmd: ACTOR DELETE
[2014.09.22-15.23.15:285][395]LogEditorActor: Deleted Actor: Blueprint_WallSconce_C
[2014.09.22-15.23.15:307][395]LogEditorActor: Deleted 1 Actors (0.021 secs)
[2014.09.22-15.23.22:569][803]Cmd: MAP LOAD FILE="../../../../../../Users/jack/Documents/Unreal Projects/BluePrintOne/Content/Maps/StarterMap.umap" TEMPLATE=0 SHOWPROGRESS=1
[2014.09.22-15.23.22:570][803]LightingResults: New page: Lighting Build
[2014.09.22-15.23.22:591][803]LoadErrors: New page: Loading map: StarterMap.umap
[2014.09.22-15.23.22:591][803]MapCheck: New page: Map Check
[2014.09.22-15.23.22:591][803]LightingResults: New page: Lighting Build
[2014.09.22-15.23.22:610][803]LogParticles: Destroying 0 GPU particle simulations for FXSystem 0x000000000D7B5C60
[2014.09.22-15.23.22:620][803]LogLinker:Warning: Asset '../../../../../../Users/jack/Documents/Unreal Projects/BluePrintOne/Content/Blueprints/Blueprint_Effect_Fire.uasset' has been saved with empty engine version. The asset will be loaded but may be incompatible.
[2014.09.22-15.23.22:640][803]LogLinker:Warning: Asset '../../../../../../Users/jack/Documents/Unreal Projects/BluePrintOne/Content/Blueprints/Blueprint_Effect_Smoke.uasset' has been saved with empty engine version. The asset will be loaded but may be incompatible.
[2014.09.22-15.23.22:649][803]LogLinker:Warning: Asset '../../../../../../Users/jack/Documents/Unreal Projects/BluePrintOne/Content/Blueprints/Blueprint_Effect_Sparks.uasset' has been saved with empty engine version. The asset will be loaded but may be incompatible.
[2014.09.22-15.23.22:660][803]LogLinker:Warning: Asset '../../../../../../Users/jack/Documents/Unreal Projects/BluePrintOne/Content/Blueprints/Blueprint_Effect_Steam.uasset' has been saved with empty engine version. The asset will be loaded but may be incompatible.
[2014.09.22-15.23.22:823][803]LogLinker:Warning: Asset '../../../../../../Users/jack/Documents/Unreal Projects/BluePrintOne/Content/Props/MaterialSphere.uasset' has been saved with empty engine version. The asset will be loaded but may be incompatible.
[2014.09.22-15.23.23:136][803]LogEditorServer: Finished looking for orphan Actors (0.000 secs)
[2014.09.22-15.23.23:136][803]LogAIModule: Creating AISystem for world StarterMap
[2014.09.22-15.23.23:144][803]Cmd: MAP CHECKDEP
[2014.09.22-15.23.23:144][803]MapCheck: New page: StarterMap - Sep 22, 2014, 3:23:23 AM
[2014.09.22-15.23.23:231][803]MapCheck: Info ========== Map Check: 0 Error(s), 0 Warning(s), [83.95ms] ==========
[2014.09.22-15.23.23:231][803]LogFileHelpers: Loading map 'StarterMap' took 0.663
[2014.09.22-15.23.30:587][233]LogEditorViewport: Clicking on Actor (LMB): Blueprint_CeilingLight_C (Blueprint_CeilingLight)
[2014.09.22-15.26.21:562][921]LogSlate:Warning: GetFontFace failed to load or process 'Roboto-Regular'
[2014.09.22-15.27.51:164][500]BlueprintLog: New page: Compile StarterMap
[2014.09.22-15.27.51:249][500]BlueprintEditorCompileResults: Info [0716.74] Compile of StarterMap successful! [in 0 ms]
[2014.09.22-15.27.54:789][706]BlueprintLog: New page: Pre-PIE auto-recompile
[2014.09.22-15.27.54:789][706]LogPlayLevel: [PIE] Compiling StarterMap before PIE...
[2014.09.22-15.27.54:859][706]LogPlayLevel: PIE:  Blueprint regeneration took 69 ms (1 blueprints)
[2014.09.22-15.27.54:859][706]PIE: New page: SIE session: StarterMap (Sep 22, 2014, 3:27:54 AM)
[2014.09.22-15.27.54:892][706]LogPlayLevel: PIE: StaticDuplicateObject took: (0.033314s)
[2014.09.22-15.27.54:894][706]LogPlayLevel: PIE: World Init took: (0.001236s)
[2014.09.22-15.27.54:894][706]LogPlayLevel: PIE: Created PIE world by copying editor world from /Game/Maps/StarterMap.StarterMap to /Game/Maps/UEDPIE_0_StarterMap.StarterMap (0.034905s)
[2014.09.22-15.27.54:924][706]LogWorld: Game class is 'GameMode'
[2014.09.22-15.27.54:926][706]LogAIModule: Creating AISystem for world StarterMap
[2014.09.22-15.27.54:938][706]LogWorld: Bringing World /Game/Maps/UEDPIE_0_StarterMap.StarterMap up for play (max tick rate 0) at 2014.09.22-09.27.54
[2014.09.22-15.27.54:939][706]LogWorld: Bringing up level for play took: 0.012623
[2014.09.22-15.27.54:939][706]PIE: Info Play in editor start time for /Game/Maps/UEDPIE_0_StarterMap -0.721
[2014.09.22-15.27.58:265][884]LogParticles: Destroying 0 GPU particle simulations for FXSystem 0x000000002D6B9C60
[2014.09.22-15.27.59:501][960]BlueprintLog: New page: Pre-PIE auto-recompile
[2014.09.22-15.27.59:501][960]LogPlayLevel: [PIE] Compiling StarterMap before PIE...
[2014.09.22-15.27.59:563][960]LogPlayLevel: PIE:  Blueprint regeneration took 62 ms (1 blueprints)
[2014.09.22-15.27.59:563][960]PIE: New page: SIE session: StarterMap (Sep 22, 2014, 3:27:59 AM)
[2014.09.22-15.27.59:600][960]LogPlayLevel: PIE: StaticDuplicateObject took: (0.036043s)
[2014.09.22-15.27.59:601][960]LogPlayLevel: PIE: World Init took: (0.001165s)
[2014.09.22-15.27.59:601][960]LogPlayLevel: PIE: Created PIE world by copying editor world from /Game/Maps/StarterMap.StarterMap to /Game/Maps/UEDPIE_0_StarterMap.StarterMap (0.037539s)
[2014.09.22-15.27.59:631][960]LogWorld: Game class is 'GameMode'
[2014.09.22-15.27.59:632][960]LogAIModule: Creating AISystem for world StarterMap
[2014.09.22-15.27.59:643][960]LogWorld: Bringing World /Game/Maps/UEDPIE_0_StarterMap.StarterMap up for play (max tick rate 0) at 2014.09.22-09.27.59
[2014.09.22-15.27.59:644][960]LogWorld: Bringing up level for play took: 0.012138
[2014.09.22-15.27.59:645][960]PIE: Info Play in editor start time for /Game/Maps/UEDPIE_0_StarterMap -0.015
[2014.09.22-15.28.01:157][ 33]LogParticles: Destroying 0 GPU particle simulations for FXSystem 0x0000000031C24360
[2014.09.22-15.28.17:182][893]LogEditorViewport: Clicking on Actor (LMB): BP_Sky_Sphere_C (BP_Sky_Shere)
[2014.09.22-15.28.20:406][154]Cmd: OBJ SAVEPACKAGE PACKAGE="/Game/Maps/StarterMap" FILE="../../../../../../Users/jack/Documents/Unreal Projects/BluePrintOne/Content/Maps/StarterMap.umap" SILENT=true AUTOSAVING=false KEEPDIRTY=false
[2014.09.22-15.28.20:932][154]LogSavePackage: Save=479.695709ms
[2014.09.22-15.28.20:932][154]LogSavePackage: Moving '../../../../../../Users/jack/Documents/Unreal Projects/BluePrintOne/Saved/StarterMapFE4DFD7948C8403DDFB54EB0EF9B91CB.tmp' to '../../../../../../Users/jack/Documents/Unreal Projects/BluePrintOne/Content/Maps/StarterMap.umap'
[2014.09.22-15.28.54:235][176]Cmd: QUIT_EDITOR
[2014.09.22-15.28.54:366][176]LogWindowsTextInputMethodSystem:Error: Terminating failed while unadvising the language notification sink from the TSF source.
[2014.09.22-15.28.54:367][176]LogExit: Preparing to exit.
[2014.09.22-15.28.55:424][176]LogExit: Editor shut down
[2014.09.22-15.28.55:424][176]LogExit: Transaction tracking system shut down
[2014.09.22-15.28.55:425][176]LogParticles: Destroying 0 GPU particle simulations for FXSystem 0x000000000B72D6C0
[2014.09.22-15.28.55:426][176]LogParticles: Destroying 0 GPU particle simulations for FXSystem 0x000000000E8CCA40
[2014.09.22-15.28.55:426][176]LogParticles: Destroying 0 GPU particle simulations for FXSystem 0x000000000E8CC9A0
[2014.09.22-15.28.55:471][176]LogParticles: Destroying 0 GPU particle simulations for FXSystem 0x0000000029D8D9E0
[2014.09.22-15.28.55:471][176]LogExit: Object subsystem successfully closed.
[2014.09.22-15.28.55:497][176]LogModuleManager: Shutting down and abandoning module AndroidDeviceDetection (161)
[2014.09.22-15.28.55:497][176]LogModuleManager: Shutting down and abandoning module HTTP (160)
[2014.09.22-15.28.55:497][176]LogModuleManager: Shutting down and abandoning module CrashTracker (159)
[2014.09.22-15.28.55:497][176]LogModuleManager: Shutting down and abandoning module SuperSearch (158)
[2014.09.22-15.28.55:497][176]LogModuleManager: Shutting down and abandoning module SceneOutliner (157)
[2014.09.22-15.28.55:497][176]LogModuleManager: Shutting down and abandoning module EditorWidgets (156)
[2014.09.22-15.28.55:497][176]LogModuleManager: Shutting down and abandoning module CollectionManager (155)
[2014.09.22-15.28.55:497][176]LogModuleManager: Shutting down and abandoning module StatsViewer (154)
[2014.09.22-15.28.55:497][176]LogModuleManager: Shutting down and abandoning module FoliageEdit (153)
[2014.09.22-15.28.55:497][176]LogModuleManager: Shutting down and abandoning module LandscapeEditor (152)
[2014.09.22-15.28.55:497][176]LogModuleManager: Shutting down and abandoning module MeshPaint (151)
[2014.09.22-15.28.55:497][176]LogModuleManager: Shutting down and abandoning module ActorPickerMode (150)
[2014.09.22-15.28.55:497][176]LogModuleManager: Shutting down and abandoning module GeometryMode (149)
[2014.09.22-15.28.55:497][176]LogModuleManager: Shutting down and abandoning module TextureAlignMode (148)
[2014.09.22-15.28.55:497][176]LogModuleManager: Shutting down and abandoning module BspMode (147)
[2014.09.22-15.28.55:497][176]LogModuleManager: Shutting down and abandoning module PlacementMode (146)
[2014.09.22-15.28.55:497][176]LogModuleManager: Shutting down and abandoning module DesktopPlatform (145)
[2014.09.22-15.28.55:497][176]LogModuleManager: Shutting down and abandoning module AutomationWorker (144)
[2014.09.22-15.28.55:497][176]LogModuleManager: Shutting down and abandoning module EditorLiveStreaming (143)
[2014.09.22-15.28.55:497][176]LogModuleManager: Shutting down and abandoning module BehaviorTreeEditor (142)
[2014.09.22-15.28.55:497][176]LogModuleManager: Shutting down and abandoning module DeviceProfileEditor (141)
[2014.09.22-15.28.55:497][176]LogModuleManager: Shutting down and abandoning module UndoHistory (140)
[2014.09.22-15.28.55:497][176]LogModuleManager: Shutting down and abandoning module GameplayTagsEditor (139)
[2014.09.22-15.28.55:497][176]LogModuleManager: Shutting down and abandoning module UserFeedback (138)
[2014.09.22-15.28.55:497][176]LogModuleManager: Shutting down and abandoning module XmlParser (137)
[2014.09.22-15.28.55:497][176]LogModuleManager: Shutting down and abandoning module Blutility (136)
[2014.09.22-15.28.55:497][176]LogModuleManager: Shutting down and abandoning module IOSPlatformEditor (135)
[2014.09.22-15.28.55:497][176]LogModuleManager: Shutting down and abandoning module IOSRuntimeSettings (134)
[2014.09.22-15.28.55:497][176]LogModuleManager: Shutting down and abandoning module AndroidPlatformEditor (133)
[2014.09.22-15.28.55:497][176]LogModuleManager: Shutting down and abandoning module AndroidRuntimeSettings (132)
[2014.09.22-15.28.55:497][176]LogModuleManager: Shutting down and abandoning module ProjectTargetPlatformEditor (131)
[2014.09.22-15.28.55:497][176]LogModuleManager: Shutting down and abandoning module ProjectSettingsViewer (130)
[2014.09.22-15.28.55:497][176]LogModuleManager: Shutting down and abandoning module InputBindingEditor (129)
[2014.09.22-15.28.55:497][176]LogModuleManager: Shutting down and abandoning module EditorSettingsViewer (128)
[2014.09.22-15.28.55:497][176]LogModuleManager: Shutting down and abandoning module SettingsEditor (127)
[2014.09.22-15.28.55:497][176]LogModuleManager: Shutting down and abandoning module SessionLauncher (126)
[2014.09.22-15.28.55:497][176]LogModuleManager: Shutting down and abandoning module SessionFrontend (125)
[2014.09.22-15.28.55:497][176]LogModuleManager: Shutting down and abandoning module ProfilerClient (124)
[2014.09.22-15.28.55:497][176]LogModuleManager: Shutting down and abandoning module TargetDeviceServices (123)
[2014.09.22-15.28.55:498][176]LogModuleManager: Shutting down and abandoning module DeviceManager (122)
[2014.09.22-15.28.55:498][176]LogModuleManager: Shutting down and abandoning module AutomationController (121)
[2014.09.22-15.28.55:498][176]LogModuleManager: Shutting down and abandoning module AutomationWindow (120)
[2014.09.22-15.28.55:498][176]LogModuleManager: Shutting down and abandoning module Layers (119)
[2014.09.22-15.28.55:498][176]LogModuleManager: Shutting down and abandoning module ComponentVisualizers (118)
[2014.09.22-15.28.55:498][176]LogModuleManager: Shutting down and abandoning module DetailCustomizations (117)
[2014.09.22-15.28.55:498][176]LogModuleManager: Shutting down and abandoning module PackagesDialog (116)
[2014.09.22-15.28.55:498][176]LogModuleManager: Shutting down and abandoning module DirectoryWatcher (115)
[2014.09.22-15.28.55:498][176]LogModuleManager: Shutting down and abandoning module AssetRegistry (114)
[2014.09.22-15.28.55:592][176]LogModuleManager: Shutting down and abandoning module Persona (113)
[2014.09.22-15.28.55:592][176]LogModuleManager: Shutting down and abandoning module GraphEditor (112)
[2014.09.22-15.28.55:592][176]LogModuleManager: Shutting down and abandoning module ClassViewer (111)
[2014.09.22-15.28.55:592][176]LogModuleManager: Shutting down and abandoning module Toolbox (110)
[2014.09.22-15.28.55:592][176]LogModuleManager: Shutting down and abandoning module ModuleUI (109)
[2014.09.22-15.28.55:592][176]LogModuleManager: Shutting down and abandoning module Sequencer (108)
[2014.09.22-15.28.55:592][176]LogModuleManager: Shutting down and abandoning module MovieSceneTools (107)
[2014.09.22-15.28.55:592][176]LogModuleManager: Shutting down and abandoning module OutputLog (106)
[2014.09.22-15.28.55:592][176]LogModuleManager: Shutting down and abandoning module GammaUI (105)
[2014.09.22-15.28.55:592][176]LogModuleManager: Shutting down and abandoning module Documentation (104)
[2014.09.22-15.28.55:592][176]LogModuleManager: Shutting down and abandoning module GameLiveStreaming (103)
[2014.09.22-15.28.55:592][176]LogModuleManager: Shutting down and abandoning module StreamingPauseRendering (102)
[2014.09.22-15.28.55:592][176]LogModuleManager: Shutting down and abandoning module AnalyticsET (101)
[2014.09.22-15.28.55:592][176]LogModuleManager: Shutting down and abandoning module Analytics (100)
[2014.09.22-15.28.55:592][176]LogModuleManager: Shutting down and abandoning module GameplayDebugger (99)
[2014.09.22-15.28.55:592][176]LogModuleManager: Shutting down and abandoning module AIModule (98)
[2014.09.22-15.28.55:592][176]LogModuleManager: Shutting down and abandoning module ProfilerService (97)
[2014.09.22-15.28.55:814][176]LogModuleManager: Shutting down and abandoning module TaskGraph (96)
[2014.09.22-15.28.55:814][176]LogModuleManager: Shutting down and abandoning module SlateRemote (95)
[2014.09.22-15.28.55:814][176]LogModuleManager: Shutting down and abandoning module ScriptEditorPlugin (94)
[2014.09.22-15.28.55:814][176]LogModuleManager: Shutting down and abandoning module CustomMeshComponent (93)
[2014.09.22-15.28.55:814][176]LogModuleManager: Shutting down and abandoning module CableComponent (92)
[2014.09.22-15.28.55:814][176]LogModuleManager: Shutting down and abandoning module MessagingDebugger (91)
[2014.09.22-15.28.55:814][176]LogModuleManager: Shutting down and abandoning module ViewportSnapping (90)
[2014.09.22-15.28.55:814][176]LogModuleManager: Shutting down and abandoning module SmartSnapping (89)
[2014.09.22-15.28.55:814][176]LogModuleManager: Shutting down and abandoning module PaperTiledImporter (88)
[2014.09.22-15.28.55:814][176]LogModuleManager: Shutting down and abandoning module PaperJsonImporter (87)
[2014.09.22-15.28.55:814][176]LogModuleManager: Shutting down and abandoning module GameProjectGeneration (86)
[2014.09.22-15.28.55:814][176]LogModuleManager: Shutting down and abandoning module Matinee (85)
[2014.09.22-15.28.55:814][176]LogModuleManager: Shutting down and abandoning module Kismet (84)
[2014.09.22-15.28.55:814][176]LogModuleManager: Shutting down and abandoning module SlateReflector (83)
[2014.09.22-15.28.55:814][176]LogModuleManager: Shutting down and abandoning module LevelEditor (82)
[2014.09.22-15.28.55:816][176]LogModuleManager: Shutting down and abandoning module IntroTutorials (81)
[2014.09.22-15.28.55:816][176]LogModuleManager: Shutting down and abandoning module ContentBrowser (80)
[2014.09.22-15.28.55:816][176]LogModuleManager: Shutting down and abandoning module PropertyEditor (79)
[2014.09.22-15.28.55:816][176]LogModuleManager: Shutting down and abandoning module AssetTools (78)
[2014.09.22-15.28.55:816][176]LogModuleManager: Shutting down and abandoning module Paper2DEditor (77)
[2014.09.22-15.28.55:816][176]LogModuleManager: Shutting down and abandoning module SpeedTreeImporter (76)
[2014.09.22-15.28.55:816][176]LogModuleManager: Shutting down and abandoning module PluginsEditor (75)
[2014.09.22-15.28.55:816][176]LogModuleManager: Shutting down and abandoning module MainFrame (74)
[2014.09.22-15.28.55:816][176]LogModuleManager: Shutting down and abandoning module EpicSurvey (73)
[2014.09.22-15.28.55:816][176]LogModuleManager: Shutting down and abandoning module VisualStudioSourceCodeAccess (72)
[2014.09.22-15.28.55:816][176]LogModuleManager: Shutting down and abandoning module UObjectPlugin (71)
[2014.09.22-15.28.55:816][176]LogModuleManager: Shutting down and abandoning module SubversionSourceControl (70)
[2014.09.22-15.28.55:816][176]LogModuleManager: Shutting down and abandoning module SourceControl (69)
[2014.09.22-15.28.55:816][176]LogModuleManager: Shutting down and abandoning module PerforceSourceControl (68)
[2014.09.22-15.28.55:816][176]LogModuleManager: Shutting down and abandoning module BlankPlugin (67)
[2014.09.22-15.28.55:816][176]LogModuleManager: Shutting down and abandoning module ScriptPlugin (66)
[2014.09.22-15.28.55:816][176]LogModuleManager: Shutting down and abandoning module UdpMessaging (65)
[2014.09.22-15.28.55:916][176]LogModuleManager: Shutting down and abandoning module Paper2D (64)
[2014.09.22-15.28.55:916][176]LogModuleManager: Shutting down and abandoning module WindowsMoviePlayer (63)
[2014.09.22-15.28.55:924][176]LogModuleManager: Shutting down and abandoning module ImageWrapper (62)
[2014.09.22-15.28.55:924][176]LogModuleManager: Shutting down and abandoning module OnlineBlueprintSupport (61)
[2014.09.22-15.28.55:924][176]LogModuleManager: Shutting down and abandoning module FunctionalTesting (60)
[2014.09.22-15.28.55:924][176]LogModuleManager: Shutting down and abandoning module CollisionAnalyzer (59)
[2014.09.22-15.28.55:924][176]LogModuleManager: Shutting down and abandoning module WorkspaceMenuStructure (58)
[2014.09.22-15.28.55:924][176]LogModuleManager: Shutting down and abandoning module MessageLog (57)
[2014.09.22-15.28.55:924][176]LogModuleManager: Shutting down and abandoning module UMGEditor (56)
[2014.09.22-15.28.55:924][176]LogModuleManager: Shutting down and abandoning module UMG (55)
[2014.09.22-15.28.55:924][176]LogModuleManager: Shutting down and abandoning module Slate (54)
[2014.09.22-15.28.55:924][176]LogModuleManager: Shutting down and abandoning module EditorStyle (53)
[2014.09.22-15.28.55:926][176]LogModuleManager: Shutting down and abandoning module SessionServices (52)
[2014.09.22-15.28.55:927][176]LogModuleManager: Shutting down and abandoning module SourceCodeAccess (51)
[2014.09.22-15.28.55:927][176]LogModuleManager: Shutting down and abandoning module HeadMountedDisplay (50)
[2014.09.22-15.28.55:927][176]LogModuleManager: Shutting down and abandoning module XAudio2 (49)
[2014.09.22-15.28.55:927][176]LogModuleManager: Shutting down and abandoning module Networking (47)
[2014.09.22-15.28.55:927][176]LogModuleManager: Shutting down and abandoning module Core (46)
[2014.09.22-15.28.55:927][176]LogModuleManager: Shutting down and abandoning module KismetCompiler (45)
[2014.09.22-15.28.55:927][176]LogModuleManager: Shutting down and abandoning module PhysXFormats (44)
[2014.09.22-15.28.55:927][176]LogModuleManager: Shutting down and abandoning module MeshUtilities (43)
[2014.09.22-15.28.55:927][176]LogModuleManager: Shutting down and abandoning module DerivedDataCache (42)
[2014.09.22-15.28.55:986][176]LogDerivedDataCache: Shutdown
[2014.09.22-15.28.55:986][176]LogModuleManager: Shutting down and abandoning module ShaderFormatOpenGL (41)
[2014.09.22-15.28.55:986][176]LogModuleManager: Shutting down and abandoning module ShaderFormatD3D (40)
[2014.09.22-15.28.55:986][176]LogModuleManager: Shutting down and abandoning module MetalShaderFormat (39)
[2014.09.22-15.28.55:986][176]LogModuleManager: Shutting down and abandoning module TextureFormatUncompressed (38)
[2014.09.22-15.28.55:986][176]LogModuleManager: Shutting down and abandoning module TextureFormatPVR (37)
[2014.09.22-15.28.55:986][176]LogModuleManager: Shutting down and abandoning module TextureFormatDXT (36)
[2014.09.22-15.28.55:986][176]LogModuleManager: Shutting down and abandoning module TextureFormatAndroid (35)
[2014.09.22-15.28.55:986][176]LogModuleManager: Shutting down and abandoning module AudioFormatOpus (34)
[2014.09.22-15.28.55:986][176]LogModuleManager: Shutting down and abandoning module AudioFormatOgg (33)
[2014.09.22-15.28.55:986][176]LogModuleManager: Shutting down and abandoning module AudioFormatADPCM (32)
[2014.09.22-15.28.55:986][176]LogModuleManager: Shutting down and abandoning module Messaging (31)
[2014.09.22-15.28.55:986][176]LogModuleManager: Shutting down and abandoning module IOSTargetPlatform (30)
[2014.09.22-15.28.55:986][176]LogModuleManager: Shutting down and abandoning module Android_PVRTCTargetPlatform (29)
[2014.09.22-15.28.55:986][176]LogModuleManager: Shutting down and abandoning module Android_ETC2TargetPlatform (28)
[2014.09.22-15.28.55:986][176]LogModuleManager: Shutting down and abandoning module Android_ETC1TargetPlatform (27)
[2014.09.22-15.28.55:986][176]LogModuleManager: Shutting down and abandoning module Android_DXTTargetPlatform (26)
[2014.09.22-15.28.55:986][176]LogModuleManager: Shutting down and abandoning module Android_ATCTargetPlatform (25)
[2014.09.22-15.28.55:986][176]LogModuleManager: Shutting down and abandoning module AndroidTargetPlatform (24)
[2014.09.22-15.28.55:986][176]LogModuleManager: Shutting down and abandoning module WindowsTargetPlatform (23)
[2014.09.22-15.28.55:986][176]LogModuleManager: Shutting down and abandoning module WindowsServerTargetPlatform (22)
[2014.09.22-15.28.55:986][176]LogModuleManager: Shutting down and abandoning module WindowsNoEditorTargetPlatform (21)
[2014.09.22-15.28.55:986][176]LogModuleManager: Shutting down and abandoning module WindowsClientTargetPlatform (20)
[2014.09.22-15.28.55:986][176]LogModuleManager: Shutting down and abandoning module TargetPlatform (19)
[2014.09.22-15.28.55:986][176]LogModuleManager: Shutting down and abandoning module InputCore (18)
[2014.09.22-15.28.55:986][176]LogModuleManager: Shutting down and abandoning module Settings (17)
[2014.09.22-15.28.55:986][176]LogModuleManager: Shutting down and abandoning module ExampleDeviceProfileSelector (14)
[2014.09.22-15.28.55:986][176]LogModuleManager: Shutting down and abandoning module OculusRift (13)
[2014.09.22-15.28.55:987][176]LogModuleManager: Shutting down and abandoning module TextureCompressor (12)
[2014.09.22-15.28.55:987][176]LogModuleManager: Shutting down and abandoning module ShaderCore (11)
[2014.09.22-15.28.55:987][176]LogModuleManager: Shutting down and abandoning module OpenGLDrv (10)
[2014.09.22-15.28.55:987][176]LogModuleManager: Shutting down and abandoning module D3D11RHI (9)
[2014.09.22-15.28.55:987][176]LogModuleManager: Shutting down and abandoning module SlateRHIRenderer (8)
[2014.09.22-15.28.55:987][176]LogModuleManager: Shutting down and abandoning module Renderer (7)
[2014.09.22-15.28.55:987][176]LogModuleManager: Shutting down and abandoning module Engine (6)
[2014.09.22-15.28.55:987][176]LogModuleManager: Shutting down and abandoning module CoreUObject (5)
[2014.09.22-15.28.55:987][176]LogModuleManager: Shutting down and abandoning module NetworkFile (4)
[2014.09.22-15.28.55:987][176]LogModuleManager: Shutting down and abandoning module StreamingFile (3)
[2014.09.22-15.28.55:987][176]LogModuleManager: Shutting down and abandoning module SandboxFile (2)
[2014.09.22-15.28.55:987][176]LogModuleManager: Shutting down and abandoning module PakFile (1)
[2014.09.22-15.28.55:987][176]LogExit: Exiting.
[2014.09.22-15.28.55:991][176]Log file closed, 09/22/14 09:28:55
