Log file open, 09/22/14 08:54:56
LogInit:Display: Running engine for game: BluePrintOne
LogInit: Version: 4.4.3-2296771+++depot+UE4-Releases+4.4
LogInit: API Version: 2255576
LogInit: Compiled (64-bit): Sep 13 2014 22:30:58
LogInit: Build Configuration: Development
LogInit: Branch Name: ++depot+UE4-Releases+4.4
LogInit: Command line: 
LogInit: Base directory: C:/Program Files/Unreal Engine/4.4/Engine/Binaries/Win64/
LogInit: Rocket: 1
[2014.09.22-14.54.56:728][  0]LogTaskGraph: Started task graph with 3 named threads and 4 total threads.
[2014.09.22-14.54.56:759][  0]LogOnline:Warning: No default platform service specified for OnlineSubsystem
[2014.09.22-14.54.56:768][  0]LogInit: Presizing for 0 objects not considered by GC, pre-allocating 0 bytes.
[2014.09.22-14.54.56:774][  0]LogInit: Object subsystem initialized
[2014.09.22-14.54.56:776][  0]LogInit: Selected Device Profile: [Windows]
[2014.09.22-14.54.56:776][  0]LogInit: Applying CVar settings loaded from the selected device profile: [Windows]
[2014.09.22-14.54.56:779][  0]LogInit: Computer: JACK-PC
[2014.09.22-14.54.56:779][  0]LogInit: User: jack
[2014.09.22-14.54.56:780][  0]LogInit: CPU Page size=4096, Cores=4
[2014.09.22-14.54.56:780][  0]LogInit: High frequency timer resolution =3.020517 MHz
[2014.09.22-14.54.56:780][  0]LogMemory: Memory total: Physical=7.9GB (8GB approx) Virtual=8192.0GB
[2014.09.22-14.54.56:780][  0]LogMemory: Platform Memory Stats for Windows
[2014.09.22-14.54.56:780][  0]LogMemory: Process Physical Memory: 59.93 MB used, 59.93 MB peak
[2014.09.22-14.54.56:780][  0]LogMemory: Process Virtual Memory: 37.28 MB used, 37.28 MB peak
[2014.09.22-14.54.56:780][  0]LogMemory: Physical Memory: 4142.20 MB used, 8124.80 MB total
[2014.09.22-14.54.56:780][  0]LogMemory: Virtual Memory: 259.38 MB used, 8388608.00 MB total
[2014.09.22-14.54.56:802][  0]LogD3D11RHI: Found D3D11 adapter 0: AMD Radeon HD 7800 Series (Feature Level 11_0)
[2014.09.22-14.54.56:802][  0]LogD3D11RHI: Adapter has 2030MB of dedicated video memory, 0MB of dedicated system memory, and 3806MB of shared system memory, 2 output[s]
[2014.09.22-14.54.56:802][  0]LogD3D11RHI: Chosen D3D11 Adapter Id = 0
[2014.09.22-14.54.56:806][  0]LogRHI: Texture pool is 1361 MB (70% of 1945 MB)
[2014.09.22-14.54.56:811][  0]LogD3D11RHI: Async texture creation disabled: no driver support
[2014.09.22-14.54.56:914][  0]LogContentStreaming: Texture pool size is 0.000000MB
[2014.09.22-14.54.58:384][  0]LogTargetPlatformManager:Display: Building Assets For Windows
[2014.09.22-14.54.58:943][  0]LogTargetPlatformManager:Display: Building Assets For Windows
[2014.09.22-14.54.58:977][  0]LogDerivedDataCache:Display: Max Cache Size: 512 MB
[2014.09.22-14.54.59:040][  0]LogDerivedDataCache: Loaded boot cache 0.06s 39MB C:/Users/jack/AppData/Local/UnrealEngine/4.4/DerivedDataCache/Boot.ddc.
[2014.09.22-14.54.59:040][  0]LogDerivedDataCache:Display: Loaded Boot cache: C:/Users/jack/AppData/Local/UnrealEngine/4.4/DerivedDataCache/Boot.ddc
[2014.09.22-14.54.59:040][  0]LogDerivedDataCache: FDerivedDataBackendGraph:  Pak pak cache file ../../../../../../Users/jack/Documents/Unreal Projects/BluePrintOne/DerivedDataCache/DDC.ddp not found, will not use a pak cache.
[2014.09.22-14.54.59:040][  0]LogDerivedDataCache: Unable to find inner node Pak for hierarchical cache Hierarchy.
[2014.09.22-14.54.59:060][  0]LogDerivedDataCache:Display: Pak cache opened for reading ../../../Engine/DerivedDataCache/DDC.ddp.
[2014.09.22-14.54.59:070][  0]LogDerivedDataCache: Using Local data cache path C:/Users/jack/AppData/Local/UnrealEngine/4.4/DerivedDataCache: Writable
[2014.09.22-14.54.59:759][  0]LogMeshUtilities: No automatic mesh reduction module available
[2014.09.22-14.54.59:759][  0]LogMeshUtilities: No automatic mesh merging module available
[2014.09.22-14.55.00:182][  0]LogInit: WinSock: version 1.1 (2.2), MaxSocks=32767, MaxUdp=65467
[2014.09.22-14.55.00:853][  0]LogStats:Warning: MetaData mismatch. Did you assign a stat to two groups? New //STATGROUP_Threads//FMonitoredProcess///Thread_dd4_0///////STATCAT_Advanced//// old //STATGROUP_Threads//FMonitoredProcess///Thread_11c0_0///////STATCAT_Advanced////
[2014.09.22-14.55.00:853][  0]UdpMessaging: Initializing bridge on interface 0.0.0.0:0 to multicast group 230.0.0.1:6666.
[2014.09.22-14.55.00:954][  0]SourceControl: Info Source control is disabled
[2014.09.22-14.55.00:954][  0]SourceControl: Info Source control is disabled
[2014.09.22-14.55.00:958][  0]SourceControl: Info Source control is disabled
[2014.09.22-14.55.01:090][  0]BlueprintLog: New page: Editor Load
[2014.09.22-14.55.01:159][  0]LogObj: 21438 objects as part of root set at end of initial load.
[2014.09.22-14.55.01:159][  0]LogUObjectAllocator: 4218648 out of 0 bytes used by permanent object pool.
[2014.09.22-14.55.01:313][  0]LogEngine: Initializing Engine...
[2014.09.22-14.55.01:412][  0]LogInit: XAudio2 using 'Speakers (Realtek High Definition Audio)' : 2 channels at 48 kHz using 32 bits per sample (channel mask 0x3)
[2014.09.22-14.55.01:420][  0]LogInit: FAudioDevice initialized.
[2014.09.22-14.55.01:434][  0]LogAIModule: Creating AISystem for world NewWorld
[2014.09.22-14.55.01:463][  0]LogDerivedDataCache: Saved boot cache 0.03s 39MB C:/Users/jack/AppData/Local/UnrealEngine/4.4/DerivedDataCache/Boot.ddc.
[2014.09.22-14.55.01:476][  0]LogInit: Texture streaming: Enabled
[2014.09.22-14.55.01:498][  0]LogInit: Transaction tracking system initialized
[2014.09.22-14.55.01:599][  0]LogAssetRegistry: FAssetRegistry took 0.0096 seconds to start up
[2014.09.22-14.55.02:175][  0]LogTargetPlatformManager:Display: Building Assets For Windows
[2014.09.22-14.55.02:454][  0]LogTargetPlatformManager:Display: Building Assets For Windows
[2014.09.22-14.55.02:542][  0]LogConsoleResponse:Display: 
[2014.09.22-14.55.02:666][  0]LogStats:Warning: MetaData mismatch. Did you assign a stat to two groups? New //STATGROUP_Threads//FMonitoredProcess///Thread_1784_0///////STATCAT_Advanced//// old //STATGROUP_Threads//FMonitoredProcess///Thread_11c0_0///////STATCAT_Advanced////
[2014.09.22-14.55.02:666][  0]LogStats:Warning: MetaData mismatch. Did you assign a stat to two groups? New //STATGROUP_Threads//FMonitoredProcess///Thread_14e4_0///////STATCAT_Advanced//// old //STATGROUP_Threads//FMonitoredProcess///Thread_11c0_0///////STATCAT_Advanced////
[2014.09.22-14.55.02:666][  0]SourceControl: Info Source control is disabled
[2014.09.22-14.55.02:666][  0]Cmd: MAP LOAD FILE="../../../../../../Users/jack/Documents/Unreal Projects/BluePrintOne/Content/Maps/Minimal_Default.umap" TEMPLATE=0 SHOWPROGRESS=1
[2014.09.22-14.55.02:666][  0]LightingResults: New page: Lighting Build
[2014.09.22-14.55.02:675][  0]MapCheck: New page: Map Check
[2014.09.22-14.55.02:675][  0]LightingResults: New page: Lighting Build
[2014.09.22-14.55.02:697][  0]LogParticles: Destroying 0 GPU particle simulations for FXSystem 0x0000000012155300
[2014.09.22-14.55.05:368][  0]LogEditorServer: Finished looking for orphan Actors (0.000 secs)
[2014.09.22-14.55.05:368][  0]LogAIModule: Creating AISystem for world Minimal_Default
[2014.09.22-14.55.05:551][  0]Cmd: MAP CHECKDEP
[2014.09.22-14.55.05:551][  0]MapCheck: New page: Minimal_Default - Sep 22, 2014, 2:55:05 AM
[2014.09.22-14.55.05:610][  0]MapCheck: Info ========== Map Check: 0 Error(s), 0 Warning(s), [58.624ms] ==========
[2014.09.22-14.55.05:610][  0]LogFileHelpers: Loading map 'Minimal_Default' took 2.944
[2014.09.22-14.55.06:661][  0]LogCollectionManager: Loaded 0 collections in 0.001755 seconds
[2014.09.22-14.55.08:518][  0]LogCrashTracker: Crashtracker disabled due to settings.
[2014.09.22-14.55.08:664][  0]LogLoad: Full Startup: 13.80 seconds (BP compile: 0.06 seconds)
[2014.09.22-14.55.09:581][  0]LogRenderer:Warning: Reallocating scene render targets to support 1136x936.
[2014.09.22-14.55.12:398][100]LogEditorViewport: Clicking on Actor (context menu): BP_Sky_Sphere_C (BP_Sky_Sphere)
[2014.09.22-14.55.15:780][236]LogEditorViewport: Clicking on Actor (LMB): BP_Sky_Sphere_C (BP_Sky_Sphere)
[2014.09.22-14.55.20:100][613]LogAssetRegistry: Asset discovery search completed in 18.5106 seconds
[2014.09.22-14.55.33:235][717]LogSavePackage: Save=123.378548ms
[2014.09.22-14.55.33:236][717]LogSavePackage: Moving '../../../../../../Users/jack/Documents/Unreal Projects/BluePrintOne/Saved/Minimal_DefaultC2EA4FE94257B6C224DDF3A5F42B0E6B.tmp' to '../../../../../../Users/jack/Documents/Unreal Projects/BluePrintOne/Content/Maps/Minimal_Default.umap'
[2014.09.22-14.55.37:732][953]Cmd: MAP LOAD FILE="../../../../../../Users/jack/Documents/Unreal Projects/BluePrintOne/Content/Maps/StarterMap.umap" TEMPLATE=0 SHOWPROGRESS=1
[2014.09.22-14.55.37:733][953]LightingResults: New page: Lighting Build
[2014.09.22-14.55.37:752][953]LoadErrors: New page: Loading map: StarterMap.umap
[2014.09.22-14.55.37:753][953]MapCheck: New page: Map Check
[2014.09.22-14.55.37:753][953]LightingResults: New page: Lighting Build
[2014.09.22-14.55.37:838][953]LogParticles: Destroying 0 GPU particle simulations for FXSystem 0x0000000015F65620
[2014.09.22-14.55.37:849][953]LogLinker:Warning: Asset '../../../../../../Users/jack/Documents/Unreal Projects/BluePrintOne/Content/Props/SM_Lamp_Ceiling.uasset' has been saved with empty engine version. The asset will be loaded but may be incompatible.
[2014.09.22-14.55.37:904][953]LogLinker:Warning: Asset '../../../../../../Users/jack/Documents/Unreal Projects/BluePrintOne/Content/Blueprints/Blueprint_Effect_Fire.uasset' has been saved with empty engine version. The asset will be loaded but may be incompatible.
[2014.09.22-14.55.37:925][953]LogLinker:Warning: Asset '../../../../../../Users/jack/Documents/Unreal Projects/BluePrintOne/Content/Blueprints/Blueprint_Effect_Smoke.uasset' has been saved with empty engine version. The asset will be loaded but may be incompatible.
[2014.09.22-14.55.37:934][953]LogLinker:Warning: Asset '../../../../../../Users/jack/Documents/Unreal Projects/BluePrintOne/Content/Blueprints/Blueprint_Effect_Sparks.uasset' has been saved with empty engine version. The asset will be loaded but may be incompatible.
[2014.09.22-14.55.37:948][953]LogLinker:Warning: Asset '../../../../../../Users/jack/Documents/Unreal Projects/BluePrintOne/Content/Blueprints/Blueprint_Effect_Steam.uasset' has been saved with empty engine version. The asset will be loaded but may be incompatible.
[2014.09.22-14.55.38:130][953]LogLinker:Warning: Asset '../../../../../../Users/jack/Documents/Unreal Projects/BluePrintOne/Content/Props/MaterialSphere.uasset' has been saved with empty engine version. The asset will be loaded but may be incompatible.
[2014.09.22-14.55.39:674][953]LogMaterial: Missing cached shader map for material M_Ground_Moss, compiling.
[2014.09.22-14.55.41:647][953]LogEditorServer: Finished looking for orphan Actors (0.000 secs)
[2014.09.22-14.55.41:648][953]LogAIModule: Creating AISystem for world StarterMap
[2014.09.22-14.55.41:654][953]Cmd: MAP CHECKDEP
[2014.09.22-14.55.41:654][953]MapCheck: New page: StarterMap - Sep 22, 2014, 2:55:41 AM
[2014.09.22-14.55.41:779][953]MapCheck: Info ========== Map Check: 0 Error(s), 0 Warning(s), [125.616ms] ==========
[2014.09.22-14.55.41:779][953]LogFileHelpers: Loading map 'StarterMap' took 4.047
[2014.09.22-14.57.44:714][ 42]LogRenderer:Warning: Reallocating scene render targets to support 1344x936.
[2014.09.22-14.57.52:668][491]LogEditorViewport: Clicking on Actor (LMB): Blueprint_CeilingLight_C (Blueprint_CeilingLight)
[2014.09.22-14.58.52:839][922]LogEditorViewport: Clicking on Actor (LMB): Blueprint_CeilingLight_C (Blueprint_CeilingLight)
[2014.09.22-14.58.52:914][924]LogEditorViewport: Clicking on Actor (double click): Blueprint_CeilingLight_C (Blueprint_CeilingLight)
[2014.09.22-15.01.39:273][826]LogSlate:Warning: GetFontFace failed to load or process 'Roboto-Regular'
[2014.09.22-15.01.39:273][826]LogSlate:Warning: GetFontFace failed to load or process 'Roboto-Regular'
[2014.09.22-15.01.39:339][826]LogSlate:Warning: GetFontFace failed to load or process 'Roboto-Regular'
[2014.09.22-15.01.39:340][826]LogSlate:Warning: GetFontFace failed to load or process 'Roboto-Regular'
[2014.09.22-15.01.39:340][826]LogSlate:Warning: GetFontFace failed to load or process 'Roboto-Regular'
[2014.09.22-15.01.39:340][826]LogSlate:Warning: GetFontFace failed to load or process 'Roboto-Regular'
[2014.09.22-15.01.39:340][826]LogSlate:Warning: GetFontFace failed to load or process 'Roboto-Regular'
[2014.09.22-15.01.39:340][826]LogSlate:Warning: GetFontFace failed to load or process 'Roboto-Regular'
[2014.09.22-15.01.39:340][826]LogSlate:Warning: GetFontFace failed to load or process 'Roboto-Regular'
[2014.09.22-15.01.39:340][826]LogSlate:Warning: GetFontFace failed to load or process 'Roboto-Regular'
[2014.09.22-15.01.39:340][826]LogSlate:Warning: GetFontFace failed to load or process 'Roboto-Regular'
[2014.09.22-15.01.39:340][826]LogSlate:Warning: GetFontFace failed to load or process 'Roboto-Regular'
[2014.09.22-15.01.39:340][826]LogSlate:Warning: GetFontFace failed to load or process 'Roboto-Regular'
[2014.09.22-15.01.39:340][826]LogSlate:Warning: GetFontFace failed to load or process 'Roboto-Regular'
[2014.09.22-15.01.39:340][826]LogSlate:Warning: GetFontFace failed to load or process 'Roboto-Regular'
[2014.09.22-15.01.39:340][826]LogSlate:Warning: GetFontFace failed to load or process 'Roboto-Regular'
[2014.09.22-15.01.39:340][826]LogSlate:Warning: GetFontFace failed to load or process 'Roboto-Regular'
[2014.09.22-15.01.39:340][826]LogSlate:Warning: GetFontFace failed to load or process 'Roboto-Regular'
[2014.09.22-15.01.45:600][109]LogEditorViewport: Clicking on Actor (LMB): Blueprint_CeilingLight_C (Blueprint_CeilingLight)
[2014.09.22-15.01.46:063][131]LogEditorViewport: Clicking on Actor (LMB): Blueprint_CeilingLight_C (Blueprint_CeilingLight)
[2014.09.22-15.03.51:947][395]LogEditorViewport: Clicking on Actor (LMB): Blueprint_CeilingLight_C (Blueprint_CeilingLight)
[2014.09.22-15.03.52:071][398]LogEditorViewport: Clicking on Actor (double click): Blueprint_CeilingLight_C (Blueprint_CeilingLight)
[2014.09.22-15.04.51:086][346]LogEditorViewport: Clicking on Actor (LMB): StaticMeshActor (Shape_QuadPyramid)
[2014.09.22-15.04.56:980][582]LogEditorViewport: Clicking on Actor (LMB): Blueprint_CeilingLight_C (Blueprint_CeilingLight)
[2014.09.22-15.05.08:065][205]LogEditorViewport: Clicking on Actor (LMB): Blueprint_CeilingLight_C (Blueprint_CeilingLight)
[2014.09.22-15.05.14:031][457]LogEditorViewport: Clicking on Actor (LMB): Blueprint_CeilingLight_C (Blueprint_CeilingLight)
[2014.09.22-15.05.14:417][474]LogEditorViewport: Clicking on Actor (LMB): Blueprint_CeilingLight_C (Blueprint_CeilingLight)
[2014.09.22-15.05.14:531][477]LogEditorViewport: Clicking on Actor (double click): Blueprint_CeilingLight_C (Blueprint_CeilingLight)
[2014.09.22-15.05.16:329][552]LogEditorViewport: Clicking on Actor (LMB): Blueprint_Effect_Steam_C (P_Steam_Lit_Blueprint)
[2014.09.22-15.05.19:619][676]LogEditorViewport: Clicking on Actor (LMB): Blueprint_CeilingLight_C (Blueprint_CeilingLight)
[2014.09.22-15.05.19:779][681]LogEditorViewport: Clicking on Actor (double click): Blueprint_CeilingLight_C (Blueprint_CeilingLight)
[2014.09.22-15.05.21:551][763]LogEditorViewport: Clicking on Actor (LMB): Blueprint_CeilingLight_C (Blueprint_CeilingLight)
[2014.09.22-15.05.21:717][768]LogEditorViewport: Clicking on Actor (double click): Blueprint_CeilingLight_C (Blueprint_CeilingLight)
[2014.09.22-15.05.22:712][814]LogEditorViewport: Clicking on Actor (LMB): Blueprint_CeilingLight_C (Blueprint_CeilingLight)
[2014.09.22-15.05.22:878][819]LogEditorViewport: Clicking on Actor (double click): Blueprint_CeilingLight_C (Blueprint_CeilingLight)
[2014.09.22-15.05.37:689][487]LogSavePackage: Save=539.440735ms
[2014.09.22-15.05.37:689][487]LogSavePackage: Moving '../../../../../../Users/jack/Documents/Unreal Projects/BluePrintOne/Saved/StarterMap_Auto1AD3BBBFF4632D5D2898D419C09EAB202.tmp' to '../../../../../../Users/jack/Documents/Unreal Projects/BluePrintOne/Saved/Autosaves/Game/Maps/StarterMap_Auto1.umap'
[2014.09.22-15.05.37:697][487]LogFileHelpers: Editor autosave (incl. sublevels) for '/Game/Maps/StarterMap' took 0.668
[2014.09.22-15.05.37:697][487]LogFileHelpers: Editor autosave (incl. sublevels) for all levels took 0.668
[2014.09.22-15.05.48:203][ 20]LogSlate:Warning: GetFontFace failed to load or process 'Roboto-Regular'
[2014.09.22-15.05.48:203][ 20]LogSlate:Warning: GetFontFace failed to load or process 'Roboto-Regular'
[2014.09.22-15.05.48:203][ 20]LogSlate:Warning: GetFontFace failed to load or process 'Roboto-Regular'
[2014.09.22-15.05.48:203][ 20]LogSlate:Warning: GetFontFace failed to load or process 'Roboto-Regular'
[2014.09.22-15.05.48:203][ 20]LogSlate:Warning: GetFontFace failed to load or process 'Roboto-Regular'
[2014.09.22-15.05.48:203][ 20]LogSlate:Warning: GetFontFace failed to load or process 'Roboto-Regular'
[2014.09.22-15.05.48:203][ 20]LogSlate:Warning: GetFontFace failed to load or process 'Roboto-Regular'
[2014.09.22-15.05.48:203][ 20]LogSlate:Warning: GetFontFace failed to load or process 'Roboto-Regular'
[2014.09.22-15.05.48:203][ 20]LogSlate:Warning: GetFontFace failed to load or process 'Roboto-Regular'
[2014.09.22-15.05.48:203][ 20]LogSlate:Warning: GetFontFace failed to load or process 'Roboto-Regular'
[2014.09.22-15.06.45:141][812]LogSlate:Warning: GetFontFace failed to load or process 'Roboto-Regular'
[2014.09.22-15.06.45:141][812]LogSlate:Warning: GetFontFace failed to load or process 'Roboto-Regular'
[2014.09.22-15.07.04:736][786]LogEditorViewport: Clicking on Actor (LMB): StaticMeshActor (Shape_QuadPyramid)
[2014.09.22-15.07.16:709][242]LogEditorViewport: Clicking on Actor (LMB): Blueprint_CeilingLight_C (Blueprint_CeilingLight)
[2014.09.22-15.08.49:038][193]LogEditorViewport: Clicking on Actor (LMB): Blueprint_CeilingLight_C (Blueprint_CeilingLight)
[2014.09.22-15.08.49:179][198]LogEditorViewport: Clicking on Actor (double click): Blueprint_CeilingLight_C (Blueprint_CeilingLight)
[2014.09.22-15.08.49:844][236]LogEditorViewport: Clicking on Actor (LMB): Blueprint_CeilingLight_C (Blueprint_CeilingLight)
[2014.09.22-15.08.49:977][241]LogEditorViewport: Clicking on Actor (double click): Blueprint_CeilingLight_C (Blueprint_CeilingLight)
[2014.09.22-15.09.00:983][885]LogEditorViewport: Clicking on Actor (LMB): Blueprint_WallSconce_C (Blueprint_WallSconce)
[2014.09.22-15.09.07:718][280]LogEditorViewport: Clicking on Actor (LMB): Blueprint_CeilingLight_C (Blueprint_CeilingLight)
[2014.09.22-15.09.51:246][186]BlueprintLog: New page: Compile StarterMap
[2014.09.22-15.09.51:425][186]BlueprintEditorCompileResults: Info [0896.37] Compile of StarterMap successful! [in 0 ms]
[2014.09.22-15.10.17:755][583]BlueprintLog: New page: Compile StarterMap
[2014.09.22-15.10.17:837][583]BlueprintEditorCompileResults: Info [0922.88] Compile of StarterMap successful! [in 0 ms]
[2014.09.22-15.10.22:941][811]LogEditorViewport: Clicking on Actor (LMB): StaticMeshActor (Wall_Door_400x300)
[2014.09.22-15.10.32:181][165]BlueprintLog: New page: Pre-PIE auto-recompile
[2014.09.22-15.10.32:184][165]LogPlayLevel: [PIE] Compiling StarterMap before PIE...
[2014.09.22-15.10.32:268][165]LogPlayLevel: PIE:  Blueprint regeneration took 108 ms (1 blueprints)
[2014.09.22-15.10.32:269][165]PIE: New page: SIE session: StarterMap (Sep 22, 2014, 3:10:32 AM)
[2014.09.22-15.10.32:307][165]LogPlayLevel: PIE: StaticDuplicateObject took: (0.037320s)
[2014.09.22-15.10.32:308][165]LogPlayLevel: PIE: World Init took: (0.000863s)
[2014.09.22-15.10.32:308][165]LogPlayLevel: PIE: Created PIE world by copying editor world from /Game/Maps/StarterMap.StarterMap to /Game/Maps/UEDPIE_0_StarterMap.StarterMap (0.039363s)
[2014.09.22-15.10.32:309][165]LogSelection:Warning: PIE object was selected: "StaticMeshActor /Game/Maps/UEDPIE_0_StarterMap.StarterMap:PersistentLevel.Wall_Door_400x300_6"
[2014.09.22-15.10.32:371][165]LogWorld: Game class is 'GameMode'
[2014.09.22-15.10.32:437][165]LogAIModule: Creating AISystem for world StarterMap
[2014.09.22-15.10.32:448][165]LogWorld: Bringing World /Game/Maps/UEDPIE_0_StarterMap.StarterMap up for play (max tick rate 0) at 2014.09.22-09.10.32
[2014.09.22-15.10.32:489][165]LogWorld: Bringing up level for play took: 0.051909
[2014.09.22-15.10.32:541][165]PIE: Info Play in editor start time for /Game/Maps/UEDPIE_0_StarterMap 0.893
[2014.09.22-15.10.32:591][165]LogSelection:Warning: PIE object was selected: "StaticMeshActor /Game/Maps/UEDPIE_0_StarterMap.StarterMap:PersistentLevel.Wall_Door_400x300_6"
[2014.09.22-15.10.32:998][166]LogRenderer:Warning: Reallocating scene render targets to support 1344x944.
[2014.09.22-15.10.42:416][479]LogParticles: Destroying 0 GPU particle simulations for FXSystem 0x000000001BFD8540
[2014.09.22-15.10.45:403][610]BlueprintLog: New page: Pre-PIE auto-recompile
[2014.09.22-15.10.45:406][610]LogPlayLevel: [PIE] Compiling StarterMap before PIE...
[2014.09.22-15.10.45:474][610]LogPlayLevel: PIE:  Blueprint regeneration took 71 ms (1 blueprints)
[2014.09.22-15.10.45:475][610]PIE: New page: SIE session: StarterMap (Sep 22, 2014, 3:10:45 AM)
[2014.09.22-15.10.45:511][610]LogPlayLevel: PIE: StaticDuplicateObject took: (0.035943s)
[2014.09.22-15.10.45:512][610]LogPlayLevel: PIE: World Init took: (0.001690s)
[2014.09.22-15.10.45:513][610]LogPlayLevel: PIE: Created PIE world by copying editor world from /Game/Maps/StarterMap.StarterMap to /Game/Maps/UEDPIE_0_StarterMap.StarterMap (0.038035s)
[2014.09.22-15.10.45:513][610]LogSelection:Warning: PIE object was selected: "StaticMeshActor /Game/Maps/UEDPIE_0_StarterMap.StarterMap:PersistentLevel.Wall_Door_400x300_6"
[2014.09.22-15.10.45:538][610]LogWorld: Game class is 'GameMode'
[2014.09.22-15.10.45:540][610]LogAIModule: Creating AISystem for world StarterMap
[2014.09.22-15.10.45:551][610]LogWorld: Bringing World /Game/Maps/UEDPIE_0_StarterMap.StarterMap up for play (max tick rate 0) at 2014.09.22-09.10.45
[2014.09.22-15.10.45:552][610]LogWorld: Bringing up level for play took: 0.011893
[2014.09.22-15.10.45:553][610]PIE: Info Play in editor start time for /Game/Maps/UEDPIE_0_StarterMap -0.096
[2014.09.22-15.10.45:569][610]LogSelection:Warning: PIE object was selected: "StaticMeshActor /Game/Maps/UEDPIE_0_StarterMap.StarterMap:PersistentLevel.Wall_Door_400x300_6"
[2014.09.22-15.10.46:879][654]LogParticles: Destroying 0 GPU particle simulations for FXSystem 0x00000000363149A0
[2014.09.22-15.10.50:713][813]BlueprintLog: New page: Compile StarterMap
[2014.09.22-15.10.50:786][813]BlueprintEditorCompileResults: Info [0955.84] Compile of StarterMap successful! [in 0 ms]
[2014.09.22-15.10.51:377][833]BlueprintLog: New page: Pre-PIE auto-recompile
[2014.09.22-15.10.51:380][833]LogPlayLevel: [PIE] Compiling StarterMap before PIE...
[2014.09.22-15.10.51:462][833]LogPlayLevel: PIE:  Blueprint regeneration took 85 ms (1 blueprints)
[2014.09.22-15.10.51:462][833]PIE: New page: SIE session: StarterMap (Sep 22, 2014, 3:10:51 AM)
[2014.09.22-15.10.51:504][833]LogPlayLevel: PIE: StaticDuplicateObject took: (0.041382s)
[2014.09.22-15.10.51:505][833]LogPlayLevel: PIE: World Init took: (0.001114s)
[2014.09.22-15.10.51:505][833]LogPlayLevel: PIE: Created PIE world by copying editor world from /Game/Maps/StarterMap.StarterMap to /Game/Maps/UEDPIE_0_StarterMap.StarterMap (0.042811s)
[2014.09.22-15.10.51:506][833]LogSelection:Warning: PIE object was selected: "StaticMeshActor /Game/Maps/UEDPIE_0_StarterMap.StarterMap:PersistentLevel.Wall_Door_400x300_6"
[2014.09.22-15.10.51:535][833]LogWorld: Game class is 'GameMode'
[2014.09.22-15.10.51:537][833]LogAIModule: Creating AISystem for world StarterMap
[2014.09.22-15.10.51:549][833]LogWorld: Bringing World /Game/Maps/UEDPIE_0_StarterMap.StarterMap up for play (max tick rate 0) at 2014.09.22-09.10.51
[2014.09.22-15.10.51:550][833]LogWorld: Bringing up level for play took: 0.013725
[2014.09.22-15.10.51:552][833]PIE: Info Play in editor start time for /Game/Maps/UEDPIE_0_StarterMap -0.096
[2014.09.22-15.10.51:570][833]LogSelection:Warning: PIE object was selected: "StaticMeshActor /Game/Maps/UEDPIE_0_StarterMap.StarterMap:PersistentLevel.Wall_Door_400x300_6"
[2014.09.22-15.10.54:147][907]LogParticles: Destroying 0 GPU particle simulations for FXSystem 0x000000003F1C8860
[2014.09.22-15.10.55:653][975]BlueprintLog: New page: Pre-PIE auto-recompile
[2014.09.22-15.10.55:658][975]LogPlayLevel: [PIE] Compiling StarterMap before PIE...
[2014.09.22-15.10.55:735][975]LogPlayLevel: PIE:  Blueprint regeneration took 81 ms (1 blueprints)
[2014.09.22-15.10.55:735][975]PIE: New page: SIE session: StarterMap (Sep 22, 2014, 3:10:55 AM)
[2014.09.22-15.10.55:776][975]LogPlayLevel: PIE: StaticDuplicateObject took: (0.040953s)
[2014.09.22-15.10.55:778][975]LogPlayLevel: PIE: World Init took: (0.001437s)
[2014.09.22-15.10.55:778][975]LogPlayLevel: PIE: Created PIE world by copying editor world from /Game/Maps/StarterMap.StarterMap to /Game/Maps/UEDPIE_0_StarterMap.StarterMap (0.042802s)
[2014.09.22-15.10.55:779][975]LogSelection:Warning: PIE object was selected: "StaticMeshActor /Game/Maps/UEDPIE_0_StarterMap.StarterMap:PersistentLevel.Wall_Door_400x300_6"
[2014.09.22-15.10.55:808][975]LogWorld: Game class is 'GameMode'
[2014.09.22-15.10.55:809][975]LogAIModule: Creating AISystem for world StarterMap
[2014.09.22-15.10.55:821][975]LogWorld: Bringing World /Game/Maps/UEDPIE_0_StarterMap.StarterMap up for play (max tick rate 0) at 2014.09.22-09.10.55
[2014.09.22-15.10.55:823][975]LogWorld: Bringing up level for play took: 0.014283
[2014.09.22-15.10.55:825][975]PIE: Info Play in editor start time for /Game/Maps/UEDPIE_0_StarterMap 0.176
[2014.09.22-15.10.55:840][975]LogSelection:Warning: PIE object was selected: "StaticMeshActor /Game/Maps/UEDPIE_0_StarterMap.StarterMap:PersistentLevel.Wall_Door_400x300_6"
[2014.09.22-15.11.04:256][317]LogParticles: Destroying 0 GPU particle simulations for FXSystem 0x0000000022910540
[2014.09.22-15.11.05:292][366]BlueprintLog: New page: Pre-PIE auto-recompile
[2014.09.22-15.11.05:292][366]LogPlayLevel: [PIE] Compiling StarterMap before PIE...
[2014.09.22-15.11.05:361][366]LogPlayLevel: PIE:  Blueprint regeneration took 68 ms (1 blueprints)
[2014.09.22-15.11.05:361][366]PIE: New page: PIE session: StarterMap (Sep 22, 2014, 3:11:05 AM)
[2014.09.22-15.11.05:409][366]LogPlayLevel: PIE: StaticDuplicateObject took: (0.047777s)
[2014.09.22-15.11.05:412][366]LogPlayLevel: PIE: World Init took: (0.002120s)
[2014.09.22-15.11.05:412][366]LogPlayLevel: PIE: Created PIE world by copying editor world from /Game/Maps/StarterMap.StarterMap to /Game/Maps/UEDPIE_0_StarterMap.StarterMap (0.050372s)
[2014.09.22-15.11.05:439][366]LogWorld: Game class is 'GameMode'
[2014.09.22-15.11.05:441][366]LogAIModule: Creating AISystem for world StarterMap
[2014.09.22-15.11.05:452][366]LogWorld: Bringing World /Game/Maps/UEDPIE_0_StarterMap.StarterMap up for play (max tick rate 0) at 2014.09.22-09.11.05
[2014.09.22-15.11.05:453][366]LogWorld: Bringing up level for play took: 0.012596
[2014.09.22-15.11.05:455][366]PIE: Info Play in editor start time for /Game/Maps/UEDPIE_0_StarterMap -0.194
[2014.09.22-15.11.16:080][ 22]LogParticles: Destroying 0 GPU particle simulations for FXSystem 0x00000000229113A0
[2014.09.22-15.11.23:139][349]LogEditorViewport: Clicking on Actor (LMB): Blueprint_CeilingLight_C (Blueprint_CeilingLight)
[2014.09.22-15.11.23:241][351]LogEditorViewport: Clicking on Actor (double click): Blueprint_CeilingLight_C (Blueprint_CeilingLight)
[2014.09.22-15.11.35:239][870]BlueprintLog: New page: Pre-PIE auto-recompile
[2014.09.22-15.11.35:239][870]LogPlayLevel: [PIE] Compiling StarterMap before PIE...
[2014.09.22-15.11.35:306][870]LogPlayLevel: PIE:  Blueprint regeneration took 67 ms (1 blueprints)
[2014.09.22-15.11.35:307][870]PIE: New page: SIE session: StarterMap (Sep 22, 2014, 3:11:35 AM)
[2014.09.22-15.11.35:344][870]LogPlayLevel: PIE: StaticDuplicateObject took: (0.036767s)
[2014.09.22-15.11.35:345][870]LogPlayLevel: PIE: World Init took: (0.001100s)
[2014.09.22-15.11.35:345][870]LogPlayLevel: PIE: Created PIE world by copying editor world from /Game/Maps/StarterMap.StarterMap to /Game/Maps/UEDPIE_0_StarterMap.StarterMap (0.038199s)
[2014.09.22-15.11.35:374][870]LogWorld: Game class is 'GameMode'
[2014.09.22-15.11.35:375][870]LogAIModule: Creating AISystem for world StarterMap
[2014.09.22-15.11.35:392][870]LogWorld: Bringing World /Game/Maps/UEDPIE_0_StarterMap.StarterMap up for play (max tick rate 0) at 2014.09.22-09.11.35
[2014.09.22-15.11.35:394][870]LogWorld: Bringing up level for play took: 0.018157
[2014.09.22-15.11.35:395][870]PIE: Info Play in editor start time for /Game/Maps/UEDPIE_0_StarterMap -0.254
[2014.09.22-15.11.35:397][870]LogSelection:Warning: PIE object was selected: "Blueprint_CeilingLight_C /Game/Maps/UEDPIE_0_StarterMap.StarterMap:PersistentLevel.Blueprint_CeilingLight_C_0"
[2014.09.22-15.11.41:083][ 42]LogParticles: Destroying 0 GPU particle simulations for FXSystem 0x00000000229132E0
[2014.09.22-15.11.42:020][ 90]BlueprintLog: New page: Pre-PIE auto-recompile
[2014.09.22-15.11.42:020][ 90]LogPlayLevel: [PIE] Compiling StarterMap before PIE...
[2014.09.22-15.11.42:089][ 90]LogPlayLevel: PIE:  Blueprint regeneration took 69 ms (1 blueprints)
[2014.09.22-15.11.42:089][ 90]PIE: New page: SIE session: StarterMap (Sep 22, 2014, 3:11:42 AM)
[2014.09.22-15.11.42:122][ 90]LogPlayLevel: PIE: StaticDuplicateObject took: (0.032211s)
[2014.09.22-15.11.42:123][ 90]LogPlayLevel: PIE: World Init took: (0.000997s)
[2014.09.22-15.11.42:123][ 90]LogPlayLevel: PIE: Created PIE world by copying editor world from /Game/Maps/StarterMap.StarterMap to /Game/Maps/UEDPIE_0_StarterMap.StarterMap (0.033546s)
[2014.09.22-15.11.42:155][ 90]LogWorld: Game class is 'GameMode'
[2014.09.22-15.11.42:157][ 90]LogAIModule: Creating AISystem for world StarterMap
[2014.09.22-15.11.42:171][ 90]LogWorld: Bringing World /Game/Maps/UEDPIE_0_StarterMap.StarterMap up for play (max tick rate 0) at 2014.09.22-09.11.42
[2014.09.22-15.11.42:172][ 90]LogWorld: Bringing up level for play took: 0.015250
[2014.09.22-15.11.42:173][ 90]PIE: Info Play in editor start time for /Game/Maps/UEDPIE_0_StarterMap 0.524
[2014.09.22-15.11.42:175][ 90]LogSelection:Warning: PIE object was selected: "Blueprint_CeilingLight_C /Game/Maps/UEDPIE_0_StarterMap.StarterMap:PersistentLevel.Blueprint_CeilingLight_C_0"
[2014.09.22-15.11.43:471][145]LogParticles: Destroying 0 GPU particle simulations for FXSystem 0x0000000022911620
[2014.09.22-15.11.49:774][436]BlueprintLog: New page: Pre-PIE auto-recompile
[2014.09.22-15.11.49:774][436]LogPlayLevel: [PIE] Compiling StarterMap before PIE...
[2014.09.22-15.11.49:837][436]LogPlayLevel: PIE:  Blueprint regeneration took 63 ms (1 blueprints)
[2014.09.22-15.11.49:838][436]PIE: New page: PIE session: StarterMap (Sep 22, 2014, 3:11:49 AM)
[2014.09.22-15.11.49:878][436]LogPlayLevel: PIE: StaticDuplicateObject took: (0.040050s)
[2014.09.22-15.11.49:879][436]LogPlayLevel: PIE: World Init took: (0.001312s)
[2014.09.22-15.11.49:879][436]LogPlayLevel: PIE: Created PIE world by copying editor world from /Game/Maps/StarterMap.StarterMap to /Game/Maps/UEDPIE_0_StarterMap.StarterMap (0.041715s)
[2014.09.22-15.11.49:905][436]LogWorld: Game class is 'GameMode'
[2014.09.22-15.11.49:906][436]LogAIModule: Creating AISystem for world StarterMap
[2014.09.22-15.11.49:917][436]LogWorld: Bringing World /Game/Maps/UEDPIE_0_StarterMap.StarterMap up for play (max tick rate 0) at 2014.09.22-09.11.49
[2014.09.22-15.11.49:918][436]LogWorld: Bringing up level for play took: 0.011781
[2014.09.22-15.11.49:919][436]PIE: Info Play in editor start time for /Game/Maps/UEDPIE_0_StarterMap 0.27
[2014.09.22-15.11.51:140][496]LogParticles: Destroying 0 GPU particle simulations for FXSystem 0x00000000229125C0
[2014.09.22-15.11.52:109][546]BlueprintLog: New page: Pre-PIE auto-recompile
[2014.09.22-15.11.52:109][546]LogPlayLevel: [PIE] Compiling StarterMap before PIE...
[2014.09.22-15.11.52:172][546]LogPlayLevel: PIE:  Blueprint regeneration took 63 ms (1 blueprints)
[2014.09.22-15.11.52:173][546]PIE: New page: SIE session: StarterMap (Sep 22, 2014, 3:11:52 AM)
[2014.09.22-15.11.52:214][546]LogPlayLevel: PIE: StaticDuplicateObject took: (0.041013s)
[2014.09.22-15.11.52:215][546]LogPlayLevel: PIE: World Init took: (0.001234s)
[2014.09.22-15.11.52:215][546]LogPlayLevel: PIE: Created PIE world by copying editor world from /Game/Maps/StarterMap.StarterMap to /Game/Maps/UEDPIE_0_StarterMap.StarterMap (0.042597s)
[2014.09.22-15.11.52:216][546]LogSelection:Warning: PIE object was selected: "Blueprint_CeilingLight_C /Game/Maps/UEDPIE_0_StarterMap.StarterMap:PersistentLevel.Blueprint_CeilingLight_C_0"
[2014.09.22-15.11.52:245][546]LogWorld: Game class is 'GameMode'
[2014.09.22-15.11.52:247][546]LogAIModule: Creating AISystem for world StarterMap
[2014.09.22-15.11.52:258][546]LogWorld: Bringing World /Game/Maps/UEDPIE_0_StarterMap.StarterMap up for play (max tick rate 0) at 2014.09.22-09.11.52
[2014.09.22-15.11.52:259][546]LogWorld: Bringing up level for play took: 0.012120
[2014.09.22-15.11.52:260][546]PIE: Info Play in editor start time for /Game/Maps/UEDPIE_0_StarterMap 0.611
[2014.09.22-15.11.52:269][546]LogSelection:Warning: PIE object was selected: "Blueprint_CeilingLight_C /Game/Maps/UEDPIE_0_StarterMap.StarterMap:PersistentLevel.Blueprint_CeilingLight_C_0"
[2014.09.22-15.11.55:917][738]LogParticles: Destroying 0 GPU particle simulations for FXSystem 0x0000000022911260
[2014.09.22-15.12.03:196][ 65]LogEditorViewport: Clicking on Actor (LMB): Blueprint_WallSconce_C (Blueprint_WallSconce)
[2014.09.22-15.12.08:308][381]EditorErrors: New page: Actor attachment
[2014.09.22-15.13.07:412][945]BlueprintLog: New page: Compile StarterMap
[2014.09.22-15.13.07:499][945]BlueprintEditorCompileResults: Info [1092.53] Compile of StarterMap successful! [in 0 ms]
[2014.09.22-15.13.10:144][ 73]BlueprintLog: New page: Pre-PIE auto-recompile
[2014.09.22-15.13.10:144][ 73]LogPlayLevel: [PIE] Compiling StarterMap before PIE...
[2014.09.22-15.13.10:216][ 73]LogPlayLevel: PIE:  Blueprint regeneration took 72 ms (1 blueprints)
[2014.09.22-15.13.10:217][ 73]PIE: New page: SIE session: StarterMap (Sep 22, 2014, 3:13:10 AM)
[2014.09.22-15.13.10:258][ 73]LogPlayLevel: PIE: StaticDuplicateObject took: (0.040370s)
[2014.09.22-15.13.10:260][ 73]LogPlayLevel: PIE: World Init took: (0.002365s)
[2014.09.22-15.13.10:260][ 73]LogPlayLevel: PIE: Created PIE world by copying editor world from /Game/Maps/StarterMap.StarterMap to /Game/Maps/UEDPIE_0_StarterMap.StarterMap (0.043206s)
[2014.09.22-15.13.10:287][ 73]LogWorld: Game class is 'GameMode'
[2014.09.22-15.13.10:288][ 73]LogAIModule: Creating AISystem for world StarterMap
[2014.09.22-15.13.10:302][ 73]LogWorld: Bringing World /Game/Maps/UEDPIE_0_StarterMap.StarterMap up for play (max tick rate 0) at 2014.09.22-09.13.10
[2014.09.22-15.13.10:303][ 73]LogWorld: Bringing up level for play took: 0.015090
[2014.09.22-15.13.10:304][ 73]PIE: Info Play in editor start time for /Game/Maps/UEDPIE_0_StarterMap 0.654
[2014.09.22-15.13.12:587][182]LogParticles: Destroying 0 GPU particle simulations for FXSystem 0x0000000028A68F40
[2014.09.22-15.13.16:219][369]BlueprintLog: New page: Pre-PIE auto-recompile
[2014.09.22-15.13.16:219][369]LogPlayLevel: [PIE] Compiling StarterMap before PIE...
[2014.09.22-15.13.16:291][369]LogPlayLevel: PIE:  Blueprint regeneration took 72 ms (1 blueprints)
[2014.09.22-15.13.16:291][369]PIE: New page: SIE session: StarterMap (Sep 22, 2014, 3:13:16 AM)
[2014.09.22-15.13.16:332][369]LogPlayLevel: PIE: StaticDuplicateObject took: (0.040542s)
[2014.09.22-15.13.16:335][369]LogPlayLevel: PIE: World Init took: (0.002347s)
[2014.09.22-15.13.16:335][369]LogPlayLevel: PIE: Created PIE world by copying editor world from /Game/Maps/StarterMap.StarterMap to /Game/Maps/UEDPIE_0_StarterMap.StarterMap (0.043321s)
[2014.09.22-15.13.16:363][369]LogWorld: Game class is 'GameMode'
[2014.09.22-15.13.16:364][369]LogAIModule: Creating AISystem for world StarterMap
[2014.09.22-15.13.16:377][369]LogWorld: Bringing World /Game/Maps/UEDPIE_0_StarterMap.StarterMap up for play (max tick rate 0) at 2014.09.22-09.13.16
[2014.09.22-15.13.16:378][369]LogWorld: Bringing up level for play took: 0.013465
[2014.09.22-15.13.16:379][369]PIE: Info Play in editor start time for /Game/Maps/UEDPIE_0_StarterMap 0.728
[2014.09.22-15.13.17:742][412]LogEditorViewport: Clicking on Actor (LMB): Blueprint_CeilingLight_C (Blueprint_CeilingLight)
[2014.09.22-15.13.17:742][412]LogSelection:Warning: PIE object was selected: "Blueprint_CeilingLight_C /Game/Maps/UEDPIE_0_StarterMap.StarterMap:PersistentLevel.Blueprint_CeilingLight_C_0"
[2014.09.22-15.13.17:892][418]LogEditorViewport: Clicking on Actor (double click): Blueprint_CeilingLight_C (Blueprint_CeilingLight)
[2014.09.22-15.13.17:892][418]LogSelection:Warning: PIE object was selected: "Blueprint_CeilingLight_C /Game/Maps/UEDPIE_0_StarterMap.StarterMap:PersistentLevel.Blueprint_CeilingLight_C_0"
[2014.09.22-15.13.19:113][472]LogParticles: Destroying 0 GPU particle simulations for FXSystem 0x000000003952DC60
[2014.09.22-15.13.28:722][918]LogEditorViewport: Clicking on Actor (LMB): Blueprint_WallSconce_C (Blueprint_WallSconce)
[2014.09.22-15.13.28:849][922]LogEditorViewport: Clicking on Actor (double click): Blueprint_WallSconce_C (Blueprint_WallSconce)
[2014.09.22-15.13.37:546][376]Cmd: OBJ SAVEPACKAGE PACKAGE="/Game/Maps/StarterMap" FILE="../../../../../../Users/jack/Documents/Unreal Projects/BluePrintOne/Content/Maps/StarterMap.umap" SILENT=true AUTOSAVING=false KEEPDIRTY=false
[2014.09.22-15.13.38:087][376]LogSavePackage: Save=502.852997ms
[2014.09.22-15.13.38:087][376]LogSavePackage: Moving '../../../../../../Users/jack/Documents/Unreal Projects/BluePrintOne/Saved/StarterMap5829E49C4A9135B6DAD3E6A09E535512.tmp' to '../../../../../../Users/jack/Documents/Unreal Projects/BluePrintOne/Content/Maps/StarterMap.umap'
[2014.09.22-15.13.38:102][376]LogFileHelpers: Saving map 'StarterMap' took 0.638
[2014.09.22-15.13.53:938][436]LogEditorViewport: Clicking on Actor (LMB): Blueprint_WallSconce_C (Blueprint_WallSconce)
[2014.09.22-15.13.54:114][443]LogEditorViewport: Clicking on Actor (double click): Blueprint_WallSconce_C (Blueprint_WallSconce)
[2014.09.22-15.13.54:414][457]LogEditorViewport: Clicking on Actor (LMB): Blueprint_WallSconce_C (Blueprint_WallSconce)
[2014.09.22-15.13.54:831][480]LogEditorViewport: Clicking on Actor (LMB): Blueprint_WallSconce_C (Blueprint_WallSconce)
[2014.09.22-15.13.54:984][486]LogEditorViewport: Clicking on Actor (double click): Blueprint_WallSconce_C (Blueprint_WallSconce)
[2014.09.22-15.14.07:162][329]LogSlate:Warning: GetFontFace failed to load or process 'Roboto-Regular'
[2014.09.22-15.14.07:163][329]LogSlate:Warning: GetFontFace failed to load or process 'Roboto-Regular'
[2014.09.22-15.14.31:659][147]Cmd: OBJ SAVEPACKAGE PACKAGE="/Game/Maps/StarterMap" FILE="../../../../../../Users/jack/Documents/Unreal Projects/BluePrintOne/Content/Maps/StarterMap.umap" SILENT=true AUTOSAVING=false KEEPDIRTY=false
[2014.09.22-15.14.32:195][147]LogSavePackage: Save=509.477692ms
[2014.09.22-15.14.32:195][147]LogSavePackage: Moving '../../../../../../Users/jack/Documents/Unreal Projects/BluePrintOne/Saved/StarterMap10A3AC74456C84114B4CD78578DF9D91.tmp' to '../../../../../../Users/jack/Documents/Unreal Projects/BluePrintOne/Content/Maps/StarterMap.umap'
[2014.09.22-15.14.32:206][147]LogFileHelpers: Saving map 'StarterMap' took 0.626
[2014.09.22-15.14.32:664][166]BlueprintLog: New page: Compile StarterMap
[2014.09.22-15.14.32:737][166]BlueprintEditorCompileResults: Info [1177.79] Compile of StarterMap successful! [in 0 ms]
[2014.09.22-15.14.36:155][325]LogEditorViewport: Clicking on Actor (LMB): StaticMeshActor (Floor_2)
[2014.09.22-15.14.38:926][465]BlueprintLog: New page: Pre-PIE auto-recompile
[2014.09.22-15.14.38:926][465]LogPlayLevel: [PIE] Compiling StarterMap before PIE...
[2014.09.22-15.14.39:010][465]LogPlayLevel: PIE:  Blueprint regeneration took 84 ms (1 blueprints)
[2014.09.22-15.14.39:010][465]PIE: New page: SIE session: StarterMap (Sep 22, 2014, 3:14:39 AM)
[2014.09.22-15.14.39:043][465]LogPlayLevel: PIE: StaticDuplicateObject took: (0.032964s)
[2014.09.22-15.14.39:044][465]LogPlayLevel: PIE: World Init took: (0.001076s)
[2014.09.22-15.14.39:045][465]LogPlayLevel: PIE: Created PIE world by copying editor world from /Game/Maps/StarterMap.StarterMap to /Game/Maps/UEDPIE_0_StarterMap.StarterMap (0.034357s)
[2014.09.22-15.14.39:045][465]LogSelection:Warning: PIE object was selected: "StaticMeshActor /Game/Maps/UEDPIE_0_StarterMap.StarterMap:PersistentLevel.Floor_2"
[2014.09.22-15.14.39:070][465]LogWorld: Game class is 'GameMode'
[2014.09.22-15.14.39:072][465]LogAIModule: Creating AISystem for world StarterMap
[2014.09.22-15.14.39:083][465]LogWorld: Bringing World /Game/Maps/UEDPIE_0_StarterMap.StarterMap up for play (max tick rate 0) at 2014.09.22-09.14.39
[2014.09.22-15.14.39:084][465]LogWorld: Bringing up level for play took: 0.012147
[2014.09.22-15.14.39:085][465]PIE: Info Play in editor start time for /Game/Maps/UEDPIE_0_StarterMap -0.567
[2014.09.22-15.14.39:101][465]LogSelection:Warning: PIE object was selected: "StaticMeshActor /Game/Maps/UEDPIE_0_StarterMap.StarterMap:PersistentLevel.Floor_2"
[2014.09.22-15.14.40:761][552]LogParticles: Destroying 0 GPU particle simulations for FXSystem 0x0000000021A254E0
[2014.09.22-15.14.47:354][883]LogEditorViewport: Clicking on Actor (LMB): Blueprint_WallSconce_C (Blueprint_WallSconce)
[2014.09.22-15.15.01:670][666]LogEditorViewport: Clicking on Actor (LMB): Blueprint_CeilingLight_C (Blueprint_CeilingLight)
[2014.09.22-15.15.08:250][ 49]LogEditorViewport: Clicking on Actor (LMB): Blueprint_WallSconce_C (Blueprint_WallSconce)
[2014.09.22-15.15.20:035][874]LogEditorViewport: Clicking on Actor (context menu): StaticMeshActor (Wall_Door_400x301)
[2014.09.22-15.15.20:955][956]LogEditorViewport: Clicking on Actor (LMB): Blueprint_CeilingLight_C (Blueprint_CeilingLight)
[2014.09.22-15.15.39:493][ 43]Cmd: QUIT_EDITOR
[2014.09.22-15.15.39:624][ 43]LogWindowsTextInputMethodSystem:Error: Terminating failed while unadvising the language notification sink from the TSF source.
[2014.09.22-15.15.39:625][ 43]LogExit: Preparing to exit.
[2014.09.22-15.15.40:208][ 43]LogExit: Editor shut down
[2014.09.22-15.15.40:209][ 43]LogExit: Transaction tracking system shut down
[2014.09.22-15.15.40:209][ 43]LogParticles: Destroying 0 GPU particle simulations for FXSystem 0x0000000021A27F60
[2014.09.22-15.15.40:213][ 43]LogParticles: Destroying 0 GPU particle simulations for FXSystem 0x0000000021A268E0
[2014.09.22-15.15.40:213][ 43]LogParticles: Destroying 0 GPU particle simulations for FXSystem 0x000000001BFDAC00
[2014.09.22-15.15.40:213][ 43]LogParticles: Destroying 0 GPU particle simulations for FXSystem 0x000000001BFDA7A0
[2014.09.22-15.15.40:261][ 43]LogExit: Object subsystem successfully closed.
[2014.09.22-15.15.40:292][ 43]LogModuleManager: Shutting down and abandoning module AndroidDeviceDetection (161)
[2014.09.22-15.15.40:292][ 43]LogModuleManager: Shutting down and abandoning module HTTP (160)
[2014.09.22-15.15.40:292][ 43]LogModuleManager: Shutting down and abandoning module CrashTracker (159)
[2014.09.22-15.15.40:292][ 43]LogModuleManager: Shutting down and abandoning module SuperSearch (158)
[2014.09.22-15.15.40:316][ 43]LogModuleManager: Shutting down and abandoning module SceneOutliner (157)
[2014.09.22-15.15.40:316][ 43]LogModuleManager: Shutting down and abandoning module EditorWidgets (156)
[2014.09.22-15.15.40:316][ 43]LogModuleManager: Shutting down and abandoning module CollectionManager (155)
[2014.09.22-15.15.40:334][ 43]LogModuleManager: Shutting down and abandoning module StatsViewer (154)
[2014.09.22-15.15.40:334][ 43]LogModuleManager: Shutting down and abandoning module FoliageEdit (153)
[2014.09.22-15.15.40:334][ 43]LogModuleManager: Shutting down and abandoning module LandscapeEditor (152)
[2014.09.22-15.15.40:334][ 43]LogModuleManager: Shutting down and abandoning module MeshPaint (151)
[2014.09.22-15.15.40:334][ 43]LogModuleManager: Shutting down and abandoning module ActorPickerMode (150)
[2014.09.22-15.15.40:334][ 43]LogModuleManager: Shutting down and abandoning module GeometryMode (149)
[2014.09.22-15.15.40:334][ 43]LogModuleManager: Shutting down and abandoning module TextureAlignMode (148)
[2014.09.22-15.15.40:334][ 43]LogModuleManager: Shutting down and abandoning module BspMode (147)
[2014.09.22-15.15.40:334][ 43]LogModuleManager: Shutting down and abandoning module PlacementMode (146)
[2014.09.22-15.15.40:334][ 43]LogModuleManager: Shutting down and abandoning module DesktopPlatform (145)
[2014.09.22-15.15.40:334][ 43]LogModuleManager: Shutting down and abandoning module AutomationWorker (144)
[2014.09.22-15.15.40:334][ 43]LogModuleManager: Shutting down and abandoning module EditorLiveStreaming (143)
[2014.09.22-15.15.40:334][ 43]LogModuleManager: Shutting down and abandoning module BehaviorTreeEditor (142)
[2014.09.22-15.15.40:334][ 43]LogModuleManager: Shutting down and abandoning module DeviceProfileEditor (141)
[2014.09.22-15.15.40:334][ 43]LogModuleManager: Shutting down and abandoning module UndoHistory (140)
[2014.09.22-15.15.40:334][ 43]LogModuleManager: Shutting down and abandoning module GameplayTagsEditor (139)
[2014.09.22-15.15.40:334][ 43]LogModuleManager: Shutting down and abandoning module UserFeedback (138)
[2014.09.22-15.15.40:334][ 43]LogModuleManager: Shutting down and abandoning module XmlParser (137)
[2014.09.22-15.15.40:334][ 43]LogModuleManager: Shutting down and abandoning module Blutility (136)
[2014.09.22-15.15.40:334][ 43]LogModuleManager: Shutting down and abandoning module IOSPlatformEditor (135)
[2014.09.22-15.15.40:334][ 43]LogModuleManager: Shutting down and abandoning module IOSRuntimeSettings (134)
[2014.09.22-15.15.40:334][ 43]LogModuleManager: Shutting down and abandoning module AndroidPlatformEditor (133)
[2014.09.22-15.15.40:334][ 43]LogModuleManager: Shutting down and abandoning module AndroidRuntimeSettings (132)
[2014.09.22-15.15.40:334][ 43]LogModuleManager: Shutting down and abandoning module ProjectTargetPlatformEditor (131)
[2014.09.22-15.15.40:334][ 43]LogModuleManager: Shutting down and abandoning module ProjectSettingsViewer (130)
[2014.09.22-15.15.40:334][ 43]LogModuleManager: Shutting down and abandoning module InputBindingEditor (129)
[2014.09.22-15.15.40:334][ 43]LogModuleManager: Shutting down and abandoning module EditorSettingsViewer (128)
[2014.09.22-15.15.40:334][ 43]LogModuleManager: Shutting down and abandoning module SettingsEditor (127)
[2014.09.22-15.15.40:334][ 43]LogModuleManager: Shutting down and abandoning module SessionLauncher (126)
[2014.09.22-15.15.40:334][ 43]LogModuleManager: Shutting down and abandoning module SessionFrontend (125)
[2014.09.22-15.15.40:334][ 43]LogModuleManager: Shutting down and abandoning module ProfilerClient (124)
[2014.09.22-15.15.40:334][ 43]LogModuleManager: Shutting down and abandoning module TargetDeviceServices (123)
[2014.09.22-15.15.40:334][ 43]LogModuleManager: Shutting down and abandoning module DeviceManager (122)
[2014.09.22-15.15.40:334][ 43]LogModuleManager: Shutting down and abandoning module AutomationController (121)
[2014.09.22-15.15.40:334][ 43]LogModuleManager: Shutting down and abandoning module AutomationWindow (120)
[2014.09.22-15.15.40:334][ 43]LogModuleManager: Shutting down and abandoning module Layers (119)
[2014.09.22-15.15.40:334][ 43]LogModuleManager: Shutting down and abandoning module ComponentVisualizers (118)
[2014.09.22-15.15.40:334][ 43]LogModuleManager: Shutting down and abandoning module DetailCustomizations (117)
[2014.09.22-15.15.40:334][ 43]LogModuleManager: Shutting down and abandoning module PackagesDialog (116)
[2014.09.22-15.15.40:335][ 43]LogModuleManager: Shutting down and abandoning module DirectoryWatcher (115)
[2014.09.22-15.15.40:335][ 43]LogModuleManager: Shutting down and abandoning module AssetRegistry (114)
[2014.09.22-15.15.40:406][ 43]LogModuleManager: Shutting down and abandoning module Persona (113)
[2014.09.22-15.15.40:406][ 43]LogModuleManager: Shutting down and abandoning module GraphEditor (112)
[2014.09.22-15.15.40:406][ 43]LogModuleManager: Shutting down and abandoning module ClassViewer (111)
[2014.09.22-15.15.40:406][ 43]LogModuleManager: Shutting down and abandoning module Toolbox (110)
[2014.09.22-15.15.40:406][ 43]LogModuleManager: Shutting down and abandoning module ModuleUI (109)
[2014.09.22-15.15.40:406][ 43]LogModuleManager: Shutting down and abandoning module Sequencer (108)
[2014.09.22-15.15.40:406][ 43]LogModuleManager: Shutting down and abandoning module MovieSceneTools (107)
[2014.09.22-15.15.40:406][ 43]LogModuleManager: Shutting down and abandoning module OutputLog (106)
[2014.09.22-15.15.40:406][ 43]LogModuleManager: Shutting down and abandoning module GammaUI (105)
[2014.09.22-15.15.40:406][ 43]LogModuleManager: Shutting down and abandoning module Documentation (104)
[2014.09.22-15.15.40:406][ 43]LogModuleManager: Shutting down and abandoning module GameLiveStreaming (103)
[2014.09.22-15.15.40:406][ 43]LogModuleManager: Shutting down and abandoning module StreamingPauseRendering (102)
[2014.09.22-15.15.40:406][ 43]LogModuleManager: Shutting down and abandoning module AnalyticsET (101)
[2014.09.22-15.15.40:406][ 43]LogModuleManager: Shutting down and abandoning module Analytics (100)
[2014.09.22-15.15.40:406][ 43]LogModuleManager: Shutting down and abandoning module GameplayDebugger (99)
[2014.09.22-15.15.40:406][ 43]LogModuleManager: Shutting down and abandoning module AIModule (98)
[2014.09.22-15.15.40:406][ 43]LogModuleManager: Shutting down and abandoning module ProfilerService (97)
[2014.09.22-15.15.40:635][ 43]LogModuleManager: Shutting down and abandoning module TaskGraph (96)
[2014.09.22-15.15.40:635][ 43]LogModuleManager: Shutting down and abandoning module SlateRemote (95)
[2014.09.22-15.15.40:635][ 43]LogModuleManager: Shutting down and abandoning module ScriptEditorPlugin (94)
[2014.09.22-15.15.40:635][ 43]LogModuleManager: Shutting down and abandoning module CustomMeshComponent (93)
[2014.09.22-15.15.40:635][ 43]LogModuleManager: Shutting down and abandoning module CableComponent (92)
[2014.09.22-15.15.40:635][ 43]LogModuleManager: Shutting down and abandoning module MessagingDebugger (91)
[2014.09.22-15.15.40:635][ 43]LogModuleManager: Shutting down and abandoning module ViewportSnapping (90)
[2014.09.22-15.15.40:635][ 43]LogModuleManager: Shutting down and abandoning module SmartSnapping (89)
[2014.09.22-15.15.40:635][ 43]LogModuleManager: Shutting down and abandoning module PaperTiledImporter (88)
[2014.09.22-15.15.40:635][ 43]LogModuleManager: Shutting down and abandoning module PaperJsonImporter (87)
[2014.09.22-15.15.40:635][ 43]LogModuleManager: Shutting down and abandoning module GameProjectGeneration (86)
[2014.09.22-15.15.40:635][ 43]LogModuleManager: Shutting down and abandoning module Matinee (85)
[2014.09.22-15.15.40:635][ 43]LogModuleManager: Shutting down and abandoning module Kismet (84)
[2014.09.22-15.15.40:635][ 43]LogModuleManager: Shutting down and abandoning module SlateReflector (83)
[2014.09.22-15.15.40:635][ 43]LogModuleManager: Shutting down and abandoning module LevelEditor (82)
[2014.09.22-15.15.40:636][ 43]LogModuleManager: Shutting down and abandoning module IntroTutorials (81)
[2014.09.22-15.15.40:636][ 43]LogModuleManager: Shutting down and abandoning module ContentBrowser (80)
[2014.09.22-15.15.40:636][ 43]LogModuleManager: Shutting down and abandoning module PropertyEditor (79)
[2014.09.22-15.15.40:636][ 43]LogModuleManager: Shutting down and abandoning module AssetTools (78)
[2014.09.22-15.15.40:636][ 43]LogModuleManager: Shutting down and abandoning module Paper2DEditor (77)
[2014.09.22-15.15.40:636][ 43]LogModuleManager: Shutting down and abandoning module SpeedTreeImporter (76)
[2014.09.22-15.15.40:636][ 43]LogModuleManager: Shutting down and abandoning module PluginsEditor (75)
[2014.09.22-15.15.40:636][ 43]LogModuleManager: Shutting down and abandoning module MainFrame (74)
[2014.09.22-15.15.40:637][ 43]LogModuleManager: Shutting down and abandoning module EpicSurvey (73)
[2014.09.22-15.15.40:637][ 43]LogModuleManager: Shutting down and abandoning module VisualStudioSourceCodeAccess (72)
[2014.09.22-15.15.40:637][ 43]LogModuleManager: Shutting down and abandoning module UObjectPlugin (71)
[2014.09.22-15.15.40:637][ 43]LogModuleManager: Shutting down and abandoning module SubversionSourceControl (70)
[2014.09.22-15.15.40:637][ 43]LogModuleManager: Shutting down and abandoning module SourceControl (69)
[2014.09.22-15.15.40:637][ 43]LogModuleManager: Shutting down and abandoning module PerforceSourceControl (68)
[2014.09.22-15.15.40:637][ 43]LogModuleManager: Shutting down and abandoning module BlankPlugin (67)
[2014.09.22-15.15.40:637][ 43]LogModuleManager: Shutting down and abandoning module ScriptPlugin (66)
[2014.09.22-15.15.40:637][ 43]LogModuleManager: Shutting down and abandoning module UdpMessaging (65)
[2014.09.22-15.15.40:737][ 43]LogModuleManager: Shutting down and abandoning module Paper2D (64)
[2014.09.22-15.15.40:737][ 43]LogModuleManager: Shutting down and abandoning module WindowsMoviePlayer (63)
[2014.09.22-15.15.40:744][ 43]LogModuleManager: Shutting down and abandoning module ImageWrapper (62)
[2014.09.22-15.15.40:745][ 43]LogModuleManager: Shutting down and abandoning module OnlineBlueprintSupport (61)
[2014.09.22-15.15.40:745][ 43]LogModuleManager: Shutting down and abandoning module FunctionalTesting (60)
[2014.09.22-15.15.40:745][ 43]LogModuleManager: Shutting down and abandoning module CollisionAnalyzer (59)
[2014.09.22-15.15.40:745][ 43]LogModuleManager: Shutting down and abandoning module WorkspaceMenuStructure (58)
[2014.09.22-15.15.40:745][ 43]LogModuleManager: Shutting down and abandoning module MessageLog (57)
[2014.09.22-15.15.40:745][ 43]LogModuleManager: Shutting down and abandoning module UMGEditor (56)
[2014.09.22-15.15.40:745][ 43]LogModuleManager: Shutting down and abandoning module UMG (55)
[2014.09.22-15.15.40:745][ 43]LogModuleManager: Shutting down and abandoning module Slate (54)
[2014.09.22-15.15.40:745][ 43]LogModuleManager: Shutting down and abandoning module EditorStyle (53)
[2014.09.22-15.15.40:748][ 43]LogModuleManager: Shutting down and abandoning module SessionServices (52)
[2014.09.22-15.15.40:748][ 43]LogModuleManager: Shutting down and abandoning module SourceCodeAccess (51)
[2014.09.22-15.15.40:748][ 43]LogModuleManager: Shutting down and abandoning module HeadMountedDisplay (50)
[2014.09.22-15.15.40:748][ 43]LogModuleManager: Shutting down and abandoning module XAudio2 (49)
[2014.09.22-15.15.40:748][ 43]LogModuleManager: Shutting down and abandoning module Networking (47)
[2014.09.22-15.15.40:748][ 43]LogModuleManager: Shutting down and abandoning module Core (46)
[2014.09.22-15.15.40:748][ 43]LogModuleManager: Shutting down and abandoning module KismetCompiler (45)
[2014.09.22-15.15.40:748][ 43]LogModuleManager: Shutting down and abandoning module PhysXFormats (44)
[2014.09.22-15.15.40:748][ 43]LogModuleManager: Shutting down and abandoning module MeshUtilities (43)
[2014.09.22-15.15.40:748][ 43]LogModuleManager: Shutting down and abandoning module DerivedDataCache (42)
[2014.09.22-15.15.40:786][ 43]LogDerivedDataCache: Shutdown
[2014.09.22-15.15.40:786][ 43]LogModuleManager: Shutting down and abandoning module ShaderFormatOpenGL (41)
[2014.09.22-15.15.40:786][ 43]LogModuleManager: Shutting down and abandoning module ShaderFormatD3D (40)
[2014.09.22-15.15.40:786][ 43]LogModuleManager: Shutting down and abandoning module MetalShaderFormat (39)
[2014.09.22-15.15.40:786][ 43]LogModuleManager: Shutting down and abandoning module TextureFormatUncompressed (38)
[2014.09.22-15.15.40:786][ 43]LogModuleManager: Shutting down and abandoning module TextureFormatPVR (37)
[2014.09.22-15.15.40:786][ 43]LogModuleManager: Shutting down and abandoning module TextureFormatDXT (36)
[2014.09.22-15.15.40:786][ 43]LogModuleManager: Shutting down and abandoning module TextureFormatAndroid (35)
[2014.09.22-15.15.40:786][ 43]LogModuleManager: Shutting down and abandoning module AudioFormatOpus (34)
[2014.09.22-15.15.40:787][ 43]LogModuleManager: Shutting down and abandoning module AudioFormatOgg (33)
[2014.09.22-15.15.40:787][ 43]LogModuleManager: Shutting down and abandoning module AudioFormatADPCM (32)
[2014.09.22-15.15.40:787][ 43]LogModuleManager: Shutting down and abandoning module Messaging (31)
[2014.09.22-15.15.40:787][ 43]LogModuleManager: Shutting down and abandoning module IOSTargetPlatform (30)
[2014.09.22-15.15.40:787][ 43]LogModuleManager: Shutting down and abandoning module Android_PVRTCTargetPlatform (29)
[2014.09.22-15.15.40:787][ 43]LogModuleManager: Shutting down and abandoning module Android_ETC2TargetPlatform (28)
[2014.09.22-15.15.40:787][ 43]LogModuleManager: Shutting down and abandoning module Android_ETC1TargetPlatform (27)
[2014.09.22-15.15.40:787][ 43]LogModuleManager: Shutting down and abandoning module Android_DXTTargetPlatform (26)
[2014.09.22-15.15.40:787][ 43]LogModuleManager: Shutting down and abandoning module Android_ATCTargetPlatform (25)
[2014.09.22-15.15.40:787][ 43]LogModuleManager: Shutting down and abandoning module AndroidTargetPlatform (24)
[2014.09.22-15.15.40:787][ 43]LogModuleManager: Shutting down and abandoning module WindowsTargetPlatform (23)
[2014.09.22-15.15.40:787][ 43]LogModuleManager: Shutting down and abandoning module WindowsServerTargetPlatform (22)
[2014.09.22-15.15.40:787][ 43]LogModuleManager: Shutting down and abandoning module WindowsNoEditorTargetPlatform (21)
[2014.09.22-15.15.40:787][ 43]LogModuleManager: Shutting down and abandoning module WindowsClientTargetPlatform (20)
[2014.09.22-15.15.40:787][ 43]LogModuleManager: Shutting down and abandoning module TargetPlatform (19)
[2014.09.22-15.15.40:787][ 43]LogModuleManager: Shutting down and abandoning module InputCore (18)
[2014.09.22-15.15.40:787][ 43]LogModuleManager: Shutting down and abandoning module Settings (17)
[2014.09.22-15.15.40:788][ 43]LogModuleManager: Shutting down and abandoning module ExampleDeviceProfileSelector (14)
[2014.09.22-15.15.40:788][ 43]LogModuleManager: Shutting down and abandoning module OculusRift (13)
[2014.09.22-15.15.40:788][ 43]LogModuleManager: Shutting down and abandoning module TextureCompressor (12)
[2014.09.22-15.15.40:788][ 43]LogModuleManager: Shutting down and abandoning module ShaderCore (11)
[2014.09.22-15.15.40:788][ 43]LogModuleManager: Shutting down and abandoning module OpenGLDrv (10)
[2014.09.22-15.15.40:788][ 43]LogModuleManager: Shutting down and abandoning module D3D11RHI (9)
[2014.09.22-15.15.40:788][ 43]LogModuleManager: Shutting down and abandoning module SlateRHIRenderer (8)
[2014.09.22-15.15.40:788][ 43]LogModuleManager: Shutting down and abandoning module Renderer (7)
[2014.09.22-15.15.40:788][ 43]LogModuleManager: Shutting down and abandoning module Engine (6)
[2014.09.22-15.15.40:788][ 43]LogModuleManager: Shutting down and abandoning module CoreUObject (5)
[2014.09.22-15.15.40:788][ 43]LogModuleManager: Shutting down and abandoning module NetworkFile (4)
[2014.09.22-15.15.40:788][ 43]LogModuleManager: Shutting down and abandoning module StreamingFile (3)
[2014.09.22-15.15.40:788][ 43]LogModuleManager: Shutting down and abandoning module SandboxFile (2)
[2014.09.22-15.15.40:788][ 43]LogModuleManager: Shutting down and abandoning module PakFile (1)
[2014.09.22-15.15.40:790][ 43]LogExit: Exiting.
[2014.09.22-15.15.40:801][ 43]Log file closed, 09/22/14 09:15:40
