Log file open, 09/22/14 09:29:07
LogInit:Display: Running engine for game: BluePrintOne
LogInit: Version: 4.4.3-2296771+++depot+UE4-Releases+4.4
LogInit: API Version: 2255576
LogInit: Compiled (64-bit): Sep 13 2014 22:30:58
LogInit: Build Configuration: Development
LogInit: Branch Name: ++depot+UE4-Releases+4.4
LogInit: Command line: 
LogInit: Base directory: C:/Program Files/Unreal Engine/4.4/Engine/Binaries/Win64/
LogInit: Rocket: 1
[2014.09.22-15.29.07:391][  0]LogTaskGraph: Started task graph with 3 named threads and 4 total threads.
[2014.09.22-15.29.07:421][  0]LogOnline:Warning: No default platform service specified for OnlineSubsystem
[2014.09.22-15.29.07:432][  0]LogInit: Presizing for 0 objects not considered by GC, pre-allocating 0 bytes.
[2014.09.22-15.29.07:443][  0]LogInit: Object subsystem initialized
[2014.09.22-15.29.07:446][  0]LogInit: Selected Device Profile: [Windows]
[2014.09.22-15.29.07:446][  0]LogInit: Applying CVar settings loaded from the selected device profile: [Windows]
[2014.09.22-15.29.07:448][  0]LogInit: Computer: JACK-PC
[2014.09.22-15.29.07:448][  0]LogInit: User: jack
[2014.09.22-15.29.07:449][  0]LogInit: CPU Page size=4096, Cores=4
[2014.09.22-15.29.07:449][  0]LogInit: High frequency timer resolution =3.020517 MHz
[2014.09.22-15.29.07:449][  0]LogMemory: Memory total: Physical=7.9GB (8GB approx) Virtual=8192.0GB
[2014.09.22-15.29.07:449][  0]LogMemory: Platform Memory Stats for Windows
[2014.09.22-15.29.07:449][  0]LogMemory: Process Physical Memory: 61.24 MB used, 61.24 MB peak
[2014.09.22-15.29.07:449][  0]LogMemory: Process Virtual Memory: 37.28 MB used, 37.28 MB peak
[2014.09.22-15.29.07:449][  0]LogMemory: Physical Memory: 3485.92 MB used, 8124.80 MB total
[2014.09.22-15.29.07:449][  0]LogMemory: Virtual Memory: 259.38 MB used, 8388608.00 MB total
[2014.09.22-15.29.07:467][  0]LogD3D11RHI: Found D3D11 adapter 0: AMD Radeon HD 7800 Series (Feature Level 11_0)
[2014.09.22-15.29.07:467][  0]LogD3D11RHI: Adapter has 2030MB of dedicated video memory, 0MB of dedicated system memory, and 3806MB of shared system memory, 2 output[s]
[2014.09.22-15.29.07:467][  0]LogD3D11RHI: Chosen D3D11 Adapter Id = 0
[2014.09.22-15.29.07:471][  0]LogRHI: Texture pool is 1361 MB (70% of 1945 MB)
[2014.09.22-15.29.07:475][  0]LogD3D11RHI: Async texture creation disabled: no driver support
[2014.09.22-15.29.07:588][  0]LogContentStreaming: Texture pool size is 0.000000MB
[2014.09.22-15.29.08:899][  0]LogTargetPlatformManager:Display: Building Assets For Windows
[2014.09.22-15.29.09:219][  0]LogTargetPlatformManager:Display: Building Assets For Windows
[2014.09.22-15.29.09:249][  0]LogDerivedDataCache:Display: Max Cache Size: 512 MB
[2014.09.22-15.29.09:302][  0]LogDerivedDataCache: Loaded boot cache 0.05s 39MB C:/Users/jack/AppData/Local/UnrealEngine/4.4/DerivedDataCache/Boot.ddc.
[2014.09.22-15.29.09:302][  0]LogDerivedDataCache:Display: Loaded Boot cache: C:/Users/jack/AppData/Local/UnrealEngine/4.4/DerivedDataCache/Boot.ddc
[2014.09.22-15.29.09:302][  0]LogDerivedDataCache: FDerivedDataBackendGraph:  Pak pak cache file ../../../../../../Users/jack/Documents/Unreal Projects/BluePrintOne/DerivedDataCache/DDC.ddp not found, will not use a pak cache.
[2014.09.22-15.29.09:302][  0]LogDerivedDataCache: Unable to find inner node Pak for hierarchical cache Hierarchy.
[2014.09.22-15.29.09:319][  0]LogDerivedDataCache:Display: Pak cache opened for reading ../../../Engine/DerivedDataCache/DDC.ddp.
[2014.09.22-15.29.09:330][  0]LogDerivedDataCache: Using Local data cache path C:/Users/jack/AppData/Local/UnrealEngine/4.4/DerivedDataCache: Writable
[2014.09.22-15.29.09:462][  0]LogMeshUtilities: No automatic mesh reduction module available
[2014.09.22-15.29.09:462][  0]LogMeshUtilities: No automatic mesh merging module available
[2014.09.22-15.29.09:754][  0]LogInit: WinSock: version 1.1 (2.2), MaxSocks=32767, MaxUdp=65467
[2014.09.22-15.29.10:332][  0]LogStats:Warning: MetaData mismatch. Did you assign a stat to two groups? New //STATGROUP_Threads//FMonitoredProcess///Thread_d9c_0///////STATCAT_Advanced//// old //STATGROUP_Threads//FMonitoredProcess///Thread_2394_0///////STATCAT_Advanced////
[2014.09.22-15.29.10:332][  0]UdpMessaging: Initializing bridge on interface 0.0.0.0:0 to multicast group 230.0.0.1:6666.
[2014.09.22-15.29.10:433][  0]SourceControl: Info Source control is disabled
[2014.09.22-15.29.10:433][  0]SourceControl: Info Source control is disabled
[2014.09.22-15.29.10:437][  0]SourceControl: Info Source control is disabled
[2014.09.22-15.29.10:559][  0]BlueprintLog: New page: Editor Load
[2014.09.22-15.29.10:621][  0]LogObj: 21438 objects as part of root set at end of initial load.
[2014.09.22-15.29.10:621][  0]LogUObjectAllocator: 4218656 out of 0 bytes used by permanent object pool.
[2014.09.22-15.29.10:766][  0]LogEngine: Initializing Engine...
[2014.09.22-15.29.10:855][  0]LogInit: XAudio2 using 'Speakers (Realtek High Definition Audio)' : 2 channels at 48 kHz using 32 bits per sample (channel mask 0x3)
[2014.09.22-15.29.10:887][  0]LogInit: FAudioDevice initialized.
[2014.09.22-15.29.10:898][  0]LogAIModule: Creating AISystem for world NewWorld
[2014.09.22-15.29.10:926][  0]LogDerivedDataCache: Saved boot cache 0.03s 39MB C:/Users/jack/AppData/Local/UnrealEngine/4.4/DerivedDataCache/Boot.ddc.
[2014.09.22-15.29.10:935][  0]LogInit: Texture streaming: Enabled
[2014.09.22-15.29.10:955][  0]LogInit: Transaction tracking system initialized
[2014.09.22-15.29.11:029][  0]LogAssetRegistry: FAssetRegistry took 0.0097 seconds to start up
[2014.09.22-15.29.11:374][  0]LogTargetPlatformManager:Display: Building Assets For Windows
[2014.09.22-15.29.11:633][  0]LogTargetPlatformManager:Display: Building Assets For Windows
[2014.09.22-15.29.11:716][  0]LogConsoleResponse:Display: 
[2014.09.22-15.29.11:830][  0]LogStats:Warning: MetaData mismatch. Did you assign a stat to two groups? New //STATGROUP_Threads//FMonitoredProcess///Thread_19e4_0///////STATCAT_Advanced//// old //STATGROUP_Threads//FMonitoredProcess///Thread_2394_0///////STATCAT_Advanced////
[2014.09.22-15.29.11:830][  0]LogStats:Warning: MetaData mismatch. Did you assign a stat to two groups? New //STATGROUP_Threads//FMonitoredProcess///Thread_1d3c_0///////STATCAT_Advanced//// old //STATGROUP_Threads//FMonitoredProcess///Thread_2394_0///////STATCAT_Advanced////
[2014.09.22-15.29.11:830][  0]SourceControl: Info Source control is disabled
[2014.09.22-15.29.11:830][  0]Cmd: MAP LOAD FILE="../../../../../../Users/jack/Documents/Unreal Projects/BluePrintOne/Content/Maps/Minimal_Default.umap" TEMPLATE=0 SHOWPROGRESS=1
[2014.09.22-15.29.11:830][  0]LightingResults: New page: Lighting Build
[2014.09.22-15.29.11:835][  0]MapCheck: New page: Map Check
[2014.09.22-15.29.11:835][  0]LightingResults: New page: Lighting Build
[2014.09.22-15.29.11:848][  0]LogParticles: Destroying 0 GPU particle simulations for FXSystem 0x0000000012C39300
[2014.09.22-15.29.12:070][  0]LogEditorServer: Finished looking for orphan Actors (0.000 secs)
[2014.09.22-15.29.12:070][  0]LogAIModule: Creating AISystem for world Minimal_Default
[2014.09.22-15.29.12:070][  0]Cmd: MAP CHECKDEP
[2014.09.22-15.29.12:071][  0]MapCheck: New page: Minimal_Default - Sep 22, 2014, 3:29:12 AM
[2014.09.22-15.29.12:114][  0]MapCheck: Info ========== Map Check: 0 Error(s), 0 Warning(s), [43.096ms] ==========
[2014.09.22-15.29.12:114][  0]LogFileHelpers: Loading map 'Minimal_Default' took 0.284
[2014.09.22-15.29.12:234][  0]LogCollectionManager: Loaded 0 collections in 0.000778 seconds
[2014.09.22-15.29.12:304][  0]LogCrashTracker: Crashtracker disabled due to settings.
[2014.09.22-15.29.12:354][  0]LogLoad: Full Startup: 6.53 seconds (BP compile: 0.06 seconds)
[2014.09.22-15.29.12:365][  0]LogContentBrowser:Verbose: The content browser source was changed by the sources view to '/Game/Blueprints'
[2014.09.22-15.29.12:473][  0]LogRenderer:Warning: Reallocating scene render targets to support 1192x936.
[2014.09.22-15.29.12:777][  1]LogAssetRegistry: Asset discovery search completed in 1.7578 seconds
[2014.09.22-15.29.17:293][301]Cmd: MAP LOAD FILE="../../../../../../Users/jack/Documents/Unreal Projects/BluePrintOne/Content/Maps/StarterMap.umap" TEMPLATE=0 SHOWPROGRESS=1
[2014.09.22-15.29.17:293][301]LightingResults: New page: Lighting Build
[2014.09.22-15.29.17:312][301]LoadErrors: New page: Loading map: StarterMap.umap
[2014.09.22-15.29.17:312][301]MapCheck: New page: Map Check
[2014.09.22-15.29.17:312][301]LightingResults: New page: Lighting Build
[2014.09.22-15.29.17:327][301]LogParticles: Destroying 0 GPU particle simulations for FXSystem 0x00000000129F5C60
[2014.09.22-15.29.17:338][301]LogLinker:Warning: Asset '../../../../../../Users/jack/Documents/Unreal Projects/BluePrintOne/Content/Props/SM_Lamp_Ceiling.uasset' has been saved with empty engine version. The asset will be loaded but may be incompatible.
[2014.09.22-15.29.17:351][301]LogLinker:Warning: Asset '../../../../../../Users/jack/Documents/Unreal Projects/BluePrintOne/Content/Blueprints/Blueprint_Effect_Fire.uasset' has been saved with empty engine version. The asset will be loaded but may be incompatible.
[2014.09.22-15.29.17:370][301]LogLinker:Warning: Asset '../../../../../../Users/jack/Documents/Unreal Projects/BluePrintOne/Content/Blueprints/Blueprint_Effect_Smoke.uasset' has been saved with empty engine version. The asset will be loaded but may be incompatible.
[2014.09.22-15.29.17:379][301]LogLinker:Warning: Asset '../../../../../../Users/jack/Documents/Unreal Projects/BluePrintOne/Content/Blueprints/Blueprint_Effect_Sparks.uasset' has been saved with empty engine version. The asset will be loaded but may be incompatible.
[2014.09.22-15.29.17:389][301]LogLinker:Warning: Asset '../../../../../../Users/jack/Documents/Unreal Projects/BluePrintOne/Content/Blueprints/Blueprint_Effect_Steam.uasset' has been saved with empty engine version. The asset will be loaded but may be incompatible.
[2014.09.22-15.29.17:554][301]LogLinker:Warning: Asset '../../../../../../Users/jack/Documents/Unreal Projects/BluePrintOne/Content/Props/MaterialSphere.uasset' has been saved with empty engine version. The asset will be loaded but may be incompatible.
[2014.09.22-15.29.17:834][301]LogEditorServer: Finished looking for orphan Actors (0.000 secs)
[2014.09.22-15.29.17:834][301]LogAIModule: Creating AISystem for world StarterMap
[2014.09.22-15.29.17:842][301]Cmd: MAP CHECKDEP
[2014.09.22-15.29.17:842][301]MapCheck: New page: StarterMap - Sep 22, 2014, 3:29:17 AM
[2014.09.22-15.29.17:918][301]MapCheck: Info ========== Map Check: 0 Error(s), 0 Warning(s), [75.228ms] ==========
[2014.09.22-15.29.17:918][301]LogFileHelpers: Loading map 'StarterMap' took 0.625
[2014.09.22-15.29.20:213][420]BlueprintLog: New page: Pre-PIE auto-recompile
[2014.09.22-15.29.20:213][420]LogPlayLevel: [PIE] Compiling StarterMap before PIE...
[2014.09.22-15.29.20:447][420]LogPlayLevel: PIE:  Blueprint regeneration took 234 ms (1 blueprints)
[2014.09.22-15.29.20:448][420]PIE: New page: SIE session: StarterMap (Sep 22, 2014, 3:29:20 AM)
[2014.09.22-15.29.20:478][420]LogPlayLevel: PIE: StaticDuplicateObject took: (0.030137s)
[2014.09.22-15.29.20:479][420]LogPlayLevel: PIE: World Init took: (0.001095s)
[2014.09.22-15.29.20:479][420]LogPlayLevel: PIE: Created PIE world by copying editor world from /Game/Maps/StarterMap.StarterMap to /Game/Maps/UEDPIE_0_StarterMap.StarterMap (0.031622s)
[2014.09.22-15.29.20:517][420]LogWorld: Game class is 'GameMode'
[2014.09.22-15.29.20:518][420]LogAIModule: Creating AISystem for world StarterMap
[2014.09.22-15.29.20:529][420]LogWorld: Bringing World /Game/Maps/UEDPIE_0_StarterMap.StarterMap up for play (max tick rate 0) at 2014.09.22-09.29.20
[2014.09.22-15.29.20:531][420]LogWorld: Bringing up level for play took: 0.012317
[2014.09.22-15.29.20:532][420]PIE: Info Play in editor start time for /Game/Maps/UEDPIE_0_StarterMap 0.87
[2014.09.22-15.29.20:661][421]LogRenderer:Warning: Reallocating scene render targets to support 1192x944.
[2014.09.22-15.29.31:175][ 50]LogParticles: Destroying 0 GPU particle simulations for FXSystem 0x000000001E91B7E0
[2014.09.22-15.29.38:080][363]Cmd: OBJ SAVEPACKAGE PACKAGE="/Game/Maps/StarterMap" FILE="../../../../../../Users/jack/Documents/Unreal Projects/BluePrintOne/Content/Maps/StarterMap.umap" SILENT=true AUTOSAVING=false KEEPDIRTY=false
[2014.09.22-15.29.38:578][363]LogSavePackage: Save=477.138519ms
[2014.09.22-15.29.38:578][363]LogSavePackage: Moving '../../../../../../Users/jack/Documents/Unreal Projects/BluePrintOne/Saved/StarterMap306BD6D640FCDA5B6F12A3A237EC7534.tmp' to '../../../../../../Users/jack/Documents/Unreal Projects/BluePrintOne/Content/Maps/StarterMap.umap'
[2014.09.22-15.29.38:591][363]LogFileHelpers: Saving map 'StarterMap' took 0.583
[2014.09.22-15.29.38:923][364]Cmd: QUIT_EDITOR
[2014.09.22-15.29.39:072][364]LogWindowsTextInputMethodSystem:Error: Terminating failed while unadvising the language notification sink from the TSF source.
[2014.09.22-15.29.39:073][364]LogExit: Preparing to exit.
[2014.09.22-15.29.39:460][364]LogExit: Editor shut down
[2014.09.22-15.29.39:460][364]LogExit: Transaction tracking system shut down
[2014.09.22-15.29.39:461][364]LogParticles: Destroying 0 GPU particle simulations for FXSystem 0x00000000200DD9E0
[2014.09.22-15.29.39:498][364]LogParticles: Destroying 0 GPU particle simulations for FXSystem 0x00000000200DC4A0
[2014.09.22-15.29.39:498][364]LogExit: Object subsystem successfully closed.
[2014.09.22-15.29.39:525][364]LogModuleManager: Shutting down and abandoning module AndroidDeviceDetection (161)
[2014.09.22-15.29.39:525][364]LogModuleManager: Shutting down and abandoning module HTTP (160)
[2014.09.22-15.29.39:525][364]LogModuleManager: Shutting down and abandoning module CrashTracker (159)
[2014.09.22-15.29.39:525][364]LogModuleManager: Shutting down and abandoning module SuperSearch (158)
[2014.09.22-15.29.39:525][364]LogModuleManager: Shutting down and abandoning module SceneOutliner (157)
[2014.09.22-15.29.39:525][364]LogModuleManager: Shutting down and abandoning module EditorWidgets (156)
[2014.09.22-15.29.39:525][364]LogModuleManager: Shutting down and abandoning module CollectionManager (155)
[2014.09.22-15.29.39:525][364]LogModuleManager: Shutting down and abandoning module StatsViewer (154)
[2014.09.22-15.29.39:525][364]LogModuleManager: Shutting down and abandoning module FoliageEdit (153)
[2014.09.22-15.29.39:525][364]LogModuleManager: Shutting down and abandoning module LandscapeEditor (152)
[2014.09.22-15.29.39:525][364]LogModuleManager: Shutting down and abandoning module MeshPaint (151)
[2014.09.22-15.29.39:525][364]LogModuleManager: Shutting down and abandoning module ActorPickerMode (150)
[2014.09.22-15.29.39:525][364]LogModuleManager: Shutting down and abandoning module GeometryMode (149)
[2014.09.22-15.29.39:525][364]LogModuleManager: Shutting down and abandoning module TextureAlignMode (148)
[2014.09.22-15.29.39:525][364]LogModuleManager: Shutting down and abandoning module BspMode (147)
[2014.09.22-15.29.39:525][364]LogModuleManager: Shutting down and abandoning module PlacementMode (146)
[2014.09.22-15.29.39:525][364]LogModuleManager: Shutting down and abandoning module DesktopPlatform (145)
[2014.09.22-15.29.39:525][364]LogModuleManager: Shutting down and abandoning module AutomationWorker (144)
[2014.09.22-15.29.39:526][364]LogModuleManager: Shutting down and abandoning module EditorLiveStreaming (143)
[2014.09.22-15.29.39:526][364]LogModuleManager: Shutting down and abandoning module BehaviorTreeEditor (142)
[2014.09.22-15.29.39:526][364]LogModuleManager: Shutting down and abandoning module DeviceProfileEditor (141)
[2014.09.22-15.29.39:526][364]LogModuleManager: Shutting down and abandoning module UndoHistory (140)
[2014.09.22-15.29.39:526][364]LogModuleManager: Shutting down and abandoning module GameplayTagsEditor (139)
[2014.09.22-15.29.39:526][364]LogModuleManager: Shutting down and abandoning module UserFeedback (138)
[2014.09.22-15.29.39:526][364]LogModuleManager: Shutting down and abandoning module XmlParser (137)
[2014.09.22-15.29.39:526][364]LogModuleManager: Shutting down and abandoning module Blutility (136)
[2014.09.22-15.29.39:526][364]LogModuleManager: Shutting down and abandoning module IOSPlatformEditor (135)
[2014.09.22-15.29.39:526][364]LogModuleManager: Shutting down and abandoning module IOSRuntimeSettings (134)
[2014.09.22-15.29.39:526][364]LogModuleManager: Shutting down and abandoning module AndroidPlatformEditor (133)
[2014.09.22-15.29.39:526][364]LogModuleManager: Shutting down and abandoning module AndroidRuntimeSettings (132)
[2014.09.22-15.29.39:526][364]LogModuleManager: Shutting down and abandoning module ProjectTargetPlatformEditor (131)
[2014.09.22-15.29.39:526][364]LogModuleManager: Shutting down and abandoning module ProjectSettingsViewer (130)
[2014.09.22-15.29.39:526][364]LogModuleManager: Shutting down and abandoning module InputBindingEditor (129)
[2014.09.22-15.29.39:526][364]LogModuleManager: Shutting down and abandoning module EditorSettingsViewer (128)
[2014.09.22-15.29.39:526][364]LogModuleManager: Shutting down and abandoning module SettingsEditor (127)
[2014.09.22-15.29.39:526][364]LogModuleManager: Shutting down and abandoning module SessionLauncher (126)
[2014.09.22-15.29.39:526][364]LogModuleManager: Shutting down and abandoning module SessionFrontend (125)
[2014.09.22-15.29.39:526][364]LogModuleManager: Shutting down and abandoning module ProfilerClient (124)
[2014.09.22-15.29.39:526][364]LogModuleManager: Shutting down and abandoning module TargetDeviceServices (123)
[2014.09.22-15.29.39:526][364]LogModuleManager: Shutting down and abandoning module DeviceManager (122)
[2014.09.22-15.29.39:526][364]LogModuleManager: Shutting down and abandoning module AutomationController (121)
[2014.09.22-15.29.39:526][364]LogModuleManager: Shutting down and abandoning module AutomationWindow (120)
[2014.09.22-15.29.39:526][364]LogModuleManager: Shutting down and abandoning module Layers (119)
[2014.09.22-15.29.39:526][364]LogModuleManager: Shutting down and abandoning module ComponentVisualizers (118)
[2014.09.22-15.29.39:526][364]LogModuleManager: Shutting down and abandoning module DetailCustomizations (117)
[2014.09.22-15.29.39:526][364]LogModuleManager: Shutting down and abandoning module PackagesDialog (116)
[2014.09.22-15.29.39:526][364]LogModuleManager: Shutting down and abandoning module DirectoryWatcher (115)
[2014.09.22-15.29.39:527][364]LogModuleManager: Shutting down and abandoning module AssetRegistry (114)
[2014.09.22-15.29.39:637][364]LogModuleManager: Shutting down and abandoning module Persona (113)
[2014.09.22-15.29.39:638][364]LogModuleManager: Shutting down and abandoning module GraphEditor (112)
[2014.09.22-15.29.39:638][364]LogModuleManager: Shutting down and abandoning module ClassViewer (111)
[2014.09.22-15.29.39:638][364]LogModuleManager: Shutting down and abandoning module Toolbox (110)
[2014.09.22-15.29.39:638][364]LogModuleManager: Shutting down and abandoning module ModuleUI (109)
[2014.09.22-15.29.39:638][364]LogModuleManager: Shutting down and abandoning module Sequencer (108)
[2014.09.22-15.29.39:638][364]LogModuleManager: Shutting down and abandoning module MovieSceneTools (107)
[2014.09.22-15.29.39:638][364]LogModuleManager: Shutting down and abandoning module OutputLog (106)
[2014.09.22-15.29.39:638][364]LogModuleManager: Shutting down and abandoning module GammaUI (105)
[2014.09.22-15.29.39:638][364]LogModuleManager: Shutting down and abandoning module Documentation (104)
[2014.09.22-15.29.39:638][364]LogModuleManager: Shutting down and abandoning module GameLiveStreaming (103)
[2014.09.22-15.29.39:638][364]LogModuleManager: Shutting down and abandoning module StreamingPauseRendering (102)
[2014.09.22-15.29.39:638][364]LogModuleManager: Shutting down and abandoning module AnalyticsET (101)
[2014.09.22-15.29.39:638][364]LogModuleManager: Shutting down and abandoning module Analytics (100)
[2014.09.22-15.29.39:638][364]LogModuleManager: Shutting down and abandoning module GameplayDebugger (99)
[2014.09.22-15.29.39:638][364]LogModuleManager: Shutting down and abandoning module AIModule (98)
[2014.09.22-15.29.39:638][364]LogModuleManager: Shutting down and abandoning module ProfilerService (97)
[2014.09.22-15.29.39:662][364]LogModuleManager: Shutting down and abandoning module TaskGraph (96)
[2014.09.22-15.29.39:662][364]LogModuleManager: Shutting down and abandoning module SlateRemote (95)
[2014.09.22-15.29.39:662][364]LogModuleManager: Shutting down and abandoning module ScriptEditorPlugin (94)
[2014.09.22-15.29.39:662][364]LogModuleManager: Shutting down and abandoning module CustomMeshComponent (93)
[2014.09.22-15.29.39:662][364]LogModuleManager: Shutting down and abandoning module CableComponent (92)
[2014.09.22-15.29.39:662][364]LogModuleManager: Shutting down and abandoning module MessagingDebugger (91)
[2014.09.22-15.29.39:662][364]LogModuleManager: Shutting down and abandoning module ViewportSnapping (90)
[2014.09.22-15.29.39:662][364]LogModuleManager: Shutting down and abandoning module SmartSnapping (89)
[2014.09.22-15.29.39:662][364]LogModuleManager: Shutting down and abandoning module PaperTiledImporter (88)
[2014.09.22-15.29.39:662][364]LogModuleManager: Shutting down and abandoning module PaperJsonImporter (87)
[2014.09.22-15.29.39:662][364]LogModuleManager: Shutting down and abandoning module GameProjectGeneration (86)
[2014.09.22-15.29.39:662][364]LogModuleManager: Shutting down and abandoning module Matinee (85)
[2014.09.22-15.29.39:662][364]LogModuleManager: Shutting down and abandoning module Kismet (84)
[2014.09.22-15.29.39:662][364]LogModuleManager: Shutting down and abandoning module SlateReflector (83)
[2014.09.22-15.29.39:662][364]LogModuleManager: Shutting down and abandoning module LevelEditor (82)
[2014.09.22-15.29.39:663][364]LogModuleManager: Shutting down and abandoning module IntroTutorials (81)
[2014.09.22-15.29.39:663][364]LogModuleManager: Shutting down and abandoning module ContentBrowser (80)
[2014.09.22-15.29.39:663][364]LogModuleManager: Shutting down and abandoning module PropertyEditor (79)
[2014.09.22-15.29.39:663][364]LogModuleManager: Shutting down and abandoning module AssetTools (78)
[2014.09.22-15.29.39:663][364]LogModuleManager: Shutting down and abandoning module Paper2DEditor (77)
[2014.09.22-15.29.39:663][364]LogModuleManager: Shutting down and abandoning module SpeedTreeImporter (76)
[2014.09.22-15.29.39:663][364]LogModuleManager: Shutting down and abandoning module PluginsEditor (75)
[2014.09.22-15.29.39:663][364]LogModuleManager: Shutting down and abandoning module MainFrame (74)
[2014.09.22-15.29.39:663][364]LogModuleManager: Shutting down and abandoning module EpicSurvey (73)
[2014.09.22-15.29.39:663][364]LogModuleManager: Shutting down and abandoning module VisualStudioSourceCodeAccess (72)
[2014.09.22-15.29.39:663][364]LogModuleManager: Shutting down and abandoning module UObjectPlugin (71)
[2014.09.22-15.29.39:663][364]LogModuleManager: Shutting down and abandoning module SubversionSourceControl (70)
[2014.09.22-15.29.39:663][364]LogModuleManager: Shutting down and abandoning module SourceControl (69)
[2014.09.22-15.29.39:663][364]LogModuleManager: Shutting down and abandoning module PerforceSourceControl (68)
[2014.09.22-15.29.39:663][364]LogModuleManager: Shutting down and abandoning module BlankPlugin (67)
[2014.09.22-15.29.39:663][364]LogModuleManager: Shutting down and abandoning module ScriptPlugin (66)
[2014.09.22-15.29.39:663][364]LogModuleManager: Shutting down and abandoning module UdpMessaging (65)
[2014.09.22-15.29.39:763][364]LogModuleManager: Shutting down and abandoning module Paper2D (64)
[2014.09.22-15.29.39:763][364]LogModuleManager: Shutting down and abandoning module WindowsMoviePlayer (63)
[2014.09.22-15.29.39:770][364]LogModuleManager: Shutting down and abandoning module ImageWrapper (62)
[2014.09.22-15.29.39:770][364]LogModuleManager: Shutting down and abandoning module OnlineBlueprintSupport (61)
[2014.09.22-15.29.39:770][364]LogModuleManager: Shutting down and abandoning module FunctionalTesting (60)
[2014.09.22-15.29.39:770][364]LogModuleManager: Shutting down and abandoning module CollisionAnalyzer (59)
[2014.09.22-15.29.39:770][364]LogModuleManager: Shutting down and abandoning module WorkspaceMenuStructure (58)
[2014.09.22-15.29.39:770][364]LogModuleManager: Shutting down and abandoning module MessageLog (57)
[2014.09.22-15.29.39:770][364]LogModuleManager: Shutting down and abandoning module UMGEditor (56)
[2014.09.22-15.29.39:770][364]LogModuleManager: Shutting down and abandoning module UMG (55)
[2014.09.22-15.29.39:770][364]LogModuleManager: Shutting down and abandoning module Slate (54)
[2014.09.22-15.29.39:770][364]LogModuleManager: Shutting down and abandoning module EditorStyle (53)
[2014.09.22-15.29.39:773][364]LogModuleManager: Shutting down and abandoning module SessionServices (52)
[2014.09.22-15.29.39:773][364]LogModuleManager: Shutting down and abandoning module SourceCodeAccess (51)
[2014.09.22-15.29.39:773][364]LogModuleManager: Shutting down and abandoning module HeadMountedDisplay (50)
[2014.09.22-15.29.39:773][364]LogModuleManager: Shutting down and abandoning module XAudio2 (49)
[2014.09.22-15.29.39:773][364]LogModuleManager: Shutting down and abandoning module Networking (47)
[2014.09.22-15.29.39:773][364]LogModuleManager: Shutting down and abandoning module Core (46)
[2014.09.22-15.29.39:773][364]LogModuleManager: Shutting down and abandoning module KismetCompiler (45)
[2014.09.22-15.29.39:773][364]LogModuleManager: Shutting down and abandoning module PhysXFormats (44)
[2014.09.22-15.29.39:773][364]LogModuleManager: Shutting down and abandoning module MeshUtilities (43)
[2014.09.22-15.29.39:773][364]LogModuleManager: Shutting down and abandoning module DerivedDataCache (42)
[2014.09.22-15.29.39:829][364]LogDerivedDataCache: Shutdown
[2014.09.22-15.29.39:829][364]LogModuleManager: Shutting down and abandoning module ShaderFormatOpenGL (41)
[2014.09.22-15.29.39:829][364]LogModuleManager: Shutting down and abandoning module ShaderFormatD3D (40)
[2014.09.22-15.29.39:829][364]LogModuleManager: Shutting down and abandoning module MetalShaderFormat (39)
[2014.09.22-15.29.39:829][364]LogModuleManager: Shutting down and abandoning module TextureFormatUncompressed (38)
[2014.09.22-15.29.39:829][364]LogModuleManager: Shutting down and abandoning module TextureFormatPVR (37)
[2014.09.22-15.29.39:829][364]LogModuleManager: Shutting down and abandoning module TextureFormatDXT (36)
[2014.09.22-15.29.39:829][364]LogModuleManager: Shutting down and abandoning module TextureFormatAndroid (35)
[2014.09.22-15.29.39:829][364]LogModuleManager: Shutting down and abandoning module AudioFormatOpus (34)
[2014.09.22-15.29.39:829][364]LogModuleManager: Shutting down and abandoning module AudioFormatOgg (33)
[2014.09.22-15.29.39:829][364]LogModuleManager: Shutting down and abandoning module AudioFormatADPCM (32)
[2014.09.22-15.29.39:829][364]LogModuleManager: Shutting down and abandoning module Messaging (31)
[2014.09.22-15.29.39:829][364]LogModuleManager: Shutting down and abandoning module IOSTargetPlatform (30)
[2014.09.22-15.29.39:829][364]LogModuleManager: Shutting down and abandoning module Android_PVRTCTargetPlatform (29)
[2014.09.22-15.29.39:829][364]LogModuleManager: Shutting down and abandoning module Android_ETC2TargetPlatform (28)
[2014.09.22-15.29.39:829][364]LogModuleManager: Shutting down and abandoning module Android_ETC1TargetPlatform (27)
[2014.09.22-15.29.39:829][364]LogModuleManager: Shutting down and abandoning module Android_DXTTargetPlatform (26)
[2014.09.22-15.29.39:829][364]LogModuleManager: Shutting down and abandoning module Android_ATCTargetPlatform (25)
[2014.09.22-15.29.39:829][364]LogModuleManager: Shutting down and abandoning module AndroidTargetPlatform (24)
[2014.09.22-15.29.39:829][364]LogModuleManager: Shutting down and abandoning module WindowsTargetPlatform (23)
[2014.09.22-15.29.39:829][364]LogModuleManager: Shutting down and abandoning module WindowsServerTargetPlatform (22)
[2014.09.22-15.29.39:829][364]LogModuleManager: Shutting down and abandoning module WindowsNoEditorTargetPlatform (21)
[2014.09.22-15.29.39:829][364]LogModuleManager: Shutting down and abandoning module WindowsClientTargetPlatform (20)
[2014.09.22-15.29.39:830][364]LogModuleManager: Shutting down and abandoning module TargetPlatform (19)
[2014.09.22-15.29.39:830][364]LogModuleManager: Shutting down and abandoning module InputCore (18)
[2014.09.22-15.29.39:830][364]LogModuleManager: Shutting down and abandoning module Settings (17)
[2014.09.22-15.29.39:830][364]LogModuleManager: Shutting down and abandoning module ExampleDeviceProfileSelector (14)
[2014.09.22-15.29.39:830][364]LogModuleManager: Shutting down and abandoning module OculusRift (13)
[2014.09.22-15.29.39:830][364]LogModuleManager: Shutting down and abandoning module TextureCompressor (12)
[2014.09.22-15.29.39:830][364]LogModuleManager: Shutting down and abandoning module ShaderCore (11)
[2014.09.22-15.29.39:830][364]LogModuleManager: Shutting down and abandoning module OpenGLDrv (10)
[2014.09.22-15.29.39:830][364]LogModuleManager: Shutting down and abandoning module D3D11RHI (9)
[2014.09.22-15.29.39:830][364]LogModuleManager: Shutting down and abandoning module SlateRHIRenderer (8)
[2014.09.22-15.29.39:830][364]LogModuleManager: Shutting down and abandoning module Renderer (7)
[2014.09.22-15.29.39:830][364]LogModuleManager: Shutting down and abandoning module Engine (6)
[2014.09.22-15.29.39:830][364]LogModuleManager: Shutting down and abandoning module CoreUObject (5)
[2014.09.22-15.29.39:830][364]LogModuleManager: Shutting down and abandoning module NetworkFile (4)
[2014.09.22-15.29.39:830][364]LogModuleManager: Shutting down and abandoning module StreamingFile (3)
[2014.09.22-15.29.39:830][364]LogModuleManager: Shutting down and abandoning module SandboxFile (2)
[2014.09.22-15.29.39:830][364]LogModuleManager: Shutting down and abandoning module PakFile (1)
[2014.09.22-15.29.39:830][364]LogExit: Exiting.
[2014.09.22-15.29.39:834][364]Log file closed, 09/22/14 09:29:39
